[2024-05-20 15:48:05,862] {processor.py:153} INFO - Started process (PID=4400) to work on /opt/airflow/dags/5.1-orchestration.py
[2024-05-20 15:48:05,863] {processor.py:641} INFO - Processing file /opt/airflow/dags/5.1-orchestration.py for tasks to queue
[2024-05-20 15:48:05,863] {logging_mixin.py:115} INFO - [2024-05-20 15:48:05,863] {dagbag.py:508} INFO - Filling up the DagBag from /opt/airflow/dags/5.1-orchestration.py
[2024-05-20 15:48:05,878] {processor.py:651} INFO - DAG(s) dict_keys(['5.1-orchestration']) retrieved from /opt/airflow/dags/5.1-orchestration.py
[2024-05-20 15:48:05,931] {logging_mixin.py:115} INFO - [2024-05-20 15:48:05,931] {manager.py:508} INFO - Created Permission View: can edit on DAG:5.1-orchestration
[2024-05-20 15:48:05,938] {logging_mixin.py:115} INFO - [2024-05-20 15:48:05,938] {manager.py:508} INFO - Created Permission View: can delete on DAG:5.1-orchestration
[2024-05-20 15:48:05,942] {logging_mixin.py:115} INFO - [2024-05-20 15:48:05,942] {manager.py:508} INFO - Created Permission View: can read on DAG:5.1-orchestration
[2024-05-20 15:48:05,942] {logging_mixin.py:115} INFO - [2024-05-20 15:48:05,942] {dag.py:2420} INFO - Sync 1 DAGs
[2024-05-20 15:48:05,949] {logging_mixin.py:115} INFO - [2024-05-20 15:48:05,948] {dag.py:2439} INFO - Creating ORM DAG for 5.1-orchestration
[2024-05-20 15:48:05,957] {logging_mixin.py:115} INFO - [2024-05-20 15:48:05,957] {dag.py:2972} INFO - Setting next_dagrun for 5.1-orchestration to 2024-04-20T00:00:00+00:00, run_after=2024-04-21T00:00:00+00:00
[2024-05-20 15:48:05,966] {processor.py:161} INFO - Processing /opt/airflow/dags/5.1-orchestration.py took 0.106 seconds
[2024-05-20 15:48:36,117] {processor.py:153} INFO - Started process (PID=4424) to work on /opt/airflow/dags/5.1-orchestration.py
[2024-05-20 15:48:36,118] {processor.py:641} INFO - Processing file /opt/airflow/dags/5.1-orchestration.py for tasks to queue
[2024-05-20 15:48:36,119] {logging_mixin.py:115} INFO - [2024-05-20 15:48:36,119] {dagbag.py:508} INFO - Filling up the DagBag from /opt/airflow/dags/5.1-orchestration.py
[2024-05-20 15:48:36,125] {processor.py:651} INFO - DAG(s) dict_keys(['5.1-orchestration']) retrieved from /opt/airflow/dags/5.1-orchestration.py
[2024-05-20 15:48:36,140] {logging_mixin.py:115} INFO - [2024-05-20 15:48:36,140] {dag.py:2420} INFO - Sync 1 DAGs
[2024-05-20 15:48:36,155] {logging_mixin.py:115} INFO - [2024-05-20 15:48:36,155] {dag.py:2972} INFO - Setting next_dagrun for 5.1-orchestration to 2024-04-20T00:00:00+00:00, run_after=2024-04-21T00:00:00+00:00
[2024-05-20 15:48:36,162] {processor.py:161} INFO - Processing /opt/airflow/dags/5.1-orchestration.py took 0.047 seconds
[2024-05-20 15:49:06,421] {processor.py:153} INFO - Started process (PID=4457) to work on /opt/airflow/dags/5.1-orchestration.py
[2024-05-20 15:49:06,424] {processor.py:641} INFO - Processing file /opt/airflow/dags/5.1-orchestration.py for tasks to queue
[2024-05-20 15:49:06,424] {logging_mixin.py:115} INFO - [2024-05-20 15:49:06,424] {dagbag.py:508} INFO - Filling up the DagBag from /opt/airflow/dags/5.1-orchestration.py
[2024-05-20 15:49:06,430] {processor.py:651} INFO - DAG(s) dict_keys(['5.1-orchestration']) retrieved from /opt/airflow/dags/5.1-orchestration.py
[2024-05-20 15:49:06,446] {logging_mixin.py:115} INFO - [2024-05-20 15:49:06,445] {dag.py:2420} INFO - Sync 1 DAGs
[2024-05-20 15:49:06,460] {logging_mixin.py:115} INFO - [2024-05-20 15:49:06,460] {dag.py:2972} INFO - Setting next_dagrun for 5.1-orchestration to 2024-04-20T00:00:00+00:00, run_after=2024-04-21T00:00:00+00:00
[2024-05-20 15:49:06,472] {processor.py:161} INFO - Processing /opt/airflow/dags/5.1-orchestration.py took 0.052 seconds
[2024-05-20 15:49:36,556] {processor.py:153} INFO - Started process (PID=4548) to work on /opt/airflow/dags/5.1-orchestration.py
[2024-05-20 15:49:36,557] {processor.py:641} INFO - Processing file /opt/airflow/dags/5.1-orchestration.py for tasks to queue
[2024-05-20 15:49:36,557] {logging_mixin.py:115} INFO - [2024-05-20 15:49:36,557] {dagbag.py:508} INFO - Filling up the DagBag from /opt/airflow/dags/5.1-orchestration.py
[2024-05-20 15:49:36,582] {processor.py:651} INFO - DAG(s) dict_keys(['5.1-orchestration']) retrieved from /opt/airflow/dags/5.1-orchestration.py
[2024-05-20 15:49:36,638] {logging_mixin.py:115} INFO - [2024-05-20 15:49:36,638] {dag.py:2420} INFO - Sync 1 DAGs
[2024-05-20 15:49:36,673] {logging_mixin.py:115} INFO - [2024-05-20 15:49:36,673] {dag.py:2972} INFO - Setting next_dagrun for 5.1-orchestration to 2024-05-06T00:00:00+00:00, run_after=2024-05-07T00:00:00+00:00
[2024-05-20 15:49:36,686] {processor.py:161} INFO - Processing /opt/airflow/dags/5.1-orchestration.py took 0.139 seconds
[2024-05-20 15:50:06,898] {processor.py:153} INFO - Started process (PID=4631) to work on /opt/airflow/dags/5.1-orchestration.py
[2024-05-20 15:50:06,900] {processor.py:641} INFO - Processing file /opt/airflow/dags/5.1-orchestration.py for tasks to queue
[2024-05-20 15:50:06,900] {logging_mixin.py:115} INFO - [2024-05-20 15:50:06,900] {dagbag.py:508} INFO - Filling up the DagBag from /opt/airflow/dags/5.1-orchestration.py
[2024-05-20 15:50:06,907] {processor.py:651} INFO - DAG(s) dict_keys(['5.1-orchestration']) retrieved from /opt/airflow/dags/5.1-orchestration.py
[2024-05-20 15:50:06,925] {logging_mixin.py:115} INFO - [2024-05-20 15:50:06,925] {dag.py:2420} INFO - Sync 1 DAGs
[2024-05-20 15:50:06,941] {logging_mixin.py:115} INFO - [2024-05-20 15:50:06,941] {dag.py:2972} INFO - Setting next_dagrun for 5.1-orchestration to 2024-05-20T00:00:00+00:00, run_after=2024-05-21T00:00:00+00:00
[2024-05-20 15:50:06,948] {processor.py:161} INFO - Processing /opt/airflow/dags/5.1-orchestration.py took 0.053 seconds
[2024-05-20 15:50:37,134] {processor.py:153} INFO - Started process (PID=4654) to work on /opt/airflow/dags/5.1-orchestration.py
[2024-05-20 15:50:37,136] {processor.py:641} INFO - Processing file /opt/airflow/dags/5.1-orchestration.py for tasks to queue
[2024-05-20 15:50:37,137] {logging_mixin.py:115} INFO - [2024-05-20 15:50:37,137] {dagbag.py:508} INFO - Filling up the DagBag from /opt/airflow/dags/5.1-orchestration.py
[2024-05-20 15:50:37,146] {processor.py:651} INFO - DAG(s) dict_keys(['5.1-orchestration']) retrieved from /opt/airflow/dags/5.1-orchestration.py
[2024-05-20 15:50:37,161] {logging_mixin.py:115} INFO - [2024-05-20 15:50:37,161] {dag.py:2420} INFO - Sync 1 DAGs
[2024-05-20 15:50:37,175] {logging_mixin.py:115} INFO - [2024-05-20 15:50:37,175] {dag.py:2972} INFO - Setting next_dagrun for 5.1-orchestration to 2024-05-20T00:00:00+00:00, run_after=2024-05-21T00:00:00+00:00
[2024-05-20 15:50:37,182] {processor.py:161} INFO - Processing /opt/airflow/dags/5.1-orchestration.py took 0.050 seconds
[2024-05-20 15:51:07,423] {processor.py:153} INFO - Started process (PID=4687) to work on /opt/airflow/dags/5.1-orchestration.py
[2024-05-20 15:51:07,426] {processor.py:641} INFO - Processing file /opt/airflow/dags/5.1-orchestration.py for tasks to queue
[2024-05-20 15:51:07,427] {logging_mixin.py:115} INFO - [2024-05-20 15:51:07,427] {dagbag.py:508} INFO - Filling up the DagBag from /opt/airflow/dags/5.1-orchestration.py
[2024-05-20 15:51:07,437] {processor.py:651} INFO - DAG(s) dict_keys(['5.1-orchestration']) retrieved from /opt/airflow/dags/5.1-orchestration.py
[2024-05-20 15:51:07,453] {logging_mixin.py:115} INFO - [2024-05-20 15:51:07,453] {dag.py:2420} INFO - Sync 1 DAGs
[2024-05-20 15:51:07,467] {logging_mixin.py:115} INFO - [2024-05-20 15:51:07,467] {dag.py:2972} INFO - Setting next_dagrun for 5.1-orchestration to 2024-05-20T00:00:00+00:00, run_after=2024-05-21T00:00:00+00:00
[2024-05-20 15:51:07,477] {processor.py:161} INFO - Processing /opt/airflow/dags/5.1-orchestration.py took 0.056 seconds
[2024-05-20 15:51:38,233] {processor.py:153} INFO - Started process (PID=4720) to work on /opt/airflow/dags/5.1-orchestration.py
[2024-05-20 15:51:38,274] {processor.py:641} INFO - Processing file /opt/airflow/dags/5.1-orchestration.py for tasks to queue
[2024-05-20 15:51:38,274] {logging_mixin.py:115} INFO - [2024-05-20 15:51:38,274] {dagbag.py:508} INFO - Filling up the DagBag from /opt/airflow/dags/5.1-orchestration.py
[2024-05-20 15:51:38,296] {processor.py:651} INFO - DAG(s) dict_keys(['5.1-orchestration']) retrieved from /opt/airflow/dags/5.1-orchestration.py
[2024-05-20 15:51:38,311] {logging_mixin.py:115} INFO - [2024-05-20 15:51:38,311] {dag.py:2420} INFO - Sync 1 DAGs
[2024-05-20 15:51:38,324] {logging_mixin.py:115} INFO - [2024-05-20 15:51:38,324] {dag.py:2972} INFO - Setting next_dagrun for 5.1-orchestration to 2024-05-20T00:00:00+00:00, run_after=2024-05-21T00:00:00+00:00
[2024-05-20 15:51:38,357] {processor.py:161} INFO - Processing /opt/airflow/dags/5.1-orchestration.py took 0.126 seconds
[2024-05-20 15:52:09,012] {processor.py:153} INFO - Started process (PID=4753) to work on /opt/airflow/dags/5.1-orchestration.py
[2024-05-20 15:52:09,039] {processor.py:641} INFO - Processing file /opt/airflow/dags/5.1-orchestration.py for tasks to queue
[2024-05-20 15:52:09,039] {logging_mixin.py:115} INFO - [2024-05-20 15:52:09,039] {dagbag.py:508} INFO - Filling up the DagBag from /opt/airflow/dags/5.1-orchestration.py
[2024-05-20 15:52:09,060] {processor.py:651} INFO - DAG(s) dict_keys(['5.1-orchestration']) retrieved from /opt/airflow/dags/5.1-orchestration.py
[2024-05-20 15:52:09,075] {logging_mixin.py:115} INFO - [2024-05-20 15:52:09,075] {dag.py:2420} INFO - Sync 1 DAGs
[2024-05-20 15:52:09,089] {logging_mixin.py:115} INFO - [2024-05-20 15:52:09,089] {dag.py:2972} INFO - Setting next_dagrun for 5.1-orchestration to 2024-05-20T00:00:00+00:00, run_after=2024-05-21T00:00:00+00:00
[2024-05-20 15:52:09,110] {processor.py:161} INFO - Processing /opt/airflow/dags/5.1-orchestration.py took 0.100 seconds
[2024-05-20 15:52:39,232] {processor.py:153} INFO - Started process (PID=4786) to work on /opt/airflow/dags/5.1-orchestration.py
[2024-05-20 15:52:39,233] {processor.py:641} INFO - Processing file /opt/airflow/dags/5.1-orchestration.py for tasks to queue
[2024-05-20 15:52:39,234] {logging_mixin.py:115} INFO - [2024-05-20 15:52:39,234] {dagbag.py:508} INFO - Filling up the DagBag from /opt/airflow/dags/5.1-orchestration.py
[2024-05-20 15:52:39,242] {processor.py:651} INFO - DAG(s) dict_keys(['5.1-orchestration']) retrieved from /opt/airflow/dags/5.1-orchestration.py
[2024-05-20 15:52:39,263] {logging_mixin.py:115} INFO - [2024-05-20 15:52:39,262] {dag.py:2420} INFO - Sync 1 DAGs
[2024-05-20 15:52:39,278] {logging_mixin.py:115} INFO - [2024-05-20 15:52:39,278] {dag.py:2972} INFO - Setting next_dagrun for 5.1-orchestration to 2024-05-20T00:00:00+00:00, run_after=2024-05-21T00:00:00+00:00
[2024-05-20 15:52:39,286] {processor.py:161} INFO - Processing /opt/airflow/dags/5.1-orchestration.py took 0.056 seconds
[2024-05-20 15:53:26,162] {processor.py:153} INFO - Started process (PID=33) to work on /opt/airflow/dags/5.1-orchestration.py
[2024-05-20 15:53:26,164] {processor.py:641} INFO - Processing file /opt/airflow/dags/5.1-orchestration.py for tasks to queue
[2024-05-20 15:53:26,167] {logging_mixin.py:115} INFO - [2024-05-20 15:53:26,167] {dagbag.py:508} INFO - Filling up the DagBag from /opt/airflow/dags/5.1-orchestration.py
[2024-05-20 15:53:26,183] {processor.py:651} INFO - DAG(s) dict_keys(['5.1-orchestration']) retrieved from /opt/airflow/dags/5.1-orchestration.py
[2024-05-20 15:53:26,225] {logging_mixin.py:115} INFO - [2024-05-20 15:53:26,225] {dag.py:2420} INFO - Sync 1 DAGs
[2024-05-20 15:53:26,383] {logging_mixin.py:115} INFO - [2024-05-20 15:53:26,383] {dag.py:2972} INFO - Setting next_dagrun for 5.1-orchestration to 2024-05-20T00:00:00+00:00, run_after=2024-05-21T00:00:00+00:00
[2024-05-20 15:53:26,391] {processor.py:161} INFO - Processing /opt/airflow/dags/5.1-orchestration.py took 0.235 seconds
[2024-05-20 15:53:56,855] {processor.py:153} INFO - Started process (PID=66) to work on /opt/airflow/dags/5.1-orchestration.py
[2024-05-20 15:53:56,855] {processor.py:641} INFO - Processing file /opt/airflow/dags/5.1-orchestration.py for tasks to queue
[2024-05-20 15:53:56,856] {logging_mixin.py:115} INFO - [2024-05-20 15:53:56,856] {dagbag.py:508} INFO - Filling up the DagBag from /opt/airflow/dags/5.1-orchestration.py
[2024-05-20 15:53:56,861] {processor.py:651} INFO - DAG(s) dict_keys(['5.1-orchestration']) retrieved from /opt/airflow/dags/5.1-orchestration.py
[2024-05-20 15:53:56,877] {logging_mixin.py:115} INFO - [2024-05-20 15:53:56,877] {dag.py:2420} INFO - Sync 1 DAGs
[2024-05-20 15:53:56,970] {logging_mixin.py:115} INFO - [2024-05-20 15:53:56,970] {dag.py:2972} INFO - Setting next_dagrun for 5.1-orchestration to 2024-05-20T00:00:00+00:00, run_after=2024-05-21T00:00:00+00:00
[2024-05-20 15:53:56,979] {processor.py:161} INFO - Processing /opt/airflow/dags/5.1-orchestration.py took 0.126 seconds
[2024-05-20 15:54:27,397] {processor.py:153} INFO - Started process (PID=99) to work on /opt/airflow/dags/5.1-orchestration.py
[2024-05-20 15:54:27,397] {processor.py:641} INFO - Processing file /opt/airflow/dags/5.1-orchestration.py for tasks to queue
[2024-05-20 15:54:27,398] {logging_mixin.py:115} INFO - [2024-05-20 15:54:27,398] {dagbag.py:508} INFO - Filling up the DagBag from /opt/airflow/dags/5.1-orchestration.py
[2024-05-20 15:54:27,412] {processor.py:651} INFO - DAG(s) dict_keys(['5.1-orchestration']) retrieved from /opt/airflow/dags/5.1-orchestration.py
[2024-05-20 15:54:27,527] {logging_mixin.py:115} INFO - [2024-05-20 15:54:27,527] {dag.py:2420} INFO - Sync 1 DAGs
[2024-05-20 15:54:27,548] {logging_mixin.py:115} INFO - [2024-05-20 15:54:27,547] {dag.py:2972} INFO - Setting next_dagrun for 5.1-orchestration to 2024-05-20T00:00:00+00:00, run_after=2024-05-21T00:00:00+00:00
[2024-05-20 15:54:27,558] {processor.py:161} INFO - Processing /opt/airflow/dags/5.1-orchestration.py took 0.163 seconds
[2024-05-20 15:54:45,940] {processor.py:153} INFO - Started process (PID=123) to work on /opt/airflow/dags/5.1-orchestration.py
[2024-05-20 15:54:45,940] {processor.py:641} INFO - Processing file /opt/airflow/dags/5.1-orchestration.py for tasks to queue
[2024-05-20 15:54:45,941] {logging_mixin.py:115} INFO - [2024-05-20 15:54:45,941] {dagbag.py:508} INFO - Filling up the DagBag from /opt/airflow/dags/5.1-orchestration.py
[2024-05-20 15:54:45,948] {processor.py:651} INFO - DAG(s) dict_keys(['5.1-orchestration']) retrieved from /opt/airflow/dags/5.1-orchestration.py
[2024-05-20 15:54:46,066] {logging_mixin.py:115} INFO - [2024-05-20 15:54:46,066] {dag.py:2420} INFO - Sync 1 DAGs
[2024-05-20 15:54:46,080] {logging_mixin.py:115} INFO - [2024-05-20 15:54:46,080] {dag.py:2972} INFO - Setting next_dagrun for 5.1-orchestration to 2024-05-20T00:00:00+00:00, run_after=2024-05-21T00:00:00+00:00
[2024-05-20 15:54:46,098] {processor.py:161} INFO - Processing /opt/airflow/dags/5.1-orchestration.py took 0.160 seconds
[2024-05-20 15:55:16,496] {processor.py:153} INFO - Started process (PID=147) to work on /opt/airflow/dags/5.1-orchestration.py
[2024-05-20 15:55:16,496] {processor.py:641} INFO - Processing file /opt/airflow/dags/5.1-orchestration.py for tasks to queue
[2024-05-20 15:55:16,497] {logging_mixin.py:115} INFO - [2024-05-20 15:55:16,496] {dagbag.py:508} INFO - Filling up the DagBag from /opt/airflow/dags/5.1-orchestration.py
[2024-05-20 15:55:16,502] {processor.py:651} INFO - DAG(s) dict_keys(['5.1-orchestration']) retrieved from /opt/airflow/dags/5.1-orchestration.py
[2024-05-20 15:55:16,516] {logging_mixin.py:115} INFO - [2024-05-20 15:55:16,516] {dag.py:2420} INFO - Sync 1 DAGs
[2024-05-20 15:55:16,530] {logging_mixin.py:115} INFO - [2024-05-20 15:55:16,530] {dag.py:2972} INFO - Setting next_dagrun for 5.1-orchestration to 2024-05-20T00:00:00+00:00, run_after=2024-05-21T00:00:00+00:00
[2024-05-20 15:55:16,537] {processor.py:161} INFO - Processing /opt/airflow/dags/5.1-orchestration.py took 0.044 seconds
[2024-05-20 15:55:46,764] {processor.py:153} INFO - Started process (PID=184) to work on /opt/airflow/dags/5.1-orchestration.py
[2024-05-20 15:55:46,764] {processor.py:641} INFO - Processing file /opt/airflow/dags/5.1-orchestration.py for tasks to queue
[2024-05-20 15:55:46,765] {logging_mixin.py:115} INFO - [2024-05-20 15:55:46,764] {dagbag.py:508} INFO - Filling up the DagBag from /opt/airflow/dags/5.1-orchestration.py
[2024-05-20 15:55:46,770] {processor.py:651} INFO - DAG(s) dict_keys(['5.1-orchestration']) retrieved from /opt/airflow/dags/5.1-orchestration.py
[2024-05-20 15:55:46,784] {logging_mixin.py:115} INFO - [2024-05-20 15:55:46,784] {dag.py:2420} INFO - Sync 1 DAGs
[2024-05-20 15:55:46,797] {logging_mixin.py:115} INFO - [2024-05-20 15:55:46,797] {dag.py:2972} INFO - Setting next_dagrun for 5.1-orchestration to 2024-05-20T00:00:00+00:00, run_after=2024-05-21T00:00:00+00:00
[2024-05-20 15:55:46,805] {processor.py:161} INFO - Processing /opt/airflow/dags/5.1-orchestration.py took 0.043 seconds
[2024-05-20 15:56:16,991] {processor.py:153} INFO - Started process (PID=216) to work on /opt/airflow/dags/5.1-orchestration.py
[2024-05-20 15:56:16,991] {processor.py:641} INFO - Processing file /opt/airflow/dags/5.1-orchestration.py for tasks to queue
[2024-05-20 15:56:16,992] {logging_mixin.py:115} INFO - [2024-05-20 15:56:16,992] {dagbag.py:508} INFO - Filling up the DagBag from /opt/airflow/dags/5.1-orchestration.py
[2024-05-20 15:56:16,998] {processor.py:651} INFO - DAG(s) dict_keys(['5.1-orchestration']) retrieved from /opt/airflow/dags/5.1-orchestration.py
[2024-05-20 15:56:17,012] {logging_mixin.py:115} INFO - [2024-05-20 15:56:17,012] {dag.py:2420} INFO - Sync 1 DAGs
[2024-05-20 15:56:17,024] {logging_mixin.py:115} INFO - [2024-05-20 15:56:17,024] {dag.py:2972} INFO - Setting next_dagrun for 5.1-orchestration to 2024-05-20T00:00:00+00:00, run_after=2024-05-21T00:00:00+00:00
[2024-05-20 15:56:17,032] {processor.py:161} INFO - Processing /opt/airflow/dags/5.1-orchestration.py took 0.043 seconds
[2024-05-20 15:56:47,222] {processor.py:153} INFO - Started process (PID=249) to work on /opt/airflow/dags/5.1-orchestration.py
[2024-05-20 15:56:47,222] {processor.py:641} INFO - Processing file /opt/airflow/dags/5.1-orchestration.py for tasks to queue
[2024-05-20 15:56:47,223] {logging_mixin.py:115} INFO - [2024-05-20 15:56:47,223] {dagbag.py:508} INFO - Filling up the DagBag from /opt/airflow/dags/5.1-orchestration.py
[2024-05-20 15:56:47,228] {processor.py:651} INFO - DAG(s) dict_keys(['5.1-orchestration']) retrieved from /opt/airflow/dags/5.1-orchestration.py
[2024-05-20 15:56:47,243] {logging_mixin.py:115} INFO - [2024-05-20 15:56:47,243] {dag.py:2420} INFO - Sync 1 DAGs
[2024-05-20 15:56:47,255] {logging_mixin.py:115} INFO - [2024-05-20 15:56:47,255] {dag.py:2972} INFO - Setting next_dagrun for 5.1-orchestration to 2024-05-20T00:00:00+00:00, run_after=2024-05-21T00:00:00+00:00
[2024-05-20 15:56:47,262] {processor.py:161} INFO - Processing /opt/airflow/dags/5.1-orchestration.py took 0.042 seconds
[2024-05-20 15:57:17,488] {processor.py:153} INFO - Started process (PID=282) to work on /opt/airflow/dags/5.1-orchestration.py
[2024-05-20 15:57:17,488] {processor.py:641} INFO - Processing file /opt/airflow/dags/5.1-orchestration.py for tasks to queue
[2024-05-20 15:57:17,489] {logging_mixin.py:115} INFO - [2024-05-20 15:57:17,489] {dagbag.py:508} INFO - Filling up the DagBag from /opt/airflow/dags/5.1-orchestration.py
[2024-05-20 15:57:17,494] {processor.py:651} INFO - DAG(s) dict_keys(['5.1-orchestration']) retrieved from /opt/airflow/dags/5.1-orchestration.py
[2024-05-20 15:57:17,510] {logging_mixin.py:115} INFO - [2024-05-20 15:57:17,509] {dag.py:2420} INFO - Sync 1 DAGs
[2024-05-20 15:57:17,523] {logging_mixin.py:115} INFO - [2024-05-20 15:57:17,523] {dag.py:2972} INFO - Setting next_dagrun for 5.1-orchestration to 2024-05-20T00:00:00+00:00, run_after=2024-05-21T00:00:00+00:00
[2024-05-20 15:57:17,530] {processor.py:161} INFO - Processing /opt/airflow/dags/5.1-orchestration.py took 0.044 seconds
[2024-05-20 15:57:47,740] {processor.py:153} INFO - Started process (PID=305) to work on /opt/airflow/dags/5.1-orchestration.py
[2024-05-20 15:57:47,740] {processor.py:641} INFO - Processing file /opt/airflow/dags/5.1-orchestration.py for tasks to queue
[2024-05-20 15:57:47,741] {logging_mixin.py:115} INFO - [2024-05-20 15:57:47,741] {dagbag.py:508} INFO - Filling up the DagBag from /opt/airflow/dags/5.1-orchestration.py
[2024-05-20 15:57:47,746] {processor.py:651} INFO - DAG(s) dict_keys(['5.1-orchestration']) retrieved from /opt/airflow/dags/5.1-orchestration.py
[2024-05-20 15:57:47,761] {logging_mixin.py:115} INFO - [2024-05-20 15:57:47,761] {dag.py:2420} INFO - Sync 1 DAGs
[2024-05-20 15:57:47,775] {logging_mixin.py:115} INFO - [2024-05-20 15:57:47,775] {dag.py:2972} INFO - Setting next_dagrun for 5.1-orchestration to 2024-05-20T00:00:00+00:00, run_after=2024-05-21T00:00:00+00:00
[2024-05-20 15:57:47,782] {processor.py:161} INFO - Processing /opt/airflow/dags/5.1-orchestration.py took 0.044 seconds
[2024-05-20 15:58:18,052] {processor.py:153} INFO - Started process (PID=338) to work on /opt/airflow/dags/5.1-orchestration.py
[2024-05-20 15:58:18,052] {processor.py:641} INFO - Processing file /opt/airflow/dags/5.1-orchestration.py for tasks to queue
[2024-05-20 15:58:18,053] {logging_mixin.py:115} INFO - [2024-05-20 15:58:18,053] {dagbag.py:508} INFO - Filling up the DagBag from /opt/airflow/dags/5.1-orchestration.py
[2024-05-20 15:58:18,058] {processor.py:651} INFO - DAG(s) dict_keys(['5.1-orchestration']) retrieved from /opt/airflow/dags/5.1-orchestration.py
[2024-05-20 15:58:18,072] {logging_mixin.py:115} INFO - [2024-05-20 15:58:18,072] {dag.py:2420} INFO - Sync 1 DAGs
[2024-05-20 15:58:18,086] {logging_mixin.py:115} INFO - [2024-05-20 15:58:18,086] {dag.py:2972} INFO - Setting next_dagrun for 5.1-orchestration to 2024-05-20T00:00:00+00:00, run_after=2024-05-21T00:00:00+00:00
[2024-05-20 15:58:18,093] {processor.py:161} INFO - Processing /opt/airflow/dags/5.1-orchestration.py took 0.043 seconds
[2024-05-20 15:58:48,324] {processor.py:153} INFO - Started process (PID=371) to work on /opt/airflow/dags/5.1-orchestration.py
[2024-05-20 15:58:48,325] {processor.py:641} INFO - Processing file /opt/airflow/dags/5.1-orchestration.py for tasks to queue
[2024-05-20 15:58:48,325] {logging_mixin.py:115} INFO - [2024-05-20 15:58:48,325] {dagbag.py:508} INFO - Filling up the DagBag from /opt/airflow/dags/5.1-orchestration.py
[2024-05-20 15:58:48,331] {processor.py:651} INFO - DAG(s) dict_keys(['5.1-orchestration']) retrieved from /opt/airflow/dags/5.1-orchestration.py
[2024-05-20 15:58:48,345] {logging_mixin.py:115} INFO - [2024-05-20 15:58:48,345] {dag.py:2420} INFO - Sync 1 DAGs
[2024-05-20 15:58:48,358] {logging_mixin.py:115} INFO - [2024-05-20 15:58:48,358] {dag.py:2972} INFO - Setting next_dagrun for 5.1-orchestration to 2024-05-20T00:00:00+00:00, run_after=2024-05-21T00:00:00+00:00
[2024-05-20 15:58:48,365] {processor.py:161} INFO - Processing /opt/airflow/dags/5.1-orchestration.py took 0.042 seconds
[2024-05-20 15:59:18,557] {processor.py:153} INFO - Started process (PID=403) to work on /opt/airflow/dags/5.1-orchestration.py
[2024-05-20 15:59:18,558] {processor.py:641} INFO - Processing file /opt/airflow/dags/5.1-orchestration.py for tasks to queue
[2024-05-20 15:59:18,558] {logging_mixin.py:115} INFO - [2024-05-20 15:59:18,558] {dagbag.py:508} INFO - Filling up the DagBag from /opt/airflow/dags/5.1-orchestration.py
[2024-05-20 15:59:18,564] {processor.py:651} INFO - DAG(s) dict_keys(['5.1-orchestration']) retrieved from /opt/airflow/dags/5.1-orchestration.py
[2024-05-20 15:59:18,579] {logging_mixin.py:115} INFO - [2024-05-20 15:59:18,579] {dag.py:2420} INFO - Sync 1 DAGs
[2024-05-20 15:59:18,591] {logging_mixin.py:115} INFO - [2024-05-20 15:59:18,591] {dag.py:2972} INFO - Setting next_dagrun for 5.1-orchestration to 2024-05-20T00:00:00+00:00, run_after=2024-05-21T00:00:00+00:00
[2024-05-20 15:59:18,600] {processor.py:161} INFO - Processing /opt/airflow/dags/5.1-orchestration.py took 0.045 seconds
[2024-05-20 15:59:48,794] {processor.py:153} INFO - Started process (PID=436) to work on /opt/airflow/dags/5.1-orchestration.py
[2024-05-20 15:59:48,794] {processor.py:641} INFO - Processing file /opt/airflow/dags/5.1-orchestration.py for tasks to queue
[2024-05-20 15:59:48,795] {logging_mixin.py:115} INFO - [2024-05-20 15:59:48,795] {dagbag.py:508} INFO - Filling up the DagBag from /opt/airflow/dags/5.1-orchestration.py
[2024-05-20 15:59:48,801] {processor.py:651} INFO - DAG(s) dict_keys(['5.1-orchestration']) retrieved from /opt/airflow/dags/5.1-orchestration.py
[2024-05-20 15:59:48,815] {logging_mixin.py:115} INFO - [2024-05-20 15:59:48,815] {dag.py:2420} INFO - Sync 1 DAGs
[2024-05-20 15:59:48,827] {logging_mixin.py:115} INFO - [2024-05-20 15:59:48,827] {dag.py:2972} INFO - Setting next_dagrun for 5.1-orchestration to 2024-05-20T00:00:00+00:00, run_after=2024-05-21T00:00:00+00:00
[2024-05-20 15:59:48,834] {processor.py:161} INFO - Processing /opt/airflow/dags/5.1-orchestration.py took 0.042 seconds
[2024-05-20 16:00:19,028] {processor.py:153} INFO - Started process (PID=468) to work on /opt/airflow/dags/5.1-orchestration.py
[2024-05-20 16:00:19,029] {processor.py:641} INFO - Processing file /opt/airflow/dags/5.1-orchestration.py for tasks to queue
[2024-05-20 16:00:19,029] {logging_mixin.py:115} INFO - [2024-05-20 16:00:19,029] {dagbag.py:508} INFO - Filling up the DagBag from /opt/airflow/dags/5.1-orchestration.py
[2024-05-20 16:00:19,035] {processor.py:651} INFO - DAG(s) dict_keys(['5.1-orchestration']) retrieved from /opt/airflow/dags/5.1-orchestration.py
[2024-05-20 16:00:19,051] {logging_mixin.py:115} INFO - [2024-05-20 16:00:19,051] {dag.py:2420} INFO - Sync 1 DAGs
[2024-05-20 16:00:19,066] {logging_mixin.py:115} INFO - [2024-05-20 16:00:19,066] {dag.py:2972} INFO - Setting next_dagrun for 5.1-orchestration to 2024-05-20T00:00:00+00:00, run_after=2024-05-21T00:00:00+00:00
[2024-05-20 16:00:19,074] {processor.py:161} INFO - Processing /opt/airflow/dags/5.1-orchestration.py took 0.048 seconds
[2024-05-20 16:00:49,261] {processor.py:153} INFO - Started process (PID=492) to work on /opt/airflow/dags/5.1-orchestration.py
[2024-05-20 16:00:49,261] {processor.py:641} INFO - Processing file /opt/airflow/dags/5.1-orchestration.py for tasks to queue
[2024-05-20 16:00:49,262] {logging_mixin.py:115} INFO - [2024-05-20 16:00:49,262] {dagbag.py:508} INFO - Filling up the DagBag from /opt/airflow/dags/5.1-orchestration.py
[2024-05-20 16:00:49,267] {processor.py:651} INFO - DAG(s) dict_keys(['5.1-orchestration']) retrieved from /opt/airflow/dags/5.1-orchestration.py
[2024-05-20 16:00:49,281] {logging_mixin.py:115} INFO - [2024-05-20 16:00:49,281] {dag.py:2420} INFO - Sync 1 DAGs
[2024-05-20 16:00:49,294] {logging_mixin.py:115} INFO - [2024-05-20 16:00:49,293] {dag.py:2972} INFO - Setting next_dagrun for 5.1-orchestration to 2024-05-20T00:00:00+00:00, run_after=2024-05-21T00:00:00+00:00
[2024-05-20 16:00:49,301] {processor.py:161} INFO - Processing /opt/airflow/dags/5.1-orchestration.py took 0.042 seconds
[2024-05-20 16:01:19,514] {processor.py:153} INFO - Started process (PID=525) to work on /opt/airflow/dags/5.1-orchestration.py
[2024-05-20 16:01:19,514] {processor.py:641} INFO - Processing file /opt/airflow/dags/5.1-orchestration.py for tasks to queue
[2024-05-20 16:01:19,515] {logging_mixin.py:115} INFO - [2024-05-20 16:01:19,515] {dagbag.py:508} INFO - Filling up the DagBag from /opt/airflow/dags/5.1-orchestration.py
[2024-05-20 16:01:19,520] {processor.py:651} INFO - DAG(s) dict_keys(['5.1-orchestration']) retrieved from /opt/airflow/dags/5.1-orchestration.py
[2024-05-20 16:01:19,535] {logging_mixin.py:115} INFO - [2024-05-20 16:01:19,535] {dag.py:2420} INFO - Sync 1 DAGs
[2024-05-20 16:01:19,547] {logging_mixin.py:115} INFO - [2024-05-20 16:01:19,546] {dag.py:2972} INFO - Setting next_dagrun for 5.1-orchestration to 2024-05-20T00:00:00+00:00, run_after=2024-05-21T00:00:00+00:00
[2024-05-20 16:01:19,554] {processor.py:161} INFO - Processing /opt/airflow/dags/5.1-orchestration.py took 0.042 seconds
[2024-05-20 16:01:49,753] {processor.py:153} INFO - Started process (PID=555) to work on /opt/airflow/dags/5.1-orchestration.py
[2024-05-20 16:01:49,753] {processor.py:641} INFO - Processing file /opt/airflow/dags/5.1-orchestration.py for tasks to queue
[2024-05-20 16:01:49,753] {logging_mixin.py:115} INFO - [2024-05-20 16:01:49,753] {dagbag.py:508} INFO - Filling up the DagBag from /opt/airflow/dags/5.1-orchestration.py
[2024-05-20 16:01:49,759] {processor.py:651} INFO - DAG(s) dict_keys(['5.1-orchestration']) retrieved from /opt/airflow/dags/5.1-orchestration.py
[2024-05-20 16:01:49,773] {logging_mixin.py:115} INFO - [2024-05-20 16:01:49,773] {dag.py:2420} INFO - Sync 1 DAGs
[2024-05-20 16:01:49,786] {logging_mixin.py:115} INFO - [2024-05-20 16:01:49,786] {dag.py:2972} INFO - Setting next_dagrun for 5.1-orchestration to 2024-05-20T00:00:00+00:00, run_after=2024-05-21T00:00:00+00:00
[2024-05-20 16:01:49,794] {processor.py:161} INFO - Processing /opt/airflow/dags/5.1-orchestration.py took 0.043 seconds
[2024-05-20 16:02:19,979] {processor.py:153} INFO - Started process (PID=587) to work on /opt/airflow/dags/5.1-orchestration.py
[2024-05-20 16:02:19,979] {processor.py:641} INFO - Processing file /opt/airflow/dags/5.1-orchestration.py for tasks to queue
[2024-05-20 16:02:19,980] {logging_mixin.py:115} INFO - [2024-05-20 16:02:19,979] {dagbag.py:508} INFO - Filling up the DagBag from /opt/airflow/dags/5.1-orchestration.py
[2024-05-20 16:02:19,985] {processor.py:651} INFO - DAG(s) dict_keys(['5.1-orchestration']) retrieved from /opt/airflow/dags/5.1-orchestration.py
[2024-05-20 16:02:19,999] {logging_mixin.py:115} INFO - [2024-05-20 16:02:19,999] {dag.py:2420} INFO - Sync 1 DAGs
[2024-05-20 16:02:20,011] {logging_mixin.py:115} INFO - [2024-05-20 16:02:20,011] {dag.py:2972} INFO - Setting next_dagrun for 5.1-orchestration to 2024-05-20T00:00:00+00:00, run_after=2024-05-21T00:00:00+00:00
[2024-05-20 16:02:20,018] {processor.py:161} INFO - Processing /opt/airflow/dags/5.1-orchestration.py took 0.041 seconds
[2024-05-20 16:02:50,218] {processor.py:153} INFO - Started process (PID=619) to work on /opt/airflow/dags/5.1-orchestration.py
[2024-05-20 16:02:50,219] {processor.py:641} INFO - Processing file /opt/airflow/dags/5.1-orchestration.py for tasks to queue
[2024-05-20 16:02:50,219] {logging_mixin.py:115} INFO - [2024-05-20 16:02:50,219] {dagbag.py:508} INFO - Filling up the DagBag from /opt/airflow/dags/5.1-orchestration.py
[2024-05-20 16:02:50,224] {processor.py:651} INFO - DAG(s) dict_keys(['5.1-orchestration']) retrieved from /opt/airflow/dags/5.1-orchestration.py
[2024-05-20 16:02:50,238] {logging_mixin.py:115} INFO - [2024-05-20 16:02:50,238] {dag.py:2420} INFO - Sync 1 DAGs
[2024-05-20 16:02:50,252] {logging_mixin.py:115} INFO - [2024-05-20 16:02:50,252] {dag.py:2972} INFO - Setting next_dagrun for 5.1-orchestration to 2024-05-20T00:00:00+00:00, run_after=2024-05-21T00:00:00+00:00
[2024-05-20 16:02:50,259] {processor.py:161} INFO - Processing /opt/airflow/dags/5.1-orchestration.py took 0.043 seconds
[2024-05-20 16:03:20,456] {processor.py:153} INFO - Started process (PID=642) to work on /opt/airflow/dags/5.1-orchestration.py
[2024-05-20 16:03:20,457] {processor.py:641} INFO - Processing file /opt/airflow/dags/5.1-orchestration.py for tasks to queue
[2024-05-20 16:03:20,458] {logging_mixin.py:115} INFO - [2024-05-20 16:03:20,457] {dagbag.py:508} INFO - Filling up the DagBag from /opt/airflow/dags/5.1-orchestration.py
[2024-05-20 16:03:20,465] {processor.py:651} INFO - DAG(s) dict_keys(['5.1-orchestration']) retrieved from /opt/airflow/dags/5.1-orchestration.py
[2024-05-20 16:03:20,491] {logging_mixin.py:115} INFO - [2024-05-20 16:03:20,491] {dag.py:2420} INFO - Sync 1 DAGs
[2024-05-20 16:03:20,518] {logging_mixin.py:115} INFO - [2024-05-20 16:03:20,517] {dag.py:2972} INFO - Setting next_dagrun for 5.1-orchestration to 2024-05-20T00:00:00+00:00, run_after=2024-05-21T00:00:00+00:00
[2024-05-20 16:03:20,534] {processor.py:161} INFO - Processing /opt/airflow/dags/5.1-orchestration.py took 0.080 seconds
[2024-05-20 16:03:32,528] {processor.py:153} INFO - Started process (PID=660) to work on /opt/airflow/dags/5.1-orchestration.py
[2024-05-20 16:03:32,529] {processor.py:641} INFO - Processing file /opt/airflow/dags/5.1-orchestration.py for tasks to queue
[2024-05-20 16:03:32,529] {logging_mixin.py:115} INFO - [2024-05-20 16:03:32,529] {dagbag.py:508} INFO - Filling up the DagBag from /opt/airflow/dags/5.1-orchestration.py
[2024-05-20 16:03:32,537] {processor.py:651} INFO - DAG(s) dict_keys(['5.1-orchestration']) retrieved from /opt/airflow/dags/5.1-orchestration.py
[2024-05-20 16:03:32,583] {logging_mixin.py:115} INFO - [2024-05-20 16:03:32,583] {dag.py:2420} INFO - Sync 1 DAGs
[2024-05-20 16:03:32,597] {logging_mixin.py:115} INFO - [2024-05-20 16:03:32,596] {dag.py:2972} INFO - Setting next_dagrun for 5.1-orchestration to 2024-05-20T00:00:00+00:00, run_after=2024-05-21T00:00:00+00:00
[2024-05-20 16:03:32,608] {processor.py:161} INFO - Processing /opt/airflow/dags/5.1-orchestration.py took 0.082 seconds
[2024-05-20 16:04:02,821] {processor.py:153} INFO - Started process (PID=682) to work on /opt/airflow/dags/5.1-orchestration.py
[2024-05-20 16:04:02,822] {processor.py:641} INFO - Processing file /opt/airflow/dags/5.1-orchestration.py for tasks to queue
[2024-05-20 16:04:02,822] {logging_mixin.py:115} INFO - [2024-05-20 16:04:02,822] {dagbag.py:508} INFO - Filling up the DagBag from /opt/airflow/dags/5.1-orchestration.py
[2024-05-20 16:04:02,830] {processor.py:651} INFO - DAG(s) dict_keys(['5.1-orchestration']) retrieved from /opt/airflow/dags/5.1-orchestration.py
[2024-05-20 16:04:02,846] {logging_mixin.py:115} INFO - [2024-05-20 16:04:02,846] {dag.py:2420} INFO - Sync 1 DAGs
[2024-05-20 16:04:02,859] {logging_mixin.py:115} INFO - [2024-05-20 16:04:02,859] {dag.py:2972} INFO - Setting next_dagrun for 5.1-orchestration to 2024-05-20T00:00:00+00:00, run_after=2024-05-21T00:00:00+00:00
[2024-05-20 16:04:02,867] {processor.py:161} INFO - Processing /opt/airflow/dags/5.1-orchestration.py took 0.048 seconds
[2024-05-20 16:04:33,117] {processor.py:153} INFO - Started process (PID=715) to work on /opt/airflow/dags/5.1-orchestration.py
[2024-05-20 16:04:33,118] {processor.py:641} INFO - Processing file /opt/airflow/dags/5.1-orchestration.py for tasks to queue
[2024-05-20 16:04:33,118] {logging_mixin.py:115} INFO - [2024-05-20 16:04:33,118] {dagbag.py:508} INFO - Filling up the DagBag from /opt/airflow/dags/5.1-orchestration.py
[2024-05-20 16:04:33,128] {processor.py:651} INFO - DAG(s) dict_keys(['5.1-orchestration']) retrieved from /opt/airflow/dags/5.1-orchestration.py
[2024-05-20 16:04:33,145] {logging_mixin.py:115} INFO - [2024-05-20 16:04:33,145] {dag.py:2420} INFO - Sync 1 DAGs
[2024-05-20 16:04:33,159] {logging_mixin.py:115} INFO - [2024-05-20 16:04:33,159] {dag.py:2972} INFO - Setting next_dagrun for 5.1-orchestration to 2024-05-20T00:00:00+00:00, run_after=2024-05-21T00:00:00+00:00
[2024-05-20 16:04:33,168] {processor.py:161} INFO - Processing /opt/airflow/dags/5.1-orchestration.py took 0.054 seconds
[2024-05-20 16:05:03,397] {processor.py:153} INFO - Started process (PID=748) to work on /opt/airflow/dags/5.1-orchestration.py
[2024-05-20 16:05:03,398] {processor.py:641} INFO - Processing file /opt/airflow/dags/5.1-orchestration.py for tasks to queue
[2024-05-20 16:05:03,398] {logging_mixin.py:115} INFO - [2024-05-20 16:05:03,398] {dagbag.py:508} INFO - Filling up the DagBag from /opt/airflow/dags/5.1-orchestration.py
[2024-05-20 16:05:03,406] {processor.py:651} INFO - DAG(s) dict_keys(['5.1-orchestration']) retrieved from /opt/airflow/dags/5.1-orchestration.py
[2024-05-20 16:05:03,424] {logging_mixin.py:115} INFO - [2024-05-20 16:05:03,424] {dag.py:2420} INFO - Sync 1 DAGs
[2024-05-20 16:05:03,438] {logging_mixin.py:115} INFO - [2024-05-20 16:05:03,438] {dag.py:2972} INFO - Setting next_dagrun for 5.1-orchestration to 2024-05-20T00:00:00+00:00, run_after=2024-05-21T00:00:00+00:00
[2024-05-20 16:05:03,448] {processor.py:161} INFO - Processing /opt/airflow/dags/5.1-orchestration.py took 0.052 seconds
[2024-05-20 16:05:33,631] {processor.py:153} INFO - Started process (PID=779) to work on /opt/airflow/dags/5.1-orchestration.py
[2024-05-20 16:05:33,631] {processor.py:641} INFO - Processing file /opt/airflow/dags/5.1-orchestration.py for tasks to queue
[2024-05-20 16:05:33,631] {logging_mixin.py:115} INFO - [2024-05-20 16:05:33,631] {dagbag.py:508} INFO - Filling up the DagBag from /opt/airflow/dags/5.1-orchestration.py
[2024-05-20 16:05:33,638] {processor.py:651} INFO - DAG(s) dict_keys(['5.1-orchestration']) retrieved from /opt/airflow/dags/5.1-orchestration.py
[2024-05-20 16:05:33,653] {logging_mixin.py:115} INFO - [2024-05-20 16:05:33,653] {dag.py:2420} INFO - Sync 1 DAGs
[2024-05-20 16:05:33,669] {logging_mixin.py:115} INFO - [2024-05-20 16:05:33,669] {dag.py:2972} INFO - Setting next_dagrun for 5.1-orchestration to 2024-05-20T00:00:00+00:00, run_after=2024-05-21T00:00:00+00:00
[2024-05-20 16:05:33,679] {processor.py:161} INFO - Processing /opt/airflow/dags/5.1-orchestration.py took 0.051 seconds
[2024-05-20 16:06:03,915] {processor.py:153} INFO - Started process (PID=812) to work on /opt/airflow/dags/5.1-orchestration.py
[2024-05-20 16:06:03,916] {processor.py:641} INFO - Processing file /opt/airflow/dags/5.1-orchestration.py for tasks to queue
[2024-05-20 16:06:03,916] {logging_mixin.py:115} INFO - [2024-05-20 16:06:03,916] {dagbag.py:508} INFO - Filling up the DagBag from /opt/airflow/dags/5.1-orchestration.py
[2024-05-20 16:06:03,924] {processor.py:651} INFO - DAG(s) dict_keys(['5.1-orchestration']) retrieved from /opt/airflow/dags/5.1-orchestration.py
[2024-05-20 16:06:03,940] {logging_mixin.py:115} INFO - [2024-05-20 16:06:03,940] {dag.py:2420} INFO - Sync 1 DAGs
[2024-05-20 16:06:03,954] {logging_mixin.py:115} INFO - [2024-05-20 16:06:03,954] {dag.py:2972} INFO - Setting next_dagrun for 5.1-orchestration to 2024-05-20T00:00:00+00:00, run_after=2024-05-21T00:00:00+00:00
[2024-05-20 16:06:03,961] {processor.py:161} INFO - Processing /opt/airflow/dags/5.1-orchestration.py took 0.048 seconds
[2024-05-20 16:06:34,206] {processor.py:153} INFO - Started process (PID=836) to work on /opt/airflow/dags/5.1-orchestration.py
[2024-05-20 16:06:34,207] {processor.py:641} INFO - Processing file /opt/airflow/dags/5.1-orchestration.py for tasks to queue
[2024-05-20 16:06:34,207] {logging_mixin.py:115} INFO - [2024-05-20 16:06:34,207] {dagbag.py:508} INFO - Filling up the DagBag from /opt/airflow/dags/5.1-orchestration.py
[2024-05-20 16:06:34,213] {processor.py:651} INFO - DAG(s) dict_keys(['5.1-orchestration']) retrieved from /opt/airflow/dags/5.1-orchestration.py
[2024-05-20 16:06:34,228] {logging_mixin.py:115} INFO - [2024-05-20 16:06:34,228] {dag.py:2420} INFO - Sync 1 DAGs
[2024-05-20 16:06:34,241] {logging_mixin.py:115} INFO - [2024-05-20 16:06:34,241] {dag.py:2972} INFO - Setting next_dagrun for 5.1-orchestration to 2024-05-20T00:00:00+00:00, run_after=2024-05-21T00:00:00+00:00
[2024-05-20 16:06:34,248] {processor.py:161} INFO - Processing /opt/airflow/dags/5.1-orchestration.py took 0.045 seconds
[2024-05-20 16:07:04,484] {processor.py:153} INFO - Started process (PID=869) to work on /opt/airflow/dags/5.1-orchestration.py
[2024-05-20 16:07:04,485] {processor.py:641} INFO - Processing file /opt/airflow/dags/5.1-orchestration.py for tasks to queue
[2024-05-20 16:07:04,485] {logging_mixin.py:115} INFO - [2024-05-20 16:07:04,485] {dagbag.py:508} INFO - Filling up the DagBag from /opt/airflow/dags/5.1-orchestration.py
[2024-05-20 16:07:04,492] {processor.py:651} INFO - DAG(s) dict_keys(['5.1-orchestration']) retrieved from /opt/airflow/dags/5.1-orchestration.py
[2024-05-20 16:07:04,510] {logging_mixin.py:115} INFO - [2024-05-20 16:07:04,510] {dag.py:2420} INFO - Sync 1 DAGs
[2024-05-20 16:07:04,524] {logging_mixin.py:115} INFO - [2024-05-20 16:07:04,524] {dag.py:2972} INFO - Setting next_dagrun for 5.1-orchestration to 2024-05-20T00:00:00+00:00, run_after=2024-05-21T00:00:00+00:00
[2024-05-20 16:07:04,534] {processor.py:161} INFO - Processing /opt/airflow/dags/5.1-orchestration.py took 0.052 seconds
[2024-05-20 16:07:34,781] {processor.py:153} INFO - Started process (PID=903) to work on /opt/airflow/dags/5.1-orchestration.py
[2024-05-20 16:07:34,781] {processor.py:641} INFO - Processing file /opt/airflow/dags/5.1-orchestration.py for tasks to queue
[2024-05-20 16:07:34,782] {logging_mixin.py:115} INFO - [2024-05-20 16:07:34,782] {dagbag.py:508} INFO - Filling up the DagBag from /opt/airflow/dags/5.1-orchestration.py
[2024-05-20 16:07:34,790] {processor.py:651} INFO - DAG(s) dict_keys(['5.1-orchestration']) retrieved from /opt/airflow/dags/5.1-orchestration.py
[2024-05-20 16:07:34,806] {logging_mixin.py:115} INFO - [2024-05-20 16:07:34,806] {dag.py:2420} INFO - Sync 1 DAGs
[2024-05-20 16:07:34,821] {logging_mixin.py:115} INFO - [2024-05-20 16:07:34,821] {dag.py:2972} INFO - Setting next_dagrun for 5.1-orchestration to 2024-05-20T00:00:00+00:00, run_after=2024-05-21T00:00:00+00:00
[2024-05-20 16:07:34,832] {processor.py:161} INFO - Processing /opt/airflow/dags/5.1-orchestration.py took 0.053 seconds
[2024-05-20 16:08:05,113] {processor.py:153} INFO - Started process (PID=936) to work on /opt/airflow/dags/5.1-orchestration.py
[2024-05-20 16:08:05,113] {processor.py:641} INFO - Processing file /opt/airflow/dags/5.1-orchestration.py for tasks to queue
[2024-05-20 16:08:05,114] {logging_mixin.py:115} INFO - [2024-05-20 16:08:05,114] {dagbag.py:508} INFO - Filling up the DagBag from /opt/airflow/dags/5.1-orchestration.py
[2024-05-20 16:08:05,121] {processor.py:651} INFO - DAG(s) dict_keys(['5.1-orchestration']) retrieved from /opt/airflow/dags/5.1-orchestration.py
[2024-05-20 16:08:05,135] {logging_mixin.py:115} INFO - [2024-05-20 16:08:05,135] {dag.py:2420} INFO - Sync 1 DAGs
[2024-05-20 16:08:05,149] {logging_mixin.py:115} INFO - [2024-05-20 16:08:05,148] {dag.py:2972} INFO - Setting next_dagrun for 5.1-orchestration to 2024-05-20T00:00:00+00:00, run_after=2024-05-21T00:00:00+00:00
[2024-05-20 16:08:05,158] {processor.py:161} INFO - Processing /opt/airflow/dags/5.1-orchestration.py took 0.047 seconds
[2024-05-20 16:08:35,412] {processor.py:153} INFO - Started process (PID=970) to work on /opt/airflow/dags/5.1-orchestration.py
[2024-05-20 16:08:35,412] {processor.py:641} INFO - Processing file /opt/airflow/dags/5.1-orchestration.py for tasks to queue
[2024-05-20 16:08:35,413] {logging_mixin.py:115} INFO - [2024-05-20 16:08:35,413] {dagbag.py:508} INFO - Filling up the DagBag from /opt/airflow/dags/5.1-orchestration.py
[2024-05-20 16:08:35,420] {processor.py:651} INFO - DAG(s) dict_keys(['5.1-orchestration']) retrieved from /opt/airflow/dags/5.1-orchestration.py
[2024-05-20 16:08:35,437] {logging_mixin.py:115} INFO - [2024-05-20 16:08:35,437] {dag.py:2420} INFO - Sync 1 DAGs
[2024-05-20 16:08:35,451] {logging_mixin.py:115} INFO - [2024-05-20 16:08:35,451] {dag.py:2972} INFO - Setting next_dagrun for 5.1-orchestration to 2024-05-20T00:00:00+00:00, run_after=2024-05-21T00:00:00+00:00
[2024-05-20 16:08:35,460] {processor.py:161} INFO - Processing /opt/airflow/dags/5.1-orchestration.py took 0.050 seconds
[2024-05-20 16:09:05,702] {processor.py:153} INFO - Started process (PID=995) to work on /opt/airflow/dags/5.1-orchestration.py
[2024-05-20 16:09:05,702] {processor.py:641} INFO - Processing file /opt/airflow/dags/5.1-orchestration.py for tasks to queue
[2024-05-20 16:09:05,703] {logging_mixin.py:115} INFO - [2024-05-20 16:09:05,703] {dagbag.py:508} INFO - Filling up the DagBag from /opt/airflow/dags/5.1-orchestration.py
[2024-05-20 16:09:05,710] {processor.py:651} INFO - DAG(s) dict_keys(['5.1-orchestration']) retrieved from /opt/airflow/dags/5.1-orchestration.py
[2024-05-20 16:09:05,726] {logging_mixin.py:115} INFO - [2024-05-20 16:09:05,726] {dag.py:2420} INFO - Sync 1 DAGs
[2024-05-20 16:09:05,740] {logging_mixin.py:115} INFO - [2024-05-20 16:09:05,740] {dag.py:2972} INFO - Setting next_dagrun for 5.1-orchestration to 2024-05-20T00:00:00+00:00, run_after=2024-05-21T00:00:00+00:00
[2024-05-20 16:09:05,748] {processor.py:161} INFO - Processing /opt/airflow/dags/5.1-orchestration.py took 0.048 seconds
[2024-05-20 16:09:35,989] {processor.py:153} INFO - Started process (PID=1029) to work on /opt/airflow/dags/5.1-orchestration.py
[2024-05-20 16:09:35,990] {processor.py:641} INFO - Processing file /opt/airflow/dags/5.1-orchestration.py for tasks to queue
[2024-05-20 16:09:35,990] {logging_mixin.py:115} INFO - [2024-05-20 16:09:35,990] {dagbag.py:508} INFO - Filling up the DagBag from /opt/airflow/dags/5.1-orchestration.py
[2024-05-20 16:09:35,996] {processor.py:651} INFO - DAG(s) dict_keys(['5.1-orchestration']) retrieved from /opt/airflow/dags/5.1-orchestration.py
[2024-05-20 16:09:36,012] {logging_mixin.py:115} INFO - [2024-05-20 16:09:36,012] {dag.py:2420} INFO - Sync 1 DAGs
[2024-05-20 16:09:36,025] {logging_mixin.py:115} INFO - [2024-05-20 16:09:36,025] {dag.py:2972} INFO - Setting next_dagrun for 5.1-orchestration to 2024-05-20T00:00:00+00:00, run_after=2024-05-21T00:00:00+00:00
[2024-05-20 16:09:36,032] {processor.py:161} INFO - Processing /opt/airflow/dags/5.1-orchestration.py took 0.046 seconds
[2024-05-20 16:10:06,269] {processor.py:153} INFO - Started process (PID=1063) to work on /opt/airflow/dags/5.1-orchestration.py
[2024-05-20 16:10:06,269] {processor.py:641} INFO - Processing file /opt/airflow/dags/5.1-orchestration.py for tasks to queue
[2024-05-20 16:10:06,270] {logging_mixin.py:115} INFO - [2024-05-20 16:10:06,270] {dagbag.py:508} INFO - Filling up the DagBag from /opt/airflow/dags/5.1-orchestration.py
[2024-05-20 16:10:06,278] {processor.py:651} INFO - DAG(s) dict_keys(['5.1-orchestration']) retrieved from /opt/airflow/dags/5.1-orchestration.py
[2024-05-20 16:10:06,297] {logging_mixin.py:115} INFO - [2024-05-20 16:10:06,297] {dag.py:2420} INFO - Sync 1 DAGs
[2024-05-20 16:10:06,310] {logging_mixin.py:115} INFO - [2024-05-20 16:10:06,310] {dag.py:2972} INFO - Setting next_dagrun for 5.1-orchestration to 2024-05-20T00:00:00+00:00, run_after=2024-05-21T00:00:00+00:00
[2024-05-20 16:10:06,318] {processor.py:161} INFO - Processing /opt/airflow/dags/5.1-orchestration.py took 0.051 seconds
[2024-05-20 16:10:36,565] {processor.py:153} INFO - Started process (PID=1096) to work on /opt/airflow/dags/5.1-orchestration.py
[2024-05-20 16:10:36,565] {processor.py:641} INFO - Processing file /opt/airflow/dags/5.1-orchestration.py for tasks to queue
[2024-05-20 16:10:36,566] {logging_mixin.py:115} INFO - [2024-05-20 16:10:36,566] {dagbag.py:508} INFO - Filling up the DagBag from /opt/airflow/dags/5.1-orchestration.py
[2024-05-20 16:10:36,573] {processor.py:651} INFO - DAG(s) dict_keys(['5.1-orchestration']) retrieved from /opt/airflow/dags/5.1-orchestration.py
[2024-05-20 16:10:36,588] {logging_mixin.py:115} INFO - [2024-05-20 16:10:36,588] {dag.py:2420} INFO - Sync 1 DAGs
[2024-05-20 16:10:36,604] {logging_mixin.py:115} INFO - [2024-05-20 16:10:36,604] {dag.py:2972} INFO - Setting next_dagrun for 5.1-orchestration to 2024-05-20T00:00:00+00:00, run_after=2024-05-21T00:00:00+00:00
[2024-05-20 16:10:36,611] {processor.py:161} INFO - Processing /opt/airflow/dags/5.1-orchestration.py took 0.048 seconds
[2024-05-20 16:11:06,862] {processor.py:153} INFO - Started process (PID=1130) to work on /opt/airflow/dags/5.1-orchestration.py
[2024-05-20 16:11:06,862] {processor.py:641} INFO - Processing file /opt/airflow/dags/5.1-orchestration.py for tasks to queue
[2024-05-20 16:11:06,863] {logging_mixin.py:115} INFO - [2024-05-20 16:11:06,863] {dagbag.py:508} INFO - Filling up the DagBag from /opt/airflow/dags/5.1-orchestration.py
[2024-05-20 16:11:06,870] {processor.py:651} INFO - DAG(s) dict_keys(['5.1-orchestration']) retrieved from /opt/airflow/dags/5.1-orchestration.py
[2024-05-20 16:11:06,883] {logging_mixin.py:115} INFO - [2024-05-20 16:11:06,883] {dag.py:2420} INFO - Sync 1 DAGs
[2024-05-20 16:11:06,897] {logging_mixin.py:115} INFO - [2024-05-20 16:11:06,897] {dag.py:2972} INFO - Setting next_dagrun for 5.1-orchestration to 2024-05-20T00:00:00+00:00, run_after=2024-05-21T00:00:00+00:00
[2024-05-20 16:11:06,906] {processor.py:161} INFO - Processing /opt/airflow/dags/5.1-orchestration.py took 0.046 seconds
[2024-05-20 16:11:37,142] {processor.py:153} INFO - Started process (PID=1155) to work on /opt/airflow/dags/5.1-orchestration.py
[2024-05-20 16:11:37,143] {processor.py:641} INFO - Processing file /opt/airflow/dags/5.1-orchestration.py for tasks to queue
[2024-05-20 16:11:37,143] {logging_mixin.py:115} INFO - [2024-05-20 16:11:37,143] {dagbag.py:508} INFO - Filling up the DagBag from /opt/airflow/dags/5.1-orchestration.py
[2024-05-20 16:11:37,150] {processor.py:651} INFO - DAG(s) dict_keys(['5.1-orchestration']) retrieved from /opt/airflow/dags/5.1-orchestration.py
[2024-05-20 16:11:37,171] {logging_mixin.py:115} INFO - [2024-05-20 16:11:37,171] {dag.py:2420} INFO - Sync 1 DAGs
[2024-05-20 16:11:37,187] {logging_mixin.py:115} INFO - [2024-05-20 16:11:37,187] {dag.py:2972} INFO - Setting next_dagrun for 5.1-orchestration to 2024-05-20T00:00:00+00:00, run_after=2024-05-21T00:00:00+00:00
[2024-05-20 16:11:37,197] {processor.py:161} INFO - Processing /opt/airflow/dags/5.1-orchestration.py took 0.057 seconds
[2024-05-20 16:12:07,473] {processor.py:153} INFO - Started process (PID=1189) to work on /opt/airflow/dags/5.1-orchestration.py
[2024-05-20 16:12:07,474] {processor.py:641} INFO - Processing file /opt/airflow/dags/5.1-orchestration.py for tasks to queue
[2024-05-20 16:12:07,474] {logging_mixin.py:115} INFO - [2024-05-20 16:12:07,474] {dagbag.py:508} INFO - Filling up the DagBag from /opt/airflow/dags/5.1-orchestration.py
[2024-05-20 16:12:07,480] {processor.py:651} INFO - DAG(s) dict_keys(['5.1-orchestration']) retrieved from /opt/airflow/dags/5.1-orchestration.py
[2024-05-20 16:12:07,496] {logging_mixin.py:115} INFO - [2024-05-20 16:12:07,496] {dag.py:2420} INFO - Sync 1 DAGs
[2024-05-20 16:12:07,510] {logging_mixin.py:115} INFO - [2024-05-20 16:12:07,510] {dag.py:2972} INFO - Setting next_dagrun for 5.1-orchestration to 2024-05-20T00:00:00+00:00, run_after=2024-05-21T00:00:00+00:00
[2024-05-20 16:12:07,519] {processor.py:161} INFO - Processing /opt/airflow/dags/5.1-orchestration.py took 0.048 seconds
[2024-05-20 16:12:37,770] {processor.py:153} INFO - Started process (PID=1222) to work on /opt/airflow/dags/5.1-orchestration.py
[2024-05-20 16:12:37,770] {processor.py:641} INFO - Processing file /opt/airflow/dags/5.1-orchestration.py for tasks to queue
[2024-05-20 16:12:37,771] {logging_mixin.py:115} INFO - [2024-05-20 16:12:37,771] {dagbag.py:508} INFO - Filling up the DagBag from /opt/airflow/dags/5.1-orchestration.py
[2024-05-20 16:12:37,778] {processor.py:651} INFO - DAG(s) dict_keys(['5.1-orchestration']) retrieved from /opt/airflow/dags/5.1-orchestration.py
[2024-05-20 16:12:37,793] {logging_mixin.py:115} INFO - [2024-05-20 16:12:37,793] {dag.py:2420} INFO - Sync 1 DAGs
[2024-05-20 16:12:37,807] {logging_mixin.py:115} INFO - [2024-05-20 16:12:37,807] {dag.py:2972} INFO - Setting next_dagrun for 5.1-orchestration to 2024-05-20T00:00:00+00:00, run_after=2024-05-21T00:00:00+00:00
[2024-05-20 16:12:37,815] {processor.py:161} INFO - Processing /opt/airflow/dags/5.1-orchestration.py took 0.047 seconds
[2024-05-20 16:13:08,067] {processor.py:153} INFO - Started process (PID=1256) to work on /opt/airflow/dags/5.1-orchestration.py
[2024-05-20 16:13:08,067] {processor.py:641} INFO - Processing file /opt/airflow/dags/5.1-orchestration.py for tasks to queue
[2024-05-20 16:13:08,068] {logging_mixin.py:115} INFO - [2024-05-20 16:13:08,068] {dagbag.py:508} INFO - Filling up the DagBag from /opt/airflow/dags/5.1-orchestration.py
[2024-05-20 16:13:08,075] {processor.py:651} INFO - DAG(s) dict_keys(['5.1-orchestration']) retrieved from /opt/airflow/dags/5.1-orchestration.py
[2024-05-20 16:13:08,089] {logging_mixin.py:115} INFO - [2024-05-20 16:13:08,089] {dag.py:2420} INFO - Sync 1 DAGs
[2024-05-20 16:13:08,105] {logging_mixin.py:115} INFO - [2024-05-20 16:13:08,105] {dag.py:2972} INFO - Setting next_dagrun for 5.1-orchestration to 2024-05-20T00:00:00+00:00, run_after=2024-05-21T00:00:00+00:00
[2024-05-20 16:13:08,117] {processor.py:161} INFO - Processing /opt/airflow/dags/5.1-orchestration.py took 0.052 seconds
[2024-05-20 16:13:38,324] {processor.py:153} INFO - Started process (PID=1290) to work on /opt/airflow/dags/5.1-orchestration.py
[2024-05-20 16:13:38,325] {processor.py:641} INFO - Processing file /opt/airflow/dags/5.1-orchestration.py for tasks to queue
[2024-05-20 16:13:38,326] {logging_mixin.py:115} INFO - [2024-05-20 16:13:38,326] {dagbag.py:508} INFO - Filling up the DagBag from /opt/airflow/dags/5.1-orchestration.py
[2024-05-20 16:13:38,334] {processor.py:651} INFO - DAG(s) dict_keys(['5.1-orchestration']) retrieved from /opt/airflow/dags/5.1-orchestration.py
[2024-05-20 16:13:38,349] {logging_mixin.py:115} INFO - [2024-05-20 16:13:38,349] {dag.py:2420} INFO - Sync 1 DAGs
[2024-05-20 16:13:38,363] {logging_mixin.py:115} INFO - [2024-05-20 16:13:38,363] {dag.py:2972} INFO - Setting next_dagrun for 5.1-orchestration to 2024-05-20T00:00:00+00:00, run_after=2024-05-21T00:00:00+00:00
[2024-05-20 16:13:38,373] {processor.py:161} INFO - Processing /opt/airflow/dags/5.1-orchestration.py took 0.050 seconds
[2024-05-20 16:14:08,613] {processor.py:153} INFO - Started process (PID=1323) to work on /opt/airflow/dags/5.1-orchestration.py
[2024-05-20 16:14:08,613] {processor.py:641} INFO - Processing file /opt/airflow/dags/5.1-orchestration.py for tasks to queue
[2024-05-20 16:14:08,615] {logging_mixin.py:115} INFO - [2024-05-20 16:14:08,614] {dagbag.py:508} INFO - Filling up the DagBag from /opt/airflow/dags/5.1-orchestration.py
[2024-05-20 16:14:08,628] {processor.py:651} INFO - DAG(s) dict_keys(['5.1-orchestration']) retrieved from /opt/airflow/dags/5.1-orchestration.py
[2024-05-20 16:14:08,666] {logging_mixin.py:115} INFO - [2024-05-20 16:14:08,666] {dag.py:2420} INFO - Sync 1 DAGs
[2024-05-20 16:14:08,694] {logging_mixin.py:115} INFO - [2024-05-20 16:14:08,693] {dag.py:2972} INFO - Setting next_dagrun for 5.1-orchestration to 2024-05-20T00:00:00+00:00, run_after=2024-05-21T00:00:00+00:00
[2024-05-20 16:14:08,713] {processor.py:161} INFO - Processing /opt/airflow/dags/5.1-orchestration.py took 0.103 seconds
[2024-05-20 16:14:39,033] {processor.py:153} INFO - Started process (PID=1347) to work on /opt/airflow/dags/5.1-orchestration.py
[2024-05-20 16:14:39,033] {processor.py:641} INFO - Processing file /opt/airflow/dags/5.1-orchestration.py for tasks to queue
[2024-05-20 16:14:39,034] {logging_mixin.py:115} INFO - [2024-05-20 16:14:39,034] {dagbag.py:508} INFO - Filling up the DagBag from /opt/airflow/dags/5.1-orchestration.py
[2024-05-20 16:14:39,040] {processor.py:651} INFO - DAG(s) dict_keys(['5.1-orchestration']) retrieved from /opt/airflow/dags/5.1-orchestration.py
[2024-05-20 16:14:39,054] {logging_mixin.py:115} INFO - [2024-05-20 16:14:39,054] {dag.py:2420} INFO - Sync 1 DAGs
[2024-05-20 16:14:39,068] {logging_mixin.py:115} INFO - [2024-05-20 16:14:39,068] {dag.py:2972} INFO - Setting next_dagrun for 5.1-orchestration to 2024-05-20T00:00:00+00:00, run_after=2024-05-21T00:00:00+00:00
[2024-05-20 16:14:39,077] {processor.py:161} INFO - Processing /opt/airflow/dags/5.1-orchestration.py took 0.046 seconds
[2024-05-20 16:15:09,326] {processor.py:153} INFO - Started process (PID=1381) to work on /opt/airflow/dags/5.1-orchestration.py
[2024-05-20 16:15:09,327] {processor.py:641} INFO - Processing file /opt/airflow/dags/5.1-orchestration.py for tasks to queue
[2024-05-20 16:15:09,327] {logging_mixin.py:115} INFO - [2024-05-20 16:15:09,327] {dagbag.py:508} INFO - Filling up the DagBag from /opt/airflow/dags/5.1-orchestration.py
[2024-05-20 16:15:09,333] {processor.py:651} INFO - DAG(s) dict_keys(['5.1-orchestration']) retrieved from /opt/airflow/dags/5.1-orchestration.py
[2024-05-20 16:15:09,349] {logging_mixin.py:115} INFO - [2024-05-20 16:15:09,349] {dag.py:2420} INFO - Sync 1 DAGs
[2024-05-20 16:15:09,363] {logging_mixin.py:115} INFO - [2024-05-20 16:15:09,363] {dag.py:2972} INFO - Setting next_dagrun for 5.1-orchestration to 2024-05-20T00:00:00+00:00, run_after=2024-05-21T00:00:00+00:00
[2024-05-20 16:15:09,373] {processor.py:161} INFO - Processing /opt/airflow/dags/5.1-orchestration.py took 0.050 seconds
[2024-05-20 16:15:39,620] {processor.py:153} INFO - Started process (PID=1413) to work on /opt/airflow/dags/5.1-orchestration.py
[2024-05-20 16:15:39,621] {processor.py:641} INFO - Processing file /opt/airflow/dags/5.1-orchestration.py for tasks to queue
[2024-05-20 16:15:39,621] {logging_mixin.py:115} INFO - [2024-05-20 16:15:39,621] {dagbag.py:508} INFO - Filling up the DagBag from /opt/airflow/dags/5.1-orchestration.py
[2024-05-20 16:15:39,628] {processor.py:651} INFO - DAG(s) dict_keys(['5.1-orchestration']) retrieved from /opt/airflow/dags/5.1-orchestration.py
[2024-05-20 16:15:39,643] {logging_mixin.py:115} INFO - [2024-05-20 16:15:39,643] {dag.py:2420} INFO - Sync 1 DAGs
[2024-05-20 16:15:39,658] {logging_mixin.py:115} INFO - [2024-05-20 16:15:39,658] {dag.py:2972} INFO - Setting next_dagrun for 5.1-orchestration to 2024-05-20T00:00:00+00:00, run_after=2024-05-21T00:00:00+00:00
[2024-05-20 16:15:39,668] {processor.py:161} INFO - Processing /opt/airflow/dags/5.1-orchestration.py took 0.050 seconds
[2024-05-20 16:16:09,907] {processor.py:153} INFO - Started process (PID=1446) to work on /opt/airflow/dags/5.1-orchestration.py
[2024-05-20 16:16:09,907] {processor.py:641} INFO - Processing file /opt/airflow/dags/5.1-orchestration.py for tasks to queue
[2024-05-20 16:16:09,908] {logging_mixin.py:115} INFO - [2024-05-20 16:16:09,908] {dagbag.py:508} INFO - Filling up the DagBag from /opt/airflow/dags/5.1-orchestration.py
[2024-05-20 16:16:09,914] {processor.py:651} INFO - DAG(s) dict_keys(['5.1-orchestration']) retrieved from /opt/airflow/dags/5.1-orchestration.py
[2024-05-20 16:16:09,933] {logging_mixin.py:115} INFO - [2024-05-20 16:16:09,933] {dag.py:2420} INFO - Sync 1 DAGs
[2024-05-20 16:16:09,947] {logging_mixin.py:115} INFO - [2024-05-20 16:16:09,947] {dag.py:2972} INFO - Setting next_dagrun for 5.1-orchestration to 2024-05-20T00:00:00+00:00, run_after=2024-05-21T00:00:00+00:00
[2024-05-20 16:16:09,956] {processor.py:161} INFO - Processing /opt/airflow/dags/5.1-orchestration.py took 0.051 seconds
[2024-05-20 16:16:40,220] {processor.py:153} INFO - Started process (PID=1480) to work on /opt/airflow/dags/5.1-orchestration.py
[2024-05-20 16:16:40,221] {processor.py:641} INFO - Processing file /opt/airflow/dags/5.1-orchestration.py for tasks to queue
[2024-05-20 16:16:40,221] {logging_mixin.py:115} INFO - [2024-05-20 16:16:40,221] {dagbag.py:508} INFO - Filling up the DagBag from /opt/airflow/dags/5.1-orchestration.py
[2024-05-20 16:16:40,228] {processor.py:651} INFO - DAG(s) dict_keys(['5.1-orchestration']) retrieved from /opt/airflow/dags/5.1-orchestration.py
[2024-05-20 16:16:40,244] {logging_mixin.py:115} INFO - [2024-05-20 16:16:40,244] {dag.py:2420} INFO - Sync 1 DAGs
[2024-05-20 16:16:40,256] {logging_mixin.py:115} INFO - [2024-05-20 16:16:40,256] {dag.py:2972} INFO - Setting next_dagrun for 5.1-orchestration to 2024-05-20T00:00:00+00:00, run_after=2024-05-21T00:00:00+00:00
[2024-05-20 16:16:40,264] {processor.py:161} INFO - Processing /opt/airflow/dags/5.1-orchestration.py took 0.046 seconds
[2024-05-20 16:17:10,504] {processor.py:153} INFO - Started process (PID=1503) to work on /opt/airflow/dags/5.1-orchestration.py
[2024-05-20 16:17:10,504] {processor.py:641} INFO - Processing file /opt/airflow/dags/5.1-orchestration.py for tasks to queue
[2024-05-20 16:17:10,504] {logging_mixin.py:115} INFO - [2024-05-20 16:17:10,504] {dagbag.py:508} INFO - Filling up the DagBag from /opt/airflow/dags/5.1-orchestration.py
[2024-05-20 16:17:10,510] {processor.py:651} INFO - DAG(s) dict_keys(['5.1-orchestration']) retrieved from /opt/airflow/dags/5.1-orchestration.py
[2024-05-20 16:17:10,528] {logging_mixin.py:115} INFO - [2024-05-20 16:17:10,527] {dag.py:2420} INFO - Sync 1 DAGs
[2024-05-20 16:17:10,543] {logging_mixin.py:115} INFO - [2024-05-20 16:17:10,542] {dag.py:2972} INFO - Setting next_dagrun for 5.1-orchestration to 2024-05-20T00:00:00+00:00, run_after=2024-05-21T00:00:00+00:00
[2024-05-20 16:17:10,552] {processor.py:161} INFO - Processing /opt/airflow/dags/5.1-orchestration.py took 0.050 seconds
[2024-05-20 16:17:40,788] {processor.py:153} INFO - Started process (PID=1537) to work on /opt/airflow/dags/5.1-orchestration.py
[2024-05-20 16:17:40,789] {processor.py:641} INFO - Processing file /opt/airflow/dags/5.1-orchestration.py for tasks to queue
[2024-05-20 16:17:40,789] {logging_mixin.py:115} INFO - [2024-05-20 16:17:40,789] {dagbag.py:508} INFO - Filling up the DagBag from /opt/airflow/dags/5.1-orchestration.py
[2024-05-20 16:17:40,798] {processor.py:651} INFO - DAG(s) dict_keys(['5.1-orchestration']) retrieved from /opt/airflow/dags/5.1-orchestration.py
[2024-05-20 16:17:40,820] {logging_mixin.py:115} INFO - [2024-05-20 16:17:40,820] {dag.py:2420} INFO - Sync 1 DAGs
[2024-05-20 16:17:40,838] {logging_mixin.py:115} INFO - [2024-05-20 16:17:40,838] {dag.py:2972} INFO - Setting next_dagrun for 5.1-orchestration to 2024-05-20T00:00:00+00:00, run_after=2024-05-21T00:00:00+00:00
[2024-05-20 16:17:40,850] {processor.py:161} INFO - Processing /opt/airflow/dags/5.1-orchestration.py took 0.064 seconds
[2024-05-20 16:18:11,099] {processor.py:153} INFO - Started process (PID=1571) to work on /opt/airflow/dags/5.1-orchestration.py
[2024-05-20 16:18:11,099] {processor.py:641} INFO - Processing file /opt/airflow/dags/5.1-orchestration.py for tasks to queue
[2024-05-20 16:18:11,100] {logging_mixin.py:115} INFO - [2024-05-20 16:18:11,100] {dagbag.py:508} INFO - Filling up the DagBag from /opt/airflow/dags/5.1-orchestration.py
[2024-05-20 16:18:11,107] {processor.py:651} INFO - DAG(s) dict_keys(['5.1-orchestration']) retrieved from /opt/airflow/dags/5.1-orchestration.py
[2024-05-20 16:18:11,122] {logging_mixin.py:115} INFO - [2024-05-20 16:18:11,122] {dag.py:2420} INFO - Sync 1 DAGs
[2024-05-20 16:18:11,137] {logging_mixin.py:115} INFO - [2024-05-20 16:18:11,137] {dag.py:2972} INFO - Setting next_dagrun for 5.1-orchestration to 2024-05-20T00:00:00+00:00, run_after=2024-05-21T00:00:00+00:00
[2024-05-20 16:18:11,146] {processor.py:161} INFO - Processing /opt/airflow/dags/5.1-orchestration.py took 0.049 seconds
[2024-05-20 16:18:41,401] {processor.py:153} INFO - Started process (PID=1604) to work on /opt/airflow/dags/5.1-orchestration.py
[2024-05-20 16:18:41,401] {processor.py:641} INFO - Processing file /opt/airflow/dags/5.1-orchestration.py for tasks to queue
[2024-05-20 16:18:41,402] {logging_mixin.py:115} INFO - [2024-05-20 16:18:41,402] {dagbag.py:508} INFO - Filling up the DagBag from /opt/airflow/dags/5.1-orchestration.py
[2024-05-20 16:18:41,409] {processor.py:651} INFO - DAG(s) dict_keys(['5.1-orchestration']) retrieved from /opt/airflow/dags/5.1-orchestration.py
[2024-05-20 16:18:41,424] {logging_mixin.py:115} INFO - [2024-05-20 16:18:41,424] {dag.py:2420} INFO - Sync 1 DAGs
[2024-05-20 16:18:41,438] {logging_mixin.py:115} INFO - [2024-05-20 16:18:41,438] {dag.py:2972} INFO - Setting next_dagrun for 5.1-orchestration to 2024-05-20T00:00:00+00:00, run_after=2024-05-21T00:00:00+00:00
[2024-05-20 16:18:41,447] {processor.py:161} INFO - Processing /opt/airflow/dags/5.1-orchestration.py took 0.048 seconds
[2024-05-20 16:19:11,676] {processor.py:153} INFO - Started process (PID=1637) to work on /opt/airflow/dags/5.1-orchestration.py
[2024-05-20 16:19:11,676] {processor.py:641} INFO - Processing file /opt/airflow/dags/5.1-orchestration.py for tasks to queue
[2024-05-20 16:19:11,677] {logging_mixin.py:115} INFO - [2024-05-20 16:19:11,677] {dagbag.py:508} INFO - Filling up the DagBag from /opt/airflow/dags/5.1-orchestration.py
[2024-05-20 16:19:11,683] {processor.py:651} INFO - DAG(s) dict_keys(['5.1-orchestration']) retrieved from /opt/airflow/dags/5.1-orchestration.py
[2024-05-20 16:19:11,700] {logging_mixin.py:115} INFO - [2024-05-20 16:19:11,700] {dag.py:2420} INFO - Sync 1 DAGs
[2024-05-20 16:19:11,714] {logging_mixin.py:115} INFO - [2024-05-20 16:19:11,713] {dag.py:2972} INFO - Setting next_dagrun for 5.1-orchestration to 2024-05-20T00:00:00+00:00, run_after=2024-05-21T00:00:00+00:00
[2024-05-20 16:19:11,723] {processor.py:161} INFO - Processing /opt/airflow/dags/5.1-orchestration.py took 0.048 seconds
[2024-05-20 16:19:41,967] {processor.py:153} INFO - Started process (PID=1662) to work on /opt/airflow/dags/5.1-orchestration.py
[2024-05-20 16:19:41,967] {processor.py:641} INFO - Processing file /opt/airflow/dags/5.1-orchestration.py for tasks to queue
[2024-05-20 16:19:41,967] {logging_mixin.py:115} INFO - [2024-05-20 16:19:41,967] {dagbag.py:508} INFO - Filling up the DagBag from /opt/airflow/dags/5.1-orchestration.py
[2024-05-20 16:19:41,974] {processor.py:651} INFO - DAG(s) dict_keys(['5.1-orchestration']) retrieved from /opt/airflow/dags/5.1-orchestration.py
[2024-05-20 16:19:41,990] {logging_mixin.py:115} INFO - [2024-05-20 16:19:41,990] {dag.py:2420} INFO - Sync 1 DAGs
[2024-05-20 16:19:42,005] {logging_mixin.py:115} INFO - [2024-05-20 16:19:42,004] {dag.py:2972} INFO - Setting next_dagrun for 5.1-orchestration to 2024-05-20T00:00:00+00:00, run_after=2024-05-21T00:00:00+00:00
[2024-05-20 16:19:42,035] {processor.py:161} INFO - Processing /opt/airflow/dags/5.1-orchestration.py took 0.070 seconds
[2024-05-20 16:20:12,326] {processor.py:153} INFO - Started process (PID=1696) to work on /opt/airflow/dags/5.1-orchestration.py
[2024-05-20 16:20:12,327] {processor.py:641} INFO - Processing file /opt/airflow/dags/5.1-orchestration.py for tasks to queue
[2024-05-20 16:20:12,327] {logging_mixin.py:115} INFO - [2024-05-20 16:20:12,327] {dagbag.py:508} INFO - Filling up the DagBag from /opt/airflow/dags/5.1-orchestration.py
[2024-05-20 16:20:12,333] {processor.py:651} INFO - DAG(s) dict_keys(['5.1-orchestration']) retrieved from /opt/airflow/dags/5.1-orchestration.py
[2024-05-20 16:20:12,349] {logging_mixin.py:115} INFO - [2024-05-20 16:20:12,349] {dag.py:2420} INFO - Sync 1 DAGs
[2024-05-20 16:20:12,364] {logging_mixin.py:115} INFO - [2024-05-20 16:20:12,364] {dag.py:2972} INFO - Setting next_dagrun for 5.1-orchestration to 2024-05-20T00:00:00+00:00, run_after=2024-05-21T00:00:00+00:00
[2024-05-20 16:20:12,371] {processor.py:161} INFO - Processing /opt/airflow/dags/5.1-orchestration.py took 0.047 seconds
[2024-05-20 16:20:42,564] {processor.py:153} INFO - Started process (PID=1730) to work on /opt/airflow/dags/5.1-orchestration.py
[2024-05-20 16:20:42,564] {processor.py:641} INFO - Processing file /opt/airflow/dags/5.1-orchestration.py for tasks to queue
[2024-05-20 16:20:42,565] {logging_mixin.py:115} INFO - [2024-05-20 16:20:42,565] {dagbag.py:508} INFO - Filling up the DagBag from /opt/airflow/dags/5.1-orchestration.py
[2024-05-20 16:20:42,572] {processor.py:651} INFO - DAG(s) dict_keys(['5.1-orchestration']) retrieved from /opt/airflow/dags/5.1-orchestration.py
[2024-05-20 16:20:42,592] {logging_mixin.py:115} INFO - [2024-05-20 16:20:42,592] {dag.py:2420} INFO - Sync 1 DAGs
[2024-05-20 16:20:42,609] {logging_mixin.py:115} INFO - [2024-05-20 16:20:42,609] {dag.py:2972} INFO - Setting next_dagrun for 5.1-orchestration to 2024-05-20T00:00:00+00:00, run_after=2024-05-21T00:00:00+00:00
[2024-05-20 16:20:42,618] {processor.py:161} INFO - Processing /opt/airflow/dags/5.1-orchestration.py took 0.056 seconds
[2024-05-20 16:21:12,876] {processor.py:153} INFO - Started process (PID=1763) to work on /opt/airflow/dags/5.1-orchestration.py
[2024-05-20 16:21:12,876] {processor.py:641} INFO - Processing file /opt/airflow/dags/5.1-orchestration.py for tasks to queue
[2024-05-20 16:21:12,877] {logging_mixin.py:115} INFO - [2024-05-20 16:21:12,877] {dagbag.py:508} INFO - Filling up the DagBag from /opt/airflow/dags/5.1-orchestration.py
[2024-05-20 16:21:12,885] {processor.py:651} INFO - DAG(s) dict_keys(['5.1-orchestration']) retrieved from /opt/airflow/dags/5.1-orchestration.py
[2024-05-20 16:21:12,902] {logging_mixin.py:115} INFO - [2024-05-20 16:21:12,902] {dag.py:2420} INFO - Sync 1 DAGs
[2024-05-20 16:21:12,918] {logging_mixin.py:115} INFO - [2024-05-20 16:21:12,918] {dag.py:2972} INFO - Setting next_dagrun for 5.1-orchestration to 2024-05-20T00:00:00+00:00, run_after=2024-05-21T00:00:00+00:00
[2024-05-20 16:21:12,927] {processor.py:161} INFO - Processing /opt/airflow/dags/5.1-orchestration.py took 0.053 seconds
[2024-05-20 16:21:43,142] {processor.py:153} INFO - Started process (PID=1797) to work on /opt/airflow/dags/5.1-orchestration.py
[2024-05-20 16:21:43,143] {processor.py:641} INFO - Processing file /opt/airflow/dags/5.1-orchestration.py for tasks to queue
[2024-05-20 16:21:43,143] {logging_mixin.py:115} INFO - [2024-05-20 16:21:43,143] {dagbag.py:508} INFO - Filling up the DagBag from /opt/airflow/dags/5.1-orchestration.py
[2024-05-20 16:21:43,149] {processor.py:651} INFO - DAG(s) dict_keys(['5.1-orchestration']) retrieved from /opt/airflow/dags/5.1-orchestration.py
[2024-05-20 16:21:43,165] {logging_mixin.py:115} INFO - [2024-05-20 16:21:43,164] {dag.py:2420} INFO - Sync 1 DAGs
[2024-05-20 16:21:43,178] {logging_mixin.py:115} INFO - [2024-05-20 16:21:43,178] {dag.py:2972} INFO - Setting next_dagrun for 5.1-orchestration to 2024-05-20T00:00:00+00:00, run_after=2024-05-21T00:00:00+00:00
[2024-05-20 16:21:43,187] {processor.py:161} INFO - Processing /opt/airflow/dags/5.1-orchestration.py took 0.047 seconds
[2024-05-20 16:22:13,417] {processor.py:153} INFO - Started process (PID=1822) to work on /opt/airflow/dags/5.1-orchestration.py
[2024-05-20 16:22:13,418] {processor.py:641} INFO - Processing file /opt/airflow/dags/5.1-orchestration.py for tasks to queue
[2024-05-20 16:22:13,419] {logging_mixin.py:115} INFO - [2024-05-20 16:22:13,419] {dagbag.py:508} INFO - Filling up the DagBag from /opt/airflow/dags/5.1-orchestration.py
[2024-05-20 16:22:13,425] {processor.py:651} INFO - DAG(s) dict_keys(['5.1-orchestration']) retrieved from /opt/airflow/dags/5.1-orchestration.py
[2024-05-20 16:22:13,441] {logging_mixin.py:115} INFO - [2024-05-20 16:22:13,441] {dag.py:2420} INFO - Sync 1 DAGs
[2024-05-20 16:22:13,454] {logging_mixin.py:115} INFO - [2024-05-20 16:22:13,454] {dag.py:2972} INFO - Setting next_dagrun for 5.1-orchestration to 2024-05-20T00:00:00+00:00, run_after=2024-05-21T00:00:00+00:00
[2024-05-20 16:22:13,462] {processor.py:161} INFO - Processing /opt/airflow/dags/5.1-orchestration.py took 0.046 seconds
[2024-05-20 16:22:43,694] {processor.py:153} INFO - Started process (PID=1855) to work on /opt/airflow/dags/5.1-orchestration.py
[2024-05-20 16:22:43,694] {processor.py:641} INFO - Processing file /opt/airflow/dags/5.1-orchestration.py for tasks to queue
[2024-05-20 16:22:43,695] {logging_mixin.py:115} INFO - [2024-05-20 16:22:43,695] {dagbag.py:508} INFO - Filling up the DagBag from /opt/airflow/dags/5.1-orchestration.py
[2024-05-20 16:22:43,701] {processor.py:651} INFO - DAG(s) dict_keys(['5.1-orchestration']) retrieved from /opt/airflow/dags/5.1-orchestration.py
[2024-05-20 16:22:43,716] {logging_mixin.py:115} INFO - [2024-05-20 16:22:43,716] {dag.py:2420} INFO - Sync 1 DAGs
[2024-05-20 16:22:43,729] {logging_mixin.py:115} INFO - [2024-05-20 16:22:43,729] {dag.py:2972} INFO - Setting next_dagrun for 5.1-orchestration to 2024-05-20T00:00:00+00:00, run_after=2024-05-21T00:00:00+00:00
[2024-05-20 16:22:43,738] {processor.py:161} INFO - Processing /opt/airflow/dags/5.1-orchestration.py took 0.046 seconds
[2024-05-20 16:23:13,982] {processor.py:153} INFO - Started process (PID=1888) to work on /opt/airflow/dags/5.1-orchestration.py
[2024-05-20 16:23:13,983] {processor.py:641} INFO - Processing file /opt/airflow/dags/5.1-orchestration.py for tasks to queue
[2024-05-20 16:23:13,983] {logging_mixin.py:115} INFO - [2024-05-20 16:23:13,983] {dagbag.py:508} INFO - Filling up the DagBag from /opt/airflow/dags/5.1-orchestration.py
[2024-05-20 16:23:13,994] {processor.py:651} INFO - DAG(s) dict_keys(['5.1-orchestration']) retrieved from /opt/airflow/dags/5.1-orchestration.py
[2024-05-20 16:23:14,012] {logging_mixin.py:115} INFO - [2024-05-20 16:23:14,012] {dag.py:2420} INFO - Sync 1 DAGs
[2024-05-20 16:23:14,026] {logging_mixin.py:115} INFO - [2024-05-20 16:23:14,026] {dag.py:2972} INFO - Setting next_dagrun for 5.1-orchestration to 2024-05-20T00:00:00+00:00, run_after=2024-05-21T00:00:00+00:00
[2024-05-20 16:23:14,034] {processor.py:161} INFO - Processing /opt/airflow/dags/5.1-orchestration.py took 0.053 seconds
[2024-05-20 16:23:44,271] {processor.py:153} INFO - Started process (PID=1922) to work on /opt/airflow/dags/5.1-orchestration.py
[2024-05-20 16:23:44,272] {processor.py:641} INFO - Processing file /opt/airflow/dags/5.1-orchestration.py for tasks to queue
[2024-05-20 16:23:44,272] {logging_mixin.py:115} INFO - [2024-05-20 16:23:44,272] {dagbag.py:508} INFO - Filling up the DagBag from /opt/airflow/dags/5.1-orchestration.py
[2024-05-20 16:23:44,278] {processor.py:651} INFO - DAG(s) dict_keys(['5.1-orchestration']) retrieved from /opt/airflow/dags/5.1-orchestration.py
[2024-05-20 16:23:44,294] {logging_mixin.py:115} INFO - [2024-05-20 16:23:44,294] {dag.py:2420} INFO - Sync 1 DAGs
[2024-05-20 16:23:44,308] {logging_mixin.py:115} INFO - [2024-05-20 16:23:44,308] {dag.py:2972} INFO - Setting next_dagrun for 5.1-orchestration to 2024-05-20T00:00:00+00:00, run_after=2024-05-21T00:00:00+00:00
[2024-05-20 16:23:44,316] {processor.py:161} INFO - Processing /opt/airflow/dags/5.1-orchestration.py took 0.047 seconds
[2024-05-20 16:24:14,507] {processor.py:153} INFO - Started process (PID=1956) to work on /opt/airflow/dags/5.1-orchestration.py
[2024-05-20 16:24:14,507] {processor.py:641} INFO - Processing file /opt/airflow/dags/5.1-orchestration.py for tasks to queue
[2024-05-20 16:24:14,507] {logging_mixin.py:115} INFO - [2024-05-20 16:24:14,507] {dagbag.py:508} INFO - Filling up the DagBag from /opt/airflow/dags/5.1-orchestration.py
[2024-05-20 16:24:14,514] {processor.py:651} INFO - DAG(s) dict_keys(['5.1-orchestration']) retrieved from /opt/airflow/dags/5.1-orchestration.py
[2024-05-20 16:24:14,529] {logging_mixin.py:115} INFO - [2024-05-20 16:24:14,529] {dag.py:2420} INFO - Sync 1 DAGs
[2024-05-20 16:24:14,542] {logging_mixin.py:115} INFO - [2024-05-20 16:24:14,542] {dag.py:2972} INFO - Setting next_dagrun for 5.1-orchestration to 2024-05-20T00:00:00+00:00, run_after=2024-05-21T00:00:00+00:00
[2024-05-20 16:24:14,550] {processor.py:161} INFO - Processing /opt/airflow/dags/5.1-orchestration.py took 0.045 seconds
[2024-05-20 16:24:44,799] {processor.py:153} INFO - Started process (PID=1990) to work on /opt/airflow/dags/5.1-orchestration.py
[2024-05-20 16:24:44,799] {processor.py:641} INFO - Processing file /opt/airflow/dags/5.1-orchestration.py for tasks to queue
[2024-05-20 16:24:44,800] {logging_mixin.py:115} INFO - [2024-05-20 16:24:44,800] {dagbag.py:508} INFO - Filling up the DagBag from /opt/airflow/dags/5.1-orchestration.py
[2024-05-20 16:24:44,807] {processor.py:651} INFO - DAG(s) dict_keys(['5.1-orchestration']) retrieved from /opt/airflow/dags/5.1-orchestration.py
[2024-05-20 16:24:44,829] {logging_mixin.py:115} INFO - [2024-05-20 16:24:44,829] {dag.py:2420} INFO - Sync 1 DAGs
[2024-05-20 16:24:44,842] {logging_mixin.py:115} INFO - [2024-05-20 16:24:44,842] {dag.py:2972} INFO - Setting next_dagrun for 5.1-orchestration to 2024-05-20T00:00:00+00:00, run_after=2024-05-21T00:00:00+00:00
[2024-05-20 16:24:44,852] {processor.py:161} INFO - Processing /opt/airflow/dags/5.1-orchestration.py took 0.055 seconds
[2024-05-20 16:25:15,095] {processor.py:153} INFO - Started process (PID=2015) to work on /opt/airflow/dags/5.1-orchestration.py
[2024-05-20 16:25:15,095] {processor.py:641} INFO - Processing file /opt/airflow/dags/5.1-orchestration.py for tasks to queue
[2024-05-20 16:25:15,096] {logging_mixin.py:115} INFO - [2024-05-20 16:25:15,096] {dagbag.py:508} INFO - Filling up the DagBag from /opt/airflow/dags/5.1-orchestration.py
[2024-05-20 16:25:15,104] {processor.py:651} INFO - DAG(s) dict_keys(['5.1-orchestration']) retrieved from /opt/airflow/dags/5.1-orchestration.py
[2024-05-20 16:25:15,120] {logging_mixin.py:115} INFO - [2024-05-20 16:25:15,120] {dag.py:2420} INFO - Sync 1 DAGs
[2024-05-20 16:25:15,133] {logging_mixin.py:115} INFO - [2024-05-20 16:25:15,133] {dag.py:2972} INFO - Setting next_dagrun for 5.1-orchestration to 2024-05-20T00:00:00+00:00, run_after=2024-05-21T00:00:00+00:00
[2024-05-20 16:25:15,140] {processor.py:161} INFO - Processing /opt/airflow/dags/5.1-orchestration.py took 0.048 seconds
[2024-05-20 16:25:45,336] {processor.py:153} INFO - Started process (PID=2048) to work on /opt/airflow/dags/5.1-orchestration.py
[2024-05-20 16:25:45,337] {processor.py:641} INFO - Processing file /opt/airflow/dags/5.1-orchestration.py for tasks to queue
[2024-05-20 16:25:45,337] {logging_mixin.py:115} INFO - [2024-05-20 16:25:45,337] {dagbag.py:508} INFO - Filling up the DagBag from /opt/airflow/dags/5.1-orchestration.py
[2024-05-20 16:25:45,344] {processor.py:651} INFO - DAG(s) dict_keys(['5.1-orchestration']) retrieved from /opt/airflow/dags/5.1-orchestration.py
[2024-05-20 16:25:45,362] {logging_mixin.py:115} INFO - [2024-05-20 16:25:45,362] {dag.py:2420} INFO - Sync 1 DAGs
[2024-05-20 16:25:45,375] {logging_mixin.py:115} INFO - [2024-05-20 16:25:45,375] {dag.py:2972} INFO - Setting next_dagrun for 5.1-orchestration to 2024-05-20T00:00:00+00:00, run_after=2024-05-21T00:00:00+00:00
[2024-05-20 16:25:45,383] {processor.py:161} INFO - Processing /opt/airflow/dags/5.1-orchestration.py took 0.048 seconds
[2024-05-20 16:26:15,629] {processor.py:153} INFO - Started process (PID=2082) to work on /opt/airflow/dags/5.1-orchestration.py
[2024-05-20 16:26:15,630] {processor.py:641} INFO - Processing file /opt/airflow/dags/5.1-orchestration.py for tasks to queue
[2024-05-20 16:26:15,630] {logging_mixin.py:115} INFO - [2024-05-20 16:26:15,630] {dagbag.py:508} INFO - Filling up the DagBag from /opt/airflow/dags/5.1-orchestration.py
[2024-05-20 16:26:15,638] {processor.py:651} INFO - DAG(s) dict_keys(['5.1-orchestration']) retrieved from /opt/airflow/dags/5.1-orchestration.py
[2024-05-20 16:26:15,652] {logging_mixin.py:115} INFO - [2024-05-20 16:26:15,652] {dag.py:2420} INFO - Sync 1 DAGs
[2024-05-20 16:26:15,665] {logging_mixin.py:115} INFO - [2024-05-20 16:26:15,665] {dag.py:2972} INFO - Setting next_dagrun for 5.1-orchestration to 2024-05-20T00:00:00+00:00, run_after=2024-05-21T00:00:00+00:00
[2024-05-20 16:26:15,673] {processor.py:161} INFO - Processing /opt/airflow/dags/5.1-orchestration.py took 0.046 seconds
