[2024-05-20 16:06:59,458] {processor.py:153} INFO - Started process (PID=868) to work on /opt/airflow/dags/5.2.orchestration.py
[2024-05-20 16:06:59,458] {processor.py:641} INFO - Processing file /opt/airflow/dags/5.2.orchestration.py for tasks to queue
[2024-05-20 16:06:59,459] {logging_mixin.py:115} INFO - [2024-05-20 16:06:59,459] {dagbag.py:508} INFO - Filling up the DagBag from /opt/airflow/dags/5.2.orchestration.py
[2024-05-20 16:06:59,465] {processor.py:651} INFO - DAG(s) dict_keys(['5.2-orchestration']) retrieved from /opt/airflow/dags/5.2.orchestration.py
[2024-05-20 16:06:59,515] {logging_mixin.py:115} INFO - [2024-05-20 16:06:59,515] {manager.py:508} INFO - Created Permission View: can read on DAG:5.2-orchestration
[2024-05-20 16:06:59,521] {logging_mixin.py:115} INFO - [2024-05-20 16:06:59,521] {manager.py:508} INFO - Created Permission View: can delete on DAG:5.2-orchestration
[2024-05-20 16:06:59,526] {logging_mixin.py:115} INFO - [2024-05-20 16:06:59,526] {manager.py:508} INFO - Created Permission View: can edit on DAG:5.2-orchestration
[2024-05-20 16:06:59,526] {logging_mixin.py:115} INFO - [2024-05-20 16:06:59,526] {dag.py:2420} INFO - Sync 1 DAGs
[2024-05-20 16:06:59,532] {logging_mixin.py:115} INFO - [2024-05-20 16:06:59,532] {dag.py:2439} INFO - Creating ORM DAG for 5.2-orchestration
[2024-05-20 16:06:59,541] {logging_mixin.py:115} INFO - [2024-05-20 16:06:59,541] {dag.py:2972} INFO - Setting next_dagrun for 5.2-orchestration to 2024-01-20T00:00:00+00:00, run_after=2024-01-21T00:00:00+00:00
[2024-05-20 16:06:59,551] {processor.py:161} INFO - Processing /opt/airflow/dags/5.2.orchestration.py took 0.094 seconds
[2024-05-20 16:07:29,753] {processor.py:153} INFO - Started process (PID=902) to work on /opt/airflow/dags/5.2.orchestration.py
[2024-05-20 16:07:29,754] {processor.py:641} INFO - Processing file /opt/airflow/dags/5.2.orchestration.py for tasks to queue
[2024-05-20 16:07:29,754] {logging_mixin.py:115} INFO - [2024-05-20 16:07:29,754] {dagbag.py:508} INFO - Filling up the DagBag from /opt/airflow/dags/5.2.orchestration.py
[2024-05-20 16:07:29,759] {processor.py:651} INFO - DAG(s) dict_keys(['5.2-orchestration']) retrieved from /opt/airflow/dags/5.2.orchestration.py
[2024-05-20 16:07:29,781] {logging_mixin.py:115} INFO - [2024-05-20 16:07:29,781] {dag.py:2420} INFO - Sync 1 DAGs
[2024-05-20 16:07:29,796] {logging_mixin.py:115} INFO - [2024-05-20 16:07:29,796] {dag.py:2972} INFO - Setting next_dagrun for 5.2-orchestration to 2024-01-20T00:00:00+00:00, run_after=2024-01-21T00:00:00+00:00
[2024-05-20 16:07:29,808] {processor.py:161} INFO - Processing /opt/airflow/dags/5.2.orchestration.py took 0.057 seconds
[2024-05-20 16:07:45,013] {processor.py:153} INFO - Started process (PID=918) to work on /opt/airflow/dags/5.2.orchestration.py
[2024-05-20 16:07:45,013] {processor.py:641} INFO - Processing file /opt/airflow/dags/5.2.orchestration.py for tasks to queue
[2024-05-20 16:07:45,014] {logging_mixin.py:115} INFO - [2024-05-20 16:07:45,014] {dagbag.py:508} INFO - Filling up the DagBag from /opt/airflow/dags/5.2.orchestration.py
[2024-05-20 16:07:45,020] {processor.py:651} INFO - DAG(s) dict_keys(['5.2-orchestration']) retrieved from /opt/airflow/dags/5.2.orchestration.py
[2024-05-20 16:07:45,061] {logging_mixin.py:115} INFO - [2024-05-20 16:07:45,061] {dag.py:2420} INFO - Sync 1 DAGs
[2024-05-20 16:07:45,074] {logging_mixin.py:115} INFO - [2024-05-20 16:07:45,074] {dag.py:2972} INFO - Setting next_dagrun for 5.2-orchestration to 2024-01-22T07:00:00+00:00, run_after=2024-01-29T07:00:00+00:00
[2024-05-20 16:07:45,085] {processor.py:161} INFO - Processing /opt/airflow/dags/5.2.orchestration.py took 0.074 seconds
[2024-05-20 16:08:15,315] {processor.py:153} INFO - Started process (PID=951) to work on /opt/airflow/dags/5.2.orchestration.py
[2024-05-20 16:08:15,315] {processor.py:641} INFO - Processing file /opt/airflow/dags/5.2.orchestration.py for tasks to queue
[2024-05-20 16:08:15,315] {logging_mixin.py:115} INFO - [2024-05-20 16:08:15,315] {dagbag.py:508} INFO - Filling up the DagBag from /opt/airflow/dags/5.2.orchestration.py
[2024-05-20 16:08:15,320] {processor.py:651} INFO - DAG(s) dict_keys(['5.2-orchestration']) retrieved from /opt/airflow/dags/5.2.orchestration.py
[2024-05-20 16:08:15,335] {logging_mixin.py:115} INFO - [2024-05-20 16:08:15,335] {dag.py:2420} INFO - Sync 1 DAGs
[2024-05-20 16:08:15,350] {logging_mixin.py:115} INFO - [2024-05-20 16:08:15,349] {dag.py:2972} INFO - Setting next_dagrun for 5.2-orchestration to 2024-01-22T07:00:00+00:00, run_after=2024-01-29T07:00:00+00:00
[2024-05-20 16:08:15,357] {processor.py:161} INFO - Processing /opt/airflow/dags/5.2.orchestration.py took 0.044 seconds
[2024-05-20 16:08:34,392] {processor.py:153} INFO - Started process (PID=969) to work on /opt/airflow/dags/5.2.orchestration.py
[2024-05-20 16:08:34,393] {processor.py:641} INFO - Processing file /opt/airflow/dags/5.2.orchestration.py for tasks to queue
[2024-05-20 16:08:34,393] {logging_mixin.py:115} INFO - [2024-05-20 16:08:34,393] {dagbag.py:508} INFO - Filling up the DagBag from /opt/airflow/dags/5.2.orchestration.py
[2024-05-20 16:08:34,399] {processor.py:651} INFO - DAG(s) dict_keys(['5.2-orchestration']) retrieved from /opt/airflow/dags/5.2.orchestration.py
[2024-05-20 16:08:34,440] {logging_mixin.py:115} INFO - [2024-05-20 16:08:34,439] {dag.py:2420} INFO - Sync 1 DAGs
[2024-05-20 16:08:34,453] {logging_mixin.py:115} INFO - [2024-05-20 16:08:34,453] {dag.py:2972} INFO - Setting next_dagrun for 5.2-orchestration to 2024-03-25T07:00:00+00:00, run_after=2024-04-01T07:00:00+00:00
[2024-05-20 16:08:34,463] {processor.py:161} INFO - Processing /opt/airflow/dags/5.2.orchestration.py took 0.073 seconds
[2024-05-20 16:09:04,686] {processor.py:153} INFO - Started process (PID=994) to work on /opt/airflow/dags/5.2.orchestration.py
[2024-05-20 16:09:04,686] {processor.py:641} INFO - Processing file /opt/airflow/dags/5.2.orchestration.py for tasks to queue
[2024-05-20 16:09:04,686] {logging_mixin.py:115} INFO - [2024-05-20 16:09:04,686] {dagbag.py:508} INFO - Filling up the DagBag from /opt/airflow/dags/5.2.orchestration.py
[2024-05-20 16:09:04,691] {processor.py:651} INFO - DAG(s) dict_keys(['5.2-orchestration']) retrieved from /opt/airflow/dags/5.2.orchestration.py
[2024-05-20 16:09:04,707] {logging_mixin.py:115} INFO - [2024-05-20 16:09:04,707] {dag.py:2420} INFO - Sync 1 DAGs
[2024-05-20 16:09:04,721] {logging_mixin.py:115} INFO - [2024-05-20 16:09:04,721] {dag.py:2972} INFO - Setting next_dagrun for 5.2-orchestration to None, run_after=None
[2024-05-20 16:09:04,729] {processor.py:161} INFO - Processing /opt/airflow/dags/5.2.orchestration.py took 0.045 seconds
[2024-05-20 16:09:34,971] {processor.py:153} INFO - Started process (PID=1028) to work on /opt/airflow/dags/5.2.orchestration.py
[2024-05-20 16:09:34,971] {processor.py:641} INFO - Processing file /opt/airflow/dags/5.2.orchestration.py for tasks to queue
[2024-05-20 16:09:34,972] {logging_mixin.py:115} INFO - [2024-05-20 16:09:34,972] {dagbag.py:508} INFO - Filling up the DagBag from /opt/airflow/dags/5.2.orchestration.py
[2024-05-20 16:09:34,976] {processor.py:651} INFO - DAG(s) dict_keys(['5.2-orchestration']) retrieved from /opt/airflow/dags/5.2.orchestration.py
[2024-05-20 16:09:34,992] {logging_mixin.py:115} INFO - [2024-05-20 16:09:34,992] {dag.py:2420} INFO - Sync 1 DAGs
[2024-05-20 16:09:35,006] {logging_mixin.py:115} INFO - [2024-05-20 16:09:35,006] {dag.py:2972} INFO - Setting next_dagrun for 5.2-orchestration to None, run_after=None
[2024-05-20 16:09:35,014] {processor.py:161} INFO - Processing /opt/airflow/dags/5.2.orchestration.py took 0.045 seconds
[2024-05-20 16:10:05,257] {processor.py:153} INFO - Started process (PID=1062) to work on /opt/airflow/dags/5.2.orchestration.py
[2024-05-20 16:10:05,257] {processor.py:641} INFO - Processing file /opt/airflow/dags/5.2.orchestration.py for tasks to queue
[2024-05-20 16:10:05,258] {logging_mixin.py:115} INFO - [2024-05-20 16:10:05,258] {dagbag.py:508} INFO - Filling up the DagBag from /opt/airflow/dags/5.2.orchestration.py
[2024-05-20 16:10:05,262] {processor.py:651} INFO - DAG(s) dict_keys(['5.2-orchestration']) retrieved from /opt/airflow/dags/5.2.orchestration.py
[2024-05-20 16:10:05,278] {logging_mixin.py:115} INFO - [2024-05-20 16:10:05,277] {dag.py:2420} INFO - Sync 1 DAGs
[2024-05-20 16:10:05,291] {logging_mixin.py:115} INFO - [2024-05-20 16:10:05,290] {dag.py:2972} INFO - Setting next_dagrun for 5.2-orchestration to None, run_after=None
[2024-05-20 16:10:05,298] {processor.py:161} INFO - Processing /opt/airflow/dags/5.2.orchestration.py took 0.044 seconds
[2024-05-20 16:10:35,551] {processor.py:153} INFO - Started process (PID=1095) to work on /opt/airflow/dags/5.2.orchestration.py
[2024-05-20 16:10:35,552] {processor.py:641} INFO - Processing file /opt/airflow/dags/5.2.orchestration.py for tasks to queue
[2024-05-20 16:10:35,552] {logging_mixin.py:115} INFO - [2024-05-20 16:10:35,552] {dagbag.py:508} INFO - Filling up the DagBag from /opt/airflow/dags/5.2.orchestration.py
[2024-05-20 16:10:35,556] {processor.py:651} INFO - DAG(s) dict_keys(['5.2-orchestration']) retrieved from /opt/airflow/dags/5.2.orchestration.py
[2024-05-20 16:10:35,572] {logging_mixin.py:115} INFO - [2024-05-20 16:10:35,572] {dag.py:2420} INFO - Sync 1 DAGs
[2024-05-20 16:10:35,587] {logging_mixin.py:115} INFO - [2024-05-20 16:10:35,587] {dag.py:2972} INFO - Setting next_dagrun for 5.2-orchestration to None, run_after=None
[2024-05-20 16:10:35,596] {processor.py:161} INFO - Processing /opt/airflow/dags/5.2.orchestration.py took 0.047 seconds
[2024-05-20 16:11:05,848] {processor.py:153} INFO - Started process (PID=1129) to work on /opt/airflow/dags/5.2.orchestration.py
[2024-05-20 16:11:05,849] {processor.py:641} INFO - Processing file /opt/airflow/dags/5.2.orchestration.py for tasks to queue
[2024-05-20 16:11:05,849] {logging_mixin.py:115} INFO - [2024-05-20 16:11:05,849] {dagbag.py:508} INFO - Filling up the DagBag from /opt/airflow/dags/5.2.orchestration.py
[2024-05-20 16:11:05,853] {processor.py:651} INFO - DAG(s) dict_keys(['5.2-orchestration']) retrieved from /opt/airflow/dags/5.2.orchestration.py
[2024-05-20 16:11:05,868] {logging_mixin.py:115} INFO - [2024-05-20 16:11:05,868] {dag.py:2420} INFO - Sync 1 DAGs
[2024-05-20 16:11:05,881] {logging_mixin.py:115} INFO - [2024-05-20 16:11:05,881] {dag.py:2972} INFO - Setting next_dagrun for 5.2-orchestration to None, run_after=None
[2024-05-20 16:11:05,889] {processor.py:161} INFO - Processing /opt/airflow/dags/5.2.orchestration.py took 0.042 seconds
[2024-05-20 16:11:36,124] {processor.py:153} INFO - Started process (PID=1154) to work on /opt/airflow/dags/5.2.orchestration.py
[2024-05-20 16:11:36,125] {processor.py:641} INFO - Processing file /opt/airflow/dags/5.2.orchestration.py for tasks to queue
[2024-05-20 16:11:36,125] {logging_mixin.py:115} INFO - [2024-05-20 16:11:36,125] {dagbag.py:508} INFO - Filling up the DagBag from /opt/airflow/dags/5.2.orchestration.py
[2024-05-20 16:11:36,130] {processor.py:651} INFO - DAG(s) dict_keys(['5.2-orchestration']) retrieved from /opt/airflow/dags/5.2.orchestration.py
[2024-05-20 16:11:36,146] {logging_mixin.py:115} INFO - [2024-05-20 16:11:36,146] {dag.py:2420} INFO - Sync 1 DAGs
[2024-05-20 16:11:36,160] {logging_mixin.py:115} INFO - [2024-05-20 16:11:36,160] {dag.py:2972} INFO - Setting next_dagrun for 5.2-orchestration to None, run_after=None
[2024-05-20 16:11:36,169] {processor.py:161} INFO - Processing /opt/airflow/dags/5.2.orchestration.py took 0.046 seconds
[2024-05-20 16:12:06,456] {processor.py:153} INFO - Started process (PID=1188) to work on /opt/airflow/dags/5.2.orchestration.py
[2024-05-20 16:12:06,457] {processor.py:641} INFO - Processing file /opt/airflow/dags/5.2.orchestration.py for tasks to queue
[2024-05-20 16:12:06,457] {logging_mixin.py:115} INFO - [2024-05-20 16:12:06,457] {dagbag.py:508} INFO - Filling up the DagBag from /opt/airflow/dags/5.2.orchestration.py
[2024-05-20 16:12:06,462] {processor.py:651} INFO - DAG(s) dict_keys(['5.2-orchestration']) retrieved from /opt/airflow/dags/5.2.orchestration.py
[2024-05-20 16:12:06,478] {logging_mixin.py:115} INFO - [2024-05-20 16:12:06,478] {dag.py:2420} INFO - Sync 1 DAGs
[2024-05-20 16:12:06,492] {logging_mixin.py:115} INFO - [2024-05-20 16:12:06,492] {dag.py:2972} INFO - Setting next_dagrun for 5.2-orchestration to None, run_after=None
[2024-05-20 16:12:06,500] {processor.py:161} INFO - Processing /opt/airflow/dags/5.2.orchestration.py took 0.045 seconds
[2024-05-20 16:12:36,753] {processor.py:153} INFO - Started process (PID=1221) to work on /opt/airflow/dags/5.2.orchestration.py
[2024-05-20 16:12:36,754] {processor.py:641} INFO - Processing file /opt/airflow/dags/5.2.orchestration.py for tasks to queue
[2024-05-20 16:12:36,754] {logging_mixin.py:115} INFO - [2024-05-20 16:12:36,754] {dagbag.py:508} INFO - Filling up the DagBag from /opt/airflow/dags/5.2.orchestration.py
[2024-05-20 16:12:36,759] {processor.py:651} INFO - DAG(s) dict_keys(['5.2-orchestration']) retrieved from /opt/airflow/dags/5.2.orchestration.py
[2024-05-20 16:12:36,779] {logging_mixin.py:115} INFO - [2024-05-20 16:12:36,779] {dag.py:2420} INFO - Sync 1 DAGs
[2024-05-20 16:12:36,793] {logging_mixin.py:115} INFO - [2024-05-20 16:12:36,793] {dag.py:2972} INFO - Setting next_dagrun for 5.2-orchestration to None, run_after=None
[2024-05-20 16:12:36,801] {processor.py:161} INFO - Processing /opt/airflow/dags/5.2.orchestration.py took 0.050 seconds
[2024-05-20 16:13:07,051] {processor.py:153} INFO - Started process (PID=1255) to work on /opt/airflow/dags/5.2.orchestration.py
[2024-05-20 16:13:07,051] {processor.py:641} INFO - Processing file /opt/airflow/dags/5.2.orchestration.py for tasks to queue
[2024-05-20 16:13:07,052] {logging_mixin.py:115} INFO - [2024-05-20 16:13:07,052] {dagbag.py:508} INFO - Filling up the DagBag from /opt/airflow/dags/5.2.orchestration.py
[2024-05-20 16:13:07,056] {processor.py:651} INFO - DAG(s) dict_keys(['5.2-orchestration']) retrieved from /opt/airflow/dags/5.2.orchestration.py
[2024-05-20 16:13:07,074] {logging_mixin.py:115} INFO - [2024-05-20 16:13:07,074] {dag.py:2420} INFO - Sync 1 DAGs
[2024-05-20 16:13:07,089] {logging_mixin.py:115} INFO - [2024-05-20 16:13:07,089] {dag.py:2972} INFO - Setting next_dagrun for 5.2-orchestration to None, run_after=None
[2024-05-20 16:13:07,097] {processor.py:161} INFO - Processing /opt/airflow/dags/5.2.orchestration.py took 0.048 seconds
[2024-05-20 16:13:37,307] {processor.py:153} INFO - Started process (PID=1289) to work on /opt/airflow/dags/5.2.orchestration.py
[2024-05-20 16:13:37,308] {processor.py:641} INFO - Processing file /opt/airflow/dags/5.2.orchestration.py for tasks to queue
[2024-05-20 16:13:37,308] {logging_mixin.py:115} INFO - [2024-05-20 16:13:37,308] {dagbag.py:508} INFO - Filling up the DagBag from /opt/airflow/dags/5.2.orchestration.py
[2024-05-20 16:13:37,312] {processor.py:651} INFO - DAG(s) dict_keys(['5.2-orchestration']) retrieved from /opt/airflow/dags/5.2.orchestration.py
[2024-05-20 16:13:37,327] {logging_mixin.py:115} INFO - [2024-05-20 16:13:37,327] {dag.py:2420} INFO - Sync 1 DAGs
[2024-05-20 16:13:37,340] {logging_mixin.py:115} INFO - [2024-05-20 16:13:37,340] {dag.py:2972} INFO - Setting next_dagrun for 5.2-orchestration to None, run_after=None
[2024-05-20 16:13:37,348] {processor.py:161} INFO - Processing /opt/airflow/dags/5.2.orchestration.py took 0.042 seconds
[2024-05-20 16:14:07,589] {processor.py:153} INFO - Started process (PID=1313) to work on /opt/airflow/dags/5.2.orchestration.py
[2024-05-20 16:14:07,589] {processor.py:641} INFO - Processing file /opt/airflow/dags/5.2.orchestration.py for tasks to queue
[2024-05-20 16:14:07,589] {logging_mixin.py:115} INFO - [2024-05-20 16:14:07,589] {dagbag.py:508} INFO - Filling up the DagBag from /opt/airflow/dags/5.2.orchestration.py
[2024-05-20 16:14:07,594] {processor.py:651} INFO - DAG(s) dict_keys(['5.2-orchestration']) retrieved from /opt/airflow/dags/5.2.orchestration.py
[2024-05-20 16:14:07,609] {logging_mixin.py:115} INFO - [2024-05-20 16:14:07,609] {dag.py:2420} INFO - Sync 1 DAGs
[2024-05-20 16:14:07,622] {logging_mixin.py:115} INFO - [2024-05-20 16:14:07,622] {dag.py:2972} INFO - Setting next_dagrun for 5.2-orchestration to None, run_after=None
[2024-05-20 16:14:07,630] {processor.py:161} INFO - Processing /opt/airflow/dags/5.2.orchestration.py took 0.043 seconds
[2024-05-20 16:14:38,018] {processor.py:153} INFO - Started process (PID=1346) to work on /opt/airflow/dags/5.2.orchestration.py
[2024-05-20 16:14:38,018] {processor.py:641} INFO - Processing file /opt/airflow/dags/5.2.orchestration.py for tasks to queue
[2024-05-20 16:14:38,019] {logging_mixin.py:115} INFO - [2024-05-20 16:14:38,019] {dagbag.py:508} INFO - Filling up the DagBag from /opt/airflow/dags/5.2.orchestration.py
[2024-05-20 16:14:38,024] {processor.py:651} INFO - DAG(s) dict_keys(['5.2-orchestration']) retrieved from /opt/airflow/dags/5.2.orchestration.py
[2024-05-20 16:14:38,039] {logging_mixin.py:115} INFO - [2024-05-20 16:14:38,039] {dag.py:2420} INFO - Sync 1 DAGs
[2024-05-20 16:14:38,052] {logging_mixin.py:115} INFO - [2024-05-20 16:14:38,052] {dag.py:2972} INFO - Setting next_dagrun for 5.2-orchestration to None, run_after=None
[2024-05-20 16:14:38,059] {processor.py:161} INFO - Processing /opt/airflow/dags/5.2.orchestration.py took 0.044 seconds
[2024-05-20 16:15:08,312] {processor.py:153} INFO - Started process (PID=1380) to work on /opt/airflow/dags/5.2.orchestration.py
[2024-05-20 16:15:08,312] {processor.py:641} INFO - Processing file /opt/airflow/dags/5.2.orchestration.py for tasks to queue
[2024-05-20 16:15:08,313] {logging_mixin.py:115} INFO - [2024-05-20 16:15:08,313] {dagbag.py:508} INFO - Filling up the DagBag from /opt/airflow/dags/5.2.orchestration.py
[2024-05-20 16:15:08,318] {processor.py:651} INFO - DAG(s) dict_keys(['5.2-orchestration']) retrieved from /opt/airflow/dags/5.2.orchestration.py
[2024-05-20 16:15:08,337] {logging_mixin.py:115} INFO - [2024-05-20 16:15:08,337] {dag.py:2420} INFO - Sync 1 DAGs
[2024-05-20 16:15:08,350] {logging_mixin.py:115} INFO - [2024-05-20 16:15:08,350] {dag.py:2972} INFO - Setting next_dagrun for 5.2-orchestration to None, run_after=None
[2024-05-20 16:15:08,358] {processor.py:161} INFO - Processing /opt/airflow/dags/5.2.orchestration.py took 0.048 seconds
[2024-05-20 16:15:38,603] {processor.py:153} INFO - Started process (PID=1412) to work on /opt/airflow/dags/5.2.orchestration.py
[2024-05-20 16:15:38,603] {processor.py:641} INFO - Processing file /opt/airflow/dags/5.2.orchestration.py for tasks to queue
[2024-05-20 16:15:38,604] {logging_mixin.py:115} INFO - [2024-05-20 16:15:38,604] {dagbag.py:508} INFO - Filling up the DagBag from /opt/airflow/dags/5.2.orchestration.py
[2024-05-20 16:15:38,610] {processor.py:651} INFO - DAG(s) dict_keys(['5.2-orchestration']) retrieved from /opt/airflow/dags/5.2.orchestration.py
[2024-05-20 16:15:38,625] {logging_mixin.py:115} INFO - [2024-05-20 16:15:38,625] {dag.py:2420} INFO - Sync 1 DAGs
[2024-05-20 16:15:38,638] {logging_mixin.py:115} INFO - [2024-05-20 16:15:38,638] {dag.py:2972} INFO - Setting next_dagrun for 5.2-orchestration to None, run_after=None
[2024-05-20 16:15:38,645] {processor.py:161} INFO - Processing /opt/airflow/dags/5.2.orchestration.py took 0.044 seconds
[2024-05-20 16:16:08,889] {processor.py:153} INFO - Started process (PID=1445) to work on /opt/airflow/dags/5.2.orchestration.py
[2024-05-20 16:16:08,890] {processor.py:641} INFO - Processing file /opt/airflow/dags/5.2.orchestration.py for tasks to queue
[2024-05-20 16:16:08,890] {logging_mixin.py:115} INFO - [2024-05-20 16:16:08,890] {dagbag.py:508} INFO - Filling up the DagBag from /opt/airflow/dags/5.2.orchestration.py
[2024-05-20 16:16:08,894] {processor.py:651} INFO - DAG(s) dict_keys(['5.2-orchestration']) retrieved from /opt/airflow/dags/5.2.orchestration.py
[2024-05-20 16:16:08,910] {logging_mixin.py:115} INFO - [2024-05-20 16:16:08,910] {dag.py:2420} INFO - Sync 1 DAGs
[2024-05-20 16:16:08,927] {logging_mixin.py:115} INFO - [2024-05-20 16:16:08,927] {dag.py:2972} INFO - Setting next_dagrun for 5.2-orchestration to None, run_after=None
[2024-05-20 16:16:08,939] {processor.py:161} INFO - Processing /opt/airflow/dags/5.2.orchestration.py took 0.052 seconds
[2024-05-20 16:16:39,205] {processor.py:153} INFO - Started process (PID=1470) to work on /opt/airflow/dags/5.2.orchestration.py
[2024-05-20 16:16:39,206] {processor.py:641} INFO - Processing file /opt/airflow/dags/5.2.orchestration.py for tasks to queue
[2024-05-20 16:16:39,206] {logging_mixin.py:115} INFO - [2024-05-20 16:16:39,206] {dagbag.py:508} INFO - Filling up the DagBag from /opt/airflow/dags/5.2.orchestration.py
[2024-05-20 16:16:39,212] {processor.py:651} INFO - DAG(s) dict_keys(['5.2-orchestration']) retrieved from /opt/airflow/dags/5.2.orchestration.py
[2024-05-20 16:16:39,226] {logging_mixin.py:115} INFO - [2024-05-20 16:16:39,226] {dag.py:2420} INFO - Sync 1 DAGs
[2024-05-20 16:16:39,239] {logging_mixin.py:115} INFO - [2024-05-20 16:16:39,239] {dag.py:2972} INFO - Setting next_dagrun for 5.2-orchestration to None, run_after=None
[2024-05-20 16:16:39,246] {processor.py:161} INFO - Processing /opt/airflow/dags/5.2.orchestration.py took 0.043 seconds
[2024-05-20 16:17:09,491] {processor.py:153} INFO - Started process (PID=1502) to work on /opt/airflow/dags/5.2.orchestration.py
[2024-05-20 16:17:09,491] {processor.py:641} INFO - Processing file /opt/airflow/dags/5.2.orchestration.py for tasks to queue
[2024-05-20 16:17:09,492] {logging_mixin.py:115} INFO - [2024-05-20 16:17:09,492] {dagbag.py:508} INFO - Filling up the DagBag from /opt/airflow/dags/5.2.orchestration.py
[2024-05-20 16:17:09,497] {processor.py:651} INFO - DAG(s) dict_keys(['5.2-orchestration']) retrieved from /opt/airflow/dags/5.2.orchestration.py
[2024-05-20 16:17:09,512] {logging_mixin.py:115} INFO - [2024-05-20 16:17:09,512] {dag.py:2420} INFO - Sync 1 DAGs
[2024-05-20 16:17:09,525] {logging_mixin.py:115} INFO - [2024-05-20 16:17:09,525] {dag.py:2972} INFO - Setting next_dagrun for 5.2-orchestration to None, run_after=None
[2024-05-20 16:17:09,533] {processor.py:161} INFO - Processing /opt/airflow/dags/5.2.orchestration.py took 0.045 seconds
[2024-05-20 16:17:39,774] {processor.py:153} INFO - Started process (PID=1536) to work on /opt/airflow/dags/5.2.orchestration.py
[2024-05-20 16:17:39,774] {processor.py:641} INFO - Processing file /opt/airflow/dags/5.2.orchestration.py for tasks to queue
[2024-05-20 16:17:39,775] {logging_mixin.py:115} INFO - [2024-05-20 16:17:39,774] {dagbag.py:508} INFO - Filling up the DagBag from /opt/airflow/dags/5.2.orchestration.py
[2024-05-20 16:17:39,779] {processor.py:651} INFO - DAG(s) dict_keys(['5.2-orchestration']) retrieved from /opt/airflow/dags/5.2.orchestration.py
[2024-05-20 16:17:39,795] {logging_mixin.py:115} INFO - [2024-05-20 16:17:39,795] {dag.py:2420} INFO - Sync 1 DAGs
[2024-05-20 16:17:39,809] {logging_mixin.py:115} INFO - [2024-05-20 16:17:39,809] {dag.py:2972} INFO - Setting next_dagrun for 5.2-orchestration to None, run_after=None
[2024-05-20 16:17:39,818] {processor.py:161} INFO - Processing /opt/airflow/dags/5.2.orchestration.py took 0.047 seconds
[2024-05-20 16:18:10,084] {processor.py:153} INFO - Started process (PID=1570) to work on /opt/airflow/dags/5.2.orchestration.py
[2024-05-20 16:18:10,084] {processor.py:641} INFO - Processing file /opt/airflow/dags/5.2.orchestration.py for tasks to queue
[2024-05-20 16:18:10,085] {logging_mixin.py:115} INFO - [2024-05-20 16:18:10,085] {dagbag.py:508} INFO - Filling up the DagBag from /opt/airflow/dags/5.2.orchestration.py
[2024-05-20 16:18:10,089] {processor.py:651} INFO - DAG(s) dict_keys(['5.2-orchestration']) retrieved from /opt/airflow/dags/5.2.orchestration.py
[2024-05-20 16:18:10,106] {logging_mixin.py:115} INFO - [2024-05-20 16:18:10,106] {dag.py:2420} INFO - Sync 1 DAGs
[2024-05-20 16:18:10,121] {logging_mixin.py:115} INFO - [2024-05-20 16:18:10,121] {dag.py:2972} INFO - Setting next_dagrun for 5.2-orchestration to None, run_after=None
[2024-05-20 16:18:10,131] {processor.py:161} INFO - Processing /opt/airflow/dags/5.2.orchestration.py took 0.049 seconds
[2024-05-20 16:18:40,386] {processor.py:153} INFO - Started process (PID=1603) to work on /opt/airflow/dags/5.2.orchestration.py
[2024-05-20 16:18:40,386] {processor.py:641} INFO - Processing file /opt/airflow/dags/5.2.orchestration.py for tasks to queue
[2024-05-20 16:18:40,387] {logging_mixin.py:115} INFO - [2024-05-20 16:18:40,387] {dagbag.py:508} INFO - Filling up the DagBag from /opt/airflow/dags/5.2.orchestration.py
[2024-05-20 16:18:40,391] {processor.py:651} INFO - DAG(s) dict_keys(['5.2-orchestration']) retrieved from /opt/airflow/dags/5.2.orchestration.py
[2024-05-20 16:18:40,407] {logging_mixin.py:115} INFO - [2024-05-20 16:18:40,407] {dag.py:2420} INFO - Sync 1 DAGs
[2024-05-20 16:18:40,421] {logging_mixin.py:115} INFO - [2024-05-20 16:18:40,421] {dag.py:2972} INFO - Setting next_dagrun for 5.2-orchestration to None, run_after=None
[2024-05-20 16:18:40,429] {processor.py:161} INFO - Processing /opt/airflow/dags/5.2.orchestration.py took 0.045 seconds
[2024-05-20 16:19:10,663] {processor.py:153} INFO - Started process (PID=1636) to work on /opt/airflow/dags/5.2.orchestration.py
[2024-05-20 16:19:10,664] {processor.py:641} INFO - Processing file /opt/airflow/dags/5.2.orchestration.py for tasks to queue
[2024-05-20 16:19:10,664] {logging_mixin.py:115} INFO - [2024-05-20 16:19:10,664] {dagbag.py:508} INFO - Filling up the DagBag from /opt/airflow/dags/5.2.orchestration.py
[2024-05-20 16:19:10,668] {processor.py:651} INFO - DAG(s) dict_keys(['5.2-orchestration']) retrieved from /opt/airflow/dags/5.2.orchestration.py
[2024-05-20 16:19:10,685] {logging_mixin.py:115} INFO - [2024-05-20 16:19:10,685] {dag.py:2420} INFO - Sync 1 DAGs
[2024-05-20 16:19:10,701] {logging_mixin.py:115} INFO - [2024-05-20 16:19:10,701] {dag.py:2972} INFO - Setting next_dagrun for 5.2-orchestration to None, run_after=None
[2024-05-20 16:19:10,710] {processor.py:161} INFO - Processing /opt/airflow/dags/5.2.orchestration.py took 0.049 seconds
[2024-05-20 16:19:40,952] {processor.py:153} INFO - Started process (PID=1661) to work on /opt/airflow/dags/5.2.orchestration.py
[2024-05-20 16:19:40,953] {processor.py:641} INFO - Processing file /opt/airflow/dags/5.2.orchestration.py for tasks to queue
[2024-05-20 16:19:40,953] {logging_mixin.py:115} INFO - [2024-05-20 16:19:40,953] {dagbag.py:508} INFO - Filling up the DagBag from /opt/airflow/dags/5.2.orchestration.py
[2024-05-20 16:19:40,958] {processor.py:651} INFO - DAG(s) dict_keys(['5.2-orchestration']) retrieved from /opt/airflow/dags/5.2.orchestration.py
[2024-05-20 16:19:40,974] {logging_mixin.py:115} INFO - [2024-05-20 16:19:40,974] {dag.py:2420} INFO - Sync 1 DAGs
[2024-05-20 16:19:40,991] {logging_mixin.py:115} INFO - [2024-05-20 16:19:40,991] {dag.py:2972} INFO - Setting next_dagrun for 5.2-orchestration to None, run_after=None
[2024-05-20 16:19:41,011] {processor.py:161} INFO - Processing /opt/airflow/dags/5.2.orchestration.py took 0.061 seconds
[2024-05-20 16:20:11,296] {processor.py:153} INFO - Started process (PID=1695) to work on /opt/airflow/dags/5.2.orchestration.py
[2024-05-20 16:20:11,296] {processor.py:641} INFO - Processing file /opt/airflow/dags/5.2.orchestration.py for tasks to queue
[2024-05-20 16:20:11,297] {logging_mixin.py:115} INFO - [2024-05-20 16:20:11,297] {dagbag.py:508} INFO - Filling up the DagBag from /opt/airflow/dags/5.2.orchestration.py
[2024-05-20 16:20:11,301] {processor.py:651} INFO - DAG(s) dict_keys(['5.2-orchestration']) retrieved from /opt/airflow/dags/5.2.orchestration.py
[2024-05-20 16:20:11,317] {logging_mixin.py:115} INFO - [2024-05-20 16:20:11,317] {dag.py:2420} INFO - Sync 1 DAGs
[2024-05-20 16:20:11,333] {logging_mixin.py:115} INFO - [2024-05-20 16:20:11,333] {dag.py:2972} INFO - Setting next_dagrun for 5.2-orchestration to None, run_after=None
[2024-05-20 16:20:11,340] {processor.py:161} INFO - Processing /opt/airflow/dags/5.2.orchestration.py took 0.046 seconds
[2024-05-20 16:20:41,550] {processor.py:153} INFO - Started process (PID=1729) to work on /opt/airflow/dags/5.2.orchestration.py
[2024-05-20 16:20:41,550] {processor.py:641} INFO - Processing file /opt/airflow/dags/5.2.orchestration.py for tasks to queue
[2024-05-20 16:20:41,551] {logging_mixin.py:115} INFO - [2024-05-20 16:20:41,551] {dagbag.py:508} INFO - Filling up the DagBag from /opt/airflow/dags/5.2.orchestration.py
[2024-05-20 16:20:41,555] {processor.py:651} INFO - DAG(s) dict_keys(['5.2-orchestration']) retrieved from /opt/airflow/dags/5.2.orchestration.py
[2024-05-20 16:20:41,571] {logging_mixin.py:115} INFO - [2024-05-20 16:20:41,571] {dag.py:2420} INFO - Sync 1 DAGs
[2024-05-20 16:20:41,586] {logging_mixin.py:115} INFO - [2024-05-20 16:20:41,586] {dag.py:2972} INFO - Setting next_dagrun for 5.2-orchestration to None, run_after=None
[2024-05-20 16:20:41,593] {processor.py:161} INFO - Processing /opt/airflow/dags/5.2.orchestration.py took 0.046 seconds
[2024-05-20 16:21:11,856] {processor.py:153} INFO - Started process (PID=1762) to work on /opt/airflow/dags/5.2.orchestration.py
[2024-05-20 16:21:11,857] {processor.py:641} INFO - Processing file /opt/airflow/dags/5.2.orchestration.py for tasks to queue
[2024-05-20 16:21:11,857] {logging_mixin.py:115} INFO - [2024-05-20 16:21:11,857] {dagbag.py:508} INFO - Filling up the DagBag from /opt/airflow/dags/5.2.orchestration.py
[2024-05-20 16:21:11,861] {processor.py:651} INFO - DAG(s) dict_keys(['5.2-orchestration']) retrieved from /opt/airflow/dags/5.2.orchestration.py
[2024-05-20 16:21:11,879] {logging_mixin.py:115} INFO - [2024-05-20 16:21:11,879] {dag.py:2420} INFO - Sync 1 DAGs
[2024-05-20 16:21:11,894] {logging_mixin.py:115} INFO - [2024-05-20 16:21:11,894] {dag.py:2972} INFO - Setting next_dagrun for 5.2-orchestration to None, run_after=None
[2024-05-20 16:21:11,902] {processor.py:161} INFO - Processing /opt/airflow/dags/5.2.orchestration.py took 0.048 seconds
[2024-05-20 16:21:42,127] {processor.py:153} INFO - Started process (PID=1796) to work on /opt/airflow/dags/5.2.orchestration.py
[2024-05-20 16:21:42,127] {processor.py:641} INFO - Processing file /opt/airflow/dags/5.2.orchestration.py for tasks to queue
[2024-05-20 16:21:42,128] {logging_mixin.py:115} INFO - [2024-05-20 16:21:42,128] {dagbag.py:508} INFO - Filling up the DagBag from /opt/airflow/dags/5.2.orchestration.py
[2024-05-20 16:21:42,134] {processor.py:651} INFO - DAG(s) dict_keys(['5.2-orchestration']) retrieved from /opt/airflow/dags/5.2.orchestration.py
[2024-05-20 16:21:42,158] {logging_mixin.py:115} INFO - [2024-05-20 16:21:42,158] {dag.py:2420} INFO - Sync 1 DAGs
[2024-05-20 16:21:42,178] {logging_mixin.py:115} INFO - [2024-05-20 16:21:42,178] {dag.py:2972} INFO - Setting next_dagrun for 5.2-orchestration to None, run_after=None
[2024-05-20 16:21:42,187] {processor.py:161} INFO - Processing /opt/airflow/dags/5.2.orchestration.py took 0.063 seconds
[2024-05-20 16:22:12,399] {processor.py:153} INFO - Started process (PID=1821) to work on /opt/airflow/dags/5.2.orchestration.py
[2024-05-20 16:22:12,399] {processor.py:641} INFO - Processing file /opt/airflow/dags/5.2.orchestration.py for tasks to queue
[2024-05-20 16:22:12,400] {logging_mixin.py:115} INFO - [2024-05-20 16:22:12,400] {dagbag.py:508} INFO - Filling up the DagBag from /opt/airflow/dags/5.2.orchestration.py
[2024-05-20 16:22:12,404] {processor.py:651} INFO - DAG(s) dict_keys(['5.2-orchestration']) retrieved from /opt/airflow/dags/5.2.orchestration.py
[2024-05-20 16:22:12,421] {logging_mixin.py:115} INFO - [2024-05-20 16:22:12,421] {dag.py:2420} INFO - Sync 1 DAGs
[2024-05-20 16:22:12,436] {logging_mixin.py:115} INFO - [2024-05-20 16:22:12,436] {dag.py:2972} INFO - Setting next_dagrun for 5.2-orchestration to None, run_after=None
[2024-05-20 16:22:12,444] {processor.py:161} INFO - Processing /opt/airflow/dags/5.2.orchestration.py took 0.047 seconds
[2024-05-20 16:22:42,679] {processor.py:153} INFO - Started process (PID=1854) to work on /opt/airflow/dags/5.2.orchestration.py
[2024-05-20 16:22:42,680] {processor.py:641} INFO - Processing file /opt/airflow/dags/5.2.orchestration.py for tasks to queue
[2024-05-20 16:22:42,680] {logging_mixin.py:115} INFO - [2024-05-20 16:22:42,680] {dagbag.py:508} INFO - Filling up the DagBag from /opt/airflow/dags/5.2.orchestration.py
[2024-05-20 16:22:42,684] {processor.py:651} INFO - DAG(s) dict_keys(['5.2-orchestration']) retrieved from /opt/airflow/dags/5.2.orchestration.py
[2024-05-20 16:22:42,700] {logging_mixin.py:115} INFO - [2024-05-20 16:22:42,700] {dag.py:2420} INFO - Sync 1 DAGs
[2024-05-20 16:22:42,714] {logging_mixin.py:115} INFO - [2024-05-20 16:22:42,714] {dag.py:2972} INFO - Setting next_dagrun for 5.2-orchestration to None, run_after=None
[2024-05-20 16:22:42,722] {processor.py:161} INFO - Processing /opt/airflow/dags/5.2.orchestration.py took 0.045 seconds
[2024-05-20 16:23:12,964] {processor.py:153} INFO - Started process (PID=1887) to work on /opt/airflow/dags/5.2.orchestration.py
[2024-05-20 16:23:12,965] {processor.py:641} INFO - Processing file /opt/airflow/dags/5.2.orchestration.py for tasks to queue
[2024-05-20 16:23:12,965] {logging_mixin.py:115} INFO - [2024-05-20 16:23:12,965] {dagbag.py:508} INFO - Filling up the DagBag from /opt/airflow/dags/5.2.orchestration.py
[2024-05-20 16:23:12,969] {processor.py:651} INFO - DAG(s) dict_keys(['5.2-orchestration']) retrieved from /opt/airflow/dags/5.2.orchestration.py
[2024-05-20 16:23:12,985] {logging_mixin.py:115} INFO - [2024-05-20 16:23:12,985] {dag.py:2420} INFO - Sync 1 DAGs
[2024-05-20 16:23:12,998] {logging_mixin.py:115} INFO - [2024-05-20 16:23:12,998] {dag.py:2972} INFO - Setting next_dagrun for 5.2-orchestration to None, run_after=None
[2024-05-20 16:23:13,006] {processor.py:161} INFO - Processing /opt/airflow/dags/5.2.orchestration.py took 0.043 seconds
[2024-05-20 16:23:43,258] {processor.py:153} INFO - Started process (PID=1921) to work on /opt/airflow/dags/5.2.orchestration.py
[2024-05-20 16:23:43,258] {processor.py:641} INFO - Processing file /opt/airflow/dags/5.2.orchestration.py for tasks to queue
[2024-05-20 16:23:43,259] {logging_mixin.py:115} INFO - [2024-05-20 16:23:43,259] {dagbag.py:508} INFO - Filling up the DagBag from /opt/airflow/dags/5.2.orchestration.py
[2024-05-20 16:23:43,263] {processor.py:651} INFO - DAG(s) dict_keys(['5.2-orchestration']) retrieved from /opt/airflow/dags/5.2.orchestration.py
[2024-05-20 16:23:43,281] {logging_mixin.py:115} INFO - [2024-05-20 16:23:43,281] {dag.py:2420} INFO - Sync 1 DAGs
[2024-05-20 16:23:43,295] {logging_mixin.py:115} INFO - [2024-05-20 16:23:43,295] {dag.py:2972} INFO - Setting next_dagrun for 5.2-orchestration to None, run_after=None
[2024-05-20 16:23:43,303] {processor.py:161} INFO - Processing /opt/airflow/dags/5.2.orchestration.py took 0.047 seconds
[2024-05-20 16:24:13,492] {processor.py:153} INFO - Started process (PID=1955) to work on /opt/airflow/dags/5.2.orchestration.py
[2024-05-20 16:24:13,493] {processor.py:641} INFO - Processing file /opt/airflow/dags/5.2.orchestration.py for tasks to queue
[2024-05-20 16:24:13,493] {logging_mixin.py:115} INFO - [2024-05-20 16:24:13,493] {dagbag.py:508} INFO - Filling up the DagBag from /opt/airflow/dags/5.2.orchestration.py
[2024-05-20 16:24:13,498] {processor.py:651} INFO - DAG(s) dict_keys(['5.2-orchestration']) retrieved from /opt/airflow/dags/5.2.orchestration.py
[2024-05-20 16:24:13,518] {logging_mixin.py:115} INFO - [2024-05-20 16:24:13,518] {dag.py:2420} INFO - Sync 1 DAGs
[2024-05-20 16:24:13,533] {logging_mixin.py:115} INFO - [2024-05-20 16:24:13,533] {dag.py:2972} INFO - Setting next_dagrun for 5.2-orchestration to None, run_after=None
[2024-05-20 16:24:13,542] {processor.py:161} INFO - Processing /opt/airflow/dags/5.2.orchestration.py took 0.051 seconds
[2024-05-20 16:24:43,778] {processor.py:153} INFO - Started process (PID=1980) to work on /opt/airflow/dags/5.2.orchestration.py
[2024-05-20 16:24:43,778] {processor.py:641} INFO - Processing file /opt/airflow/dags/5.2.orchestration.py for tasks to queue
[2024-05-20 16:24:43,779] {logging_mixin.py:115} INFO - [2024-05-20 16:24:43,779] {dagbag.py:508} INFO - Filling up the DagBag from /opt/airflow/dags/5.2.orchestration.py
[2024-05-20 16:24:43,783] {processor.py:651} INFO - DAG(s) dict_keys(['5.2-orchestration']) retrieved from /opt/airflow/dags/5.2.orchestration.py
[2024-05-20 16:24:43,800] {logging_mixin.py:115} INFO - [2024-05-20 16:24:43,800] {dag.py:2420} INFO - Sync 1 DAGs
[2024-05-20 16:24:43,813] {logging_mixin.py:115} INFO - [2024-05-20 16:24:43,813] {dag.py:2972} INFO - Setting next_dagrun for 5.2-orchestration to None, run_after=None
[2024-05-20 16:24:43,820] {processor.py:161} INFO - Processing /opt/airflow/dags/5.2.orchestration.py took 0.044 seconds
[2024-05-20 16:25:14,079] {processor.py:153} INFO - Started process (PID=2014) to work on /opt/airflow/dags/5.2.orchestration.py
[2024-05-20 16:25:14,079] {processor.py:641} INFO - Processing file /opt/airflow/dags/5.2.orchestration.py for tasks to queue
[2024-05-20 16:25:14,080] {logging_mixin.py:115} INFO - [2024-05-20 16:25:14,080] {dagbag.py:508} INFO - Filling up the DagBag from /opt/airflow/dags/5.2.orchestration.py
[2024-05-20 16:25:14,084] {processor.py:651} INFO - DAG(s) dict_keys(['5.2-orchestration']) retrieved from /opt/airflow/dags/5.2.orchestration.py
[2024-05-20 16:25:14,100] {logging_mixin.py:115} INFO - [2024-05-20 16:25:14,100] {dag.py:2420} INFO - Sync 1 DAGs
[2024-05-20 16:25:14,114] {logging_mixin.py:115} INFO - [2024-05-20 16:25:14,114] {dag.py:2972} INFO - Setting next_dagrun for 5.2-orchestration to None, run_after=None
[2024-05-20 16:25:14,124] {processor.py:161} INFO - Processing /opt/airflow/dags/5.2.orchestration.py took 0.047 seconds
[2024-05-20 16:25:44,324] {processor.py:153} INFO - Started process (PID=2047) to work on /opt/airflow/dags/5.2.orchestration.py
[2024-05-20 16:25:44,325] {processor.py:641} INFO - Processing file /opt/airflow/dags/5.2.orchestration.py for tasks to queue
[2024-05-20 16:25:44,325] {logging_mixin.py:115} INFO - [2024-05-20 16:25:44,325] {dagbag.py:508} INFO - Filling up the DagBag from /opt/airflow/dags/5.2.orchestration.py
[2024-05-20 16:25:44,331] {processor.py:651} INFO - DAG(s) dict_keys(['5.2-orchestration']) retrieved from /opt/airflow/dags/5.2.orchestration.py
[2024-05-20 16:25:44,349] {logging_mixin.py:115} INFO - [2024-05-20 16:25:44,349] {dag.py:2420} INFO - Sync 1 DAGs
[2024-05-20 16:25:44,364] {logging_mixin.py:115} INFO - [2024-05-20 16:25:44,364] {dag.py:2972} INFO - Setting next_dagrun for 5.2-orchestration to None, run_after=None
[2024-05-20 16:25:44,373] {processor.py:161} INFO - Processing /opt/airflow/dags/5.2.orchestration.py took 0.052 seconds
[2024-05-20 16:26:14,615] {processor.py:153} INFO - Started process (PID=2081) to work on /opt/airflow/dags/5.2.orchestration.py
[2024-05-20 16:26:14,616] {processor.py:641} INFO - Processing file /opt/airflow/dags/5.2.orchestration.py for tasks to queue
[2024-05-20 16:26:14,616] {logging_mixin.py:115} INFO - [2024-05-20 16:26:14,616] {dagbag.py:508} INFO - Filling up the DagBag from /opt/airflow/dags/5.2.orchestration.py
[2024-05-20 16:26:14,620] {processor.py:651} INFO - DAG(s) dict_keys(['5.2-orchestration']) retrieved from /opt/airflow/dags/5.2.orchestration.py
[2024-05-20 16:26:14,635] {logging_mixin.py:115} INFO - [2024-05-20 16:26:14,635] {dag.py:2420} INFO - Sync 1 DAGs
[2024-05-20 16:26:14,650] {logging_mixin.py:115} INFO - [2024-05-20 16:26:14,650] {dag.py:2972} INFO - Setting next_dagrun for 5.2-orchestration to None, run_after=None
[2024-05-20 16:26:14,659] {processor.py:161} INFO - Processing /opt/airflow/dags/5.2.orchestration.py took 0.046 seconds
