[2024-05-20 15:21:30,652] {taskinstance.py:1179} INFO - Dependencies all met for <TaskInstance: custom_operator.custom_hello manual__2024-05-20T15:21:30.455242+00:00 [queued]>
[2024-05-20 15:21:30,662] {taskinstance.py:1179} INFO - Dependencies all met for <TaskInstance: custom_operator.custom_hello manual__2024-05-20T15:21:30.455242+00:00 [queued]>
[2024-05-20 15:21:30,662] {taskinstance.py:1376} INFO - 
--------------------------------------------------------------------------------
[2024-05-20 15:21:30,663] {taskinstance.py:1377} INFO - Starting attempt 1 of 1
[2024-05-20 15:21:30,663] {taskinstance.py:1378} INFO - 
--------------------------------------------------------------------------------
[2024-05-20 15:21:30,674] {taskinstance.py:1397} INFO - Executing <Task(HelloOperator): custom_hello> on 2024-05-20 15:21:30.455242+00:00
[2024-05-20 15:21:30,677] {standard_task_runner.py:52} INFO - Started process 2411 to run task
[2024-05-20 15:21:30,680] {standard_task_runner.py:79} INFO - Running: ['***', 'tasks', 'run', 'custom_operator', 'custom_hello', 'manual__2024-05-20T15:21:30.455242+00:00', '--job-id', '17', '--raw', '--subdir', 'DAGS_FOLDER/4-customoperator.py', '--cfg-path', '/tmp/tmpvtafgvl7', '--error-file', '/tmp/tmpkj04v13m']
[2024-05-20 15:21:30,680] {standard_task_runner.py:80} INFO - Job 17: Subtask custom_hello
[2024-05-20 15:21:30,752] {task_command.py:371} INFO - Running <TaskInstance: custom_operator.custom_hello manual__2024-05-20T15:21:30.455242+00:00 [running]> on host c832426e9d7b
[2024-05-20 15:21:30,826] {taskinstance.py:1591} INFO - Exporting the following env vars:
AIRFLOW_CTX_DAG_OWNER=***
AIRFLOW_CTX_DAG_ID=custom_operator
AIRFLOW_CTX_TASK_ID=custom_hello
AIRFLOW_CTX_EXECUTION_DATE=2024-05-20T15:21:30.455242+00:00
AIRFLOW_CTX_TRY_NUMBER=1
AIRFLOW_CTX_DAG_RUN_ID=manual__2024-05-20T15:21:30.455242+00:00
[2024-05-20 15:21:30,827] {logging_mixin.py:115} INFO - Hello Felipe!
[2024-05-20 15:21:30,841] {taskinstance.py:1420} INFO - Marking task as SUCCESS. dag_id=custom_operator, task_id=custom_hello, execution_date=20240520T152130, start_date=20240520T152130, end_date=20240520T152130
[2024-05-20 15:21:30,858] {local_task_job.py:156} INFO - Task exited with return code 0
[2024-05-20 15:21:30,892] {local_task_job.py:273} INFO - 0 downstream tasks scheduled from follow-on schedule check
