[2024-05-20 15:49:53,108] {taskinstance.py:1179} INFO - Dependencies all met for <TaskInstance: 5.1-orchestration.task4_orchestator scheduled__2024-05-19T00:00:00+00:00 [queued]>
[2024-05-20 15:49:53,116] {taskinstance.py:1179} INFO - Dependencies all met for <TaskInstance: 5.1-orchestration.task4_orchestator scheduled__2024-05-19T00:00:00+00:00 [queued]>
[2024-05-20 15:49:53,116] {taskinstance.py:1376} INFO - 
--------------------------------------------------------------------------------
[2024-05-20 15:49:53,117] {taskinstance.py:1377} INFO - Starting attempt 1 of 1
[2024-05-20 15:49:53,117] {taskinstance.py:1378} INFO - 
--------------------------------------------------------------------------------
[2024-05-20 15:49:53,128] {taskinstance.py:1397} INFO - Executing <Task(BashOperator): task4_orchestator> on 2024-05-19 00:00:00+00:00
[2024-05-20 15:49:53,132] {standard_task_runner.py:52} INFO - Started process 4282 to run task
[2024-05-20 15:49:53,135] {standard_task_runner.py:79} INFO - Running: ['***', 'tasks', 'run', '5.1-orchestration', 'task4_orchestator', 'scheduled__2024-05-19T00:00:00+00:00', '--job-id', '136', '--raw', '--subdir', 'DAGS_FOLDER/5.1-orchestration.py', '--cfg-path', '/tmp/tmpsrj40tb7', '--error-file', '/tmp/tmpbpwrv__b']
[2024-05-20 15:49:53,135] {standard_task_runner.py:80} INFO - Job 136: Subtask task4_orchestator
[2024-05-20 15:49:53,182] {task_command.py:371} INFO - Running <TaskInstance: 5.1-orchestration.task4_orchestator scheduled__2024-05-19T00:00:00+00:00 [running]> on host c832426e9d7b
[2024-05-20 15:49:53,237] {taskinstance.py:1591} INFO - Exporting the following env vars:
AIRFLOW_CTX_DAG_OWNER=***
AIRFLOW_CTX_DAG_ID=5.1-orchestration
AIRFLOW_CTX_TASK_ID=task4_orchestator
AIRFLOW_CTX_EXECUTION_DATE=2024-05-19T00:00:00+00:00
AIRFLOW_CTX_TRY_NUMBER=1
AIRFLOW_CTX_DAG_RUN_ID=scheduled__2024-05-19T00:00:00+00:00
[2024-05-20 15:49:53,238] {subprocess.py:62} INFO - Tmp dir root location: 
 /tmp
[2024-05-20 15:49:53,238] {subprocess.py:74} INFO - Running command: ['bash', '-c', "sleep 2 && echo 'Task 4'"]
[2024-05-20 15:49:53,245] {subprocess.py:85} INFO - Output:
[2024-05-20 15:49:55,248] {subprocess.py:92} INFO - Task 4
[2024-05-20 15:49:55,249] {subprocess.py:96} INFO - Command exited with return code 0
[2024-05-20 15:49:55,269] {taskinstance.py:1420} INFO - Marking task as SUCCESS. dag_id=5.1-orchestration, task_id=task4_orchestator, execution_date=20240519T000000, start_date=20240520T154953, end_date=20240520T154955
[2024-05-20 15:49:55,281] {local_task_job.py:156} INFO - Task exited with return code 0
[2024-05-20 15:49:55,301] {local_task_job.py:273} INFO - 0 downstream tasks scheduled from follow-on schedule check
