[2024-05-20 15:55:27,900] {taskinstance.py:1179} INFO - Dependencies all met for <TaskInstance: 5.1-orchestration.task2_orchestator scheduled__2024-04-25T00:00:00+00:00 [queued]>
[2024-05-20 15:55:27,908] {taskinstance.py:1179} INFO - Dependencies all met for <TaskInstance: 5.1-orchestration.task2_orchestator scheduled__2024-04-25T00:00:00+00:00 [queued]>
[2024-05-20 15:55:27,908] {taskinstance.py:1376} INFO - 
--------------------------------------------------------------------------------
[2024-05-20 15:55:27,908] {taskinstance.py:1377} INFO - Starting attempt 2 of 2
[2024-05-20 15:55:27,908] {taskinstance.py:1378} INFO - 
--------------------------------------------------------------------------------
[2024-05-20 15:55:27,917] {taskinstance.py:1397} INFO - Executing <Task(BashOperator): task2_orchestator> on 2024-04-25 00:00:00+00:00
[2024-05-20 15:55:27,920] {standard_task_runner.py:52} INFO - Started process 154 to run task
[2024-05-20 15:55:27,922] {standard_task_runner.py:79} INFO - Running: ['***', 'tasks', 'run', '5.1-orchestration', 'task2_orchestator', 'scheduled__2024-04-25T00:00:00+00:00', '--job-id', '141', '--raw', '--subdir', 'DAGS_FOLDER/5.1-orchestration.py', '--cfg-path', '/tmp/tmp4aqlufdm', '--error-file', '/tmp/tmp59zj8h4c']
[2024-05-20 15:55:27,922] {standard_task_runner.py:80} INFO - Job 141: Subtask task2_orchestator
[2024-05-20 15:55:27,960] {task_command.py:371} INFO - Running <TaskInstance: 5.1-orchestration.task2_orchestator scheduled__2024-04-25T00:00:00+00:00 [running]> on host c832426e9d7b
[2024-05-20 15:55:28,000] {taskinstance.py:1591} INFO - Exporting the following env vars:
AIRFLOW_CTX_DAG_OWNER=***
AIRFLOW_CTX_DAG_ID=5.1-orchestration
AIRFLOW_CTX_TASK_ID=task2_orchestator
AIRFLOW_CTX_EXECUTION_DATE=2024-04-25T00:00:00+00:00
AIRFLOW_CTX_TRY_NUMBER=2
AIRFLOW_CTX_DAG_RUN_ID=scheduled__2024-04-25T00:00:00+00:00
[2024-05-20 15:55:28,001] {subprocess.py:62} INFO - Tmp dir root location: 
 /tmp
[2024-05-20 15:55:28,001] {subprocess.py:74} INFO - Running command: ['bash', '-c', "sleep 2 && echo 'Task 2'"]
[2024-05-20 15:55:28,006] {subprocess.py:85} INFO - Output:
[2024-05-20 15:55:30,009] {subprocess.py:92} INFO - Task 2
[2024-05-20 15:55:30,010] {subprocess.py:96} INFO - Command exited with return code 0
[2024-05-20 15:55:30,031] {taskinstance.py:1420} INFO - Marking task as SUCCESS. dag_id=5.1-orchestration, task_id=task2_orchestator, execution_date=20240425T000000, start_date=20240520T155527, end_date=20240520T155530
[2024-05-20 15:55:30,069] {local_task_job.py:156} INFO - Task exited with return code 0
[2024-05-20 15:55:30,095] {local_task_job.py:273} INFO - 2 downstream tasks scheduled from follow-on schedule check
