[2024-05-20 15:49:43,236] {taskinstance.py:1179} INFO - Dependencies all met for <TaskInstance: 5.1-orchestration.task3_orchestator scheduled__2024-05-09T00:00:00+00:00 [queued]>
[2024-05-20 15:49:43,259] {taskinstance.py:1179} INFO - Dependencies all met for <TaskInstance: 5.1-orchestration.task3_orchestator scheduled__2024-05-09T00:00:00+00:00 [queued]>
[2024-05-20 15:49:43,260] {taskinstance.py:1376} INFO - 
--------------------------------------------------------------------------------
[2024-05-20 15:49:43,261] {taskinstance.py:1377} INFO - Starting attempt 1 of 1
[2024-05-20 15:49:43,261] {taskinstance.py:1378} INFO - 
--------------------------------------------------------------------------------
[2024-05-20 15:49:43,289] {taskinstance.py:1397} INFO - Executing <Task(BashOperator): task3_orchestator> on 2024-05-09 00:00:00+00:00
[2024-05-20 15:49:43,299] {standard_task_runner.py:52} INFO - Started process 4155 to run task
[2024-05-20 15:49:43,303] {standard_task_runner.py:79} INFO - Running: ['***', 'tasks', 'run', '5.1-orchestration', 'task3_orchestator', 'scheduled__2024-05-09T00:00:00+00:00', '--job-id', '106', '--raw', '--subdir', 'DAGS_FOLDER/5.1-orchestration.py', '--cfg-path', '/tmp/tmpjr3jusfa', '--error-file', '/tmp/tmp89k303yr']
[2024-05-20 15:49:43,303] {standard_task_runner.py:80} INFO - Job 106: Subtask task3_orchestator
[2024-05-20 15:49:43,428] {task_command.py:371} INFO - Running <TaskInstance: 5.1-orchestration.task3_orchestator scheduled__2024-05-09T00:00:00+00:00 [running]> on host c832426e9d7b
[2024-05-20 15:49:43,522] {taskinstance.py:1591} INFO - Exporting the following env vars:
AIRFLOW_CTX_DAG_OWNER=***
AIRFLOW_CTX_DAG_ID=5.1-orchestration
AIRFLOW_CTX_TASK_ID=task3_orchestator
AIRFLOW_CTX_EXECUTION_DATE=2024-05-09T00:00:00+00:00
AIRFLOW_CTX_TRY_NUMBER=1
AIRFLOW_CTX_DAG_RUN_ID=scheduled__2024-05-09T00:00:00+00:00
[2024-05-20 15:49:43,523] {subprocess.py:62} INFO - Tmp dir root location: 
 /tmp
[2024-05-20 15:49:43,524] {subprocess.py:74} INFO - Running command: ['bash', '-c', "sleep 2 && echo 'Task 3'"]
[2024-05-20 15:49:43,539] {subprocess.py:85} INFO - Output:
[2024-05-20 15:49:45,543] {subprocess.py:92} INFO - Task 3
[2024-05-20 15:49:45,544] {subprocess.py:96} INFO - Command exited with return code 0
[2024-05-20 15:49:45,578] {taskinstance.py:1420} INFO - Marking task as SUCCESS. dag_id=5.1-orchestration, task_id=task3_orchestator, execution_date=20240509T000000, start_date=20240520T154943, end_date=20240520T154945
[2024-05-20 15:49:45,620] {local_task_job.py:156} INFO - Task exited with return code 0
[2024-05-20 15:49:45,655] {local_task_job.py:273} INFO - 0 downstream tasks scheduled from follow-on schedule check
