[2024-05-20 15:49:40,685] {taskinstance.py:1179} INFO - Dependencies all met for <TaskInstance: 5.1-orchestration.task2_orchestator scheduled__2024-05-11T00:00:00+00:00 [queued]>
[2024-05-20 15:49:40,693] {taskinstance.py:1179} INFO - Dependencies all met for <TaskInstance: 5.1-orchestration.task2_orchestator scheduled__2024-05-11T00:00:00+00:00 [queued]>
[2024-05-20 15:49:40,693] {taskinstance.py:1376} INFO - 
--------------------------------------------------------------------------------
[2024-05-20 15:49:40,694] {taskinstance.py:1377} INFO - Starting attempt 1 of 1
[2024-05-20 15:49:40,694] {taskinstance.py:1378} INFO - 
--------------------------------------------------------------------------------
[2024-05-20 15:49:40,707] {taskinstance.py:1397} INFO - Executing <Task(BashOperator): task2_orchestator> on 2024-05-11 00:00:00+00:00
[2024-05-20 15:49:40,712] {standard_task_runner.py:52} INFO - Started process 4120 to run task
[2024-05-20 15:49:40,714] {standard_task_runner.py:79} INFO - Running: ['***', 'tasks', 'run', '5.1-orchestration', 'task2_orchestator', 'scheduled__2024-05-11T00:00:00+00:00', '--job-id', '97', '--raw', '--subdir', 'DAGS_FOLDER/5.1-orchestration.py', '--cfg-path', '/tmp/tmp7uz7x87q', '--error-file', '/tmp/tmplvtkx9h6']
[2024-05-20 15:49:40,715] {standard_task_runner.py:80} INFO - Job 97: Subtask task2_orchestator
[2024-05-20 15:49:40,770] {task_command.py:371} INFO - Running <TaskInstance: 5.1-orchestration.task2_orchestator scheduled__2024-05-11T00:00:00+00:00 [running]> on host c832426e9d7b
[2024-05-20 15:49:40,828] {taskinstance.py:1591} INFO - Exporting the following env vars:
AIRFLOW_CTX_DAG_OWNER=***
AIRFLOW_CTX_DAG_ID=5.1-orchestration
AIRFLOW_CTX_TASK_ID=task2_orchestator
AIRFLOW_CTX_EXECUTION_DATE=2024-05-11T00:00:00+00:00
AIRFLOW_CTX_TRY_NUMBER=1
AIRFLOW_CTX_DAG_RUN_ID=scheduled__2024-05-11T00:00:00+00:00
[2024-05-20 15:49:40,830] {subprocess.py:62} INFO - Tmp dir root location: 
 /tmp
[2024-05-20 15:49:40,831] {subprocess.py:74} INFO - Running command: ['bash', '-c', "sleep 2 && echo 'Task 2'"]
[2024-05-20 15:49:40,842] {subprocess.py:85} INFO - Output:
[2024-05-20 15:49:42,846] {subprocess.py:92} INFO - Task 2
[2024-05-20 15:49:42,847] {subprocess.py:96} INFO - Command exited with return code 0
[2024-05-20 15:49:42,881] {taskinstance.py:1420} INFO - Marking task as SUCCESS. dag_id=5.1-orchestration, task_id=task2_orchestator, execution_date=20240511T000000, start_date=20240520T154940, end_date=20240520T154942
[2024-05-20 15:49:42,902] {local_task_job.py:156} INFO - Task exited with return code 0
[2024-05-20 15:49:42,947] {local_task_job.py:273} INFO - 2 downstream tasks scheduled from follow-on schedule check
