[2024-05-20 15:49:23,118] {taskinstance.py:1179} INFO - Dependencies all met for <TaskInstance: 5.1-orchestration.task1_orchestator scheduled__2024-04-27T00:00:00+00:00 [queued]>
[2024-05-20 15:49:23,126] {taskinstance.py:1179} INFO - Dependencies all met for <TaskInstance: 5.1-orchestration.task1_orchestator scheduled__2024-04-27T00:00:00+00:00 [queued]>
[2024-05-20 15:49:23,126] {taskinstance.py:1376} INFO - 
--------------------------------------------------------------------------------
[2024-05-20 15:49:23,126] {taskinstance.py:1377} INFO - Starting attempt 1 of 1
[2024-05-20 15:49:23,126] {taskinstance.py:1378} INFO - 
--------------------------------------------------------------------------------
[2024-05-20 15:49:23,140] {taskinstance.py:1397} INFO - Executing <Task(BashOperator): task1_orchestator> on 2024-04-27 00:00:00+00:00
[2024-05-20 15:49:23,143] {standard_task_runner.py:52} INFO - Started process 3814 to run task
[2024-05-20 15:49:23,146] {standard_task_runner.py:79} INFO - Running: ['***', 'tasks', 'run', '5.1-orchestration', 'task1_orchestator', 'scheduled__2024-04-27T00:00:00+00:00', '--job-id', '25', '--raw', '--subdir', 'DAGS_FOLDER/5.1-orchestration.py', '--cfg-path', '/tmp/tmp3w2_ypw5', '--error-file', '/tmp/tmpekur4fuh']
[2024-05-20 15:49:23,147] {standard_task_runner.py:80} INFO - Job 25: Subtask task1_orchestator
[2024-05-20 15:49:23,196] {task_command.py:371} INFO - Running <TaskInstance: 5.1-orchestration.task1_orchestator scheduled__2024-04-27T00:00:00+00:00 [running]> on host c832426e9d7b
[2024-05-20 15:49:23,263] {taskinstance.py:1591} INFO - Exporting the following env vars:
AIRFLOW_CTX_DAG_OWNER=***
AIRFLOW_CTX_DAG_ID=5.1-orchestration
AIRFLOW_CTX_TASK_ID=task1_orchestator
AIRFLOW_CTX_EXECUTION_DATE=2024-04-27T00:00:00+00:00
AIRFLOW_CTX_TRY_NUMBER=1
AIRFLOW_CTX_DAG_RUN_ID=scheduled__2024-04-27T00:00:00+00:00
[2024-05-20 15:49:23,264] {subprocess.py:62} INFO - Tmp dir root location: 
 /tmp
[2024-05-20 15:49:23,264] {subprocess.py:74} INFO - Running command: ['bash', '-c', "sleep 2 && echo 'Task 1'"]
[2024-05-20 15:49:23,274] {subprocess.py:85} INFO - Output:
[2024-05-20 15:49:25,301] {subprocess.py:92} INFO - Task 1
[2024-05-20 15:49:25,305] {subprocess.py:96} INFO - Command exited with return code 0
[2024-05-20 15:49:26,705] {taskinstance.py:1420} INFO - Marking task as SUCCESS. dag_id=5.1-orchestration, task_id=task1_orchestator, execution_date=20240427T000000, start_date=20240520T154923, end_date=20240520T154926
[2024-05-20 15:49:26,809] {local_task_job.py:156} INFO - Task exited with return code 0
[2024-05-20 15:49:26,871] {local_task_job.py:273} INFO - 1 downstream tasks scheduled from follow-on schedule check
