[2024-05-20 15:49:22,754] {taskinstance.py:1179} INFO - Dependencies all met for <TaskInstance: 5.1-orchestration.task1_orchestator scheduled__2024-04-25T00:00:00+00:00 [queued]>
[2024-05-20 15:49:22,762] {taskinstance.py:1179} INFO - Dependencies all met for <TaskInstance: 5.1-orchestration.task1_orchestator scheduled__2024-04-25T00:00:00+00:00 [queued]>
[2024-05-20 15:49:22,763] {taskinstance.py:1376} INFO - 
--------------------------------------------------------------------------------
[2024-05-20 15:49:22,763] {taskinstance.py:1377} INFO - Starting attempt 1 of 1
[2024-05-20 15:49:22,763] {taskinstance.py:1378} INFO - 
--------------------------------------------------------------------------------
[2024-05-20 15:49:22,776] {taskinstance.py:1397} INFO - Executing <Task(BashOperator): task1_orchestator> on 2024-04-25 00:00:00+00:00
[2024-05-20 15:49:22,779] {standard_task_runner.py:52} INFO - Started process 3804 to run task
[2024-05-20 15:49:22,783] {standard_task_runner.py:79} INFO - Running: ['***', 'tasks', 'run', '5.1-orchestration', 'task1_orchestator', 'scheduled__2024-04-25T00:00:00+00:00', '--job-id', '23', '--raw', '--subdir', 'DAGS_FOLDER/5.1-orchestration.py', '--cfg-path', '/tmp/tmpbkp4t0u3', '--error-file', '/tmp/tmp6sb20hzr']
[2024-05-20 15:49:22,784] {standard_task_runner.py:80} INFO - Job 23: Subtask task1_orchestator
[2024-05-20 15:49:22,831] {task_command.py:371} INFO - Running <TaskInstance: 5.1-orchestration.task1_orchestator scheduled__2024-04-25T00:00:00+00:00 [running]> on host c832426e9d7b
[2024-05-20 15:49:22,902] {taskinstance.py:1591} INFO - Exporting the following env vars:
AIRFLOW_CTX_DAG_OWNER=***
AIRFLOW_CTX_DAG_ID=5.1-orchestration
AIRFLOW_CTX_TASK_ID=task1_orchestator
AIRFLOW_CTX_EXECUTION_DATE=2024-04-25T00:00:00+00:00
AIRFLOW_CTX_TRY_NUMBER=1
AIRFLOW_CTX_DAG_RUN_ID=scheduled__2024-04-25T00:00:00+00:00
[2024-05-20 15:49:22,902] {subprocess.py:62} INFO - Tmp dir root location: 
 /tmp
[2024-05-20 15:49:22,903] {subprocess.py:74} INFO - Running command: ['bash', '-c', "sleep 2 && echo 'Task 1'"]
[2024-05-20 15:49:22,911] {subprocess.py:85} INFO - Output:
[2024-05-20 15:49:24,915] {subprocess.py:92} INFO - Task 1
[2024-05-20 15:49:24,923] {subprocess.py:96} INFO - Command exited with return code 0
[2024-05-20 15:49:26,705] {taskinstance.py:1420} INFO - Marking task as SUCCESS. dag_id=5.1-orchestration, task_id=task1_orchestator, execution_date=20240425T000000, start_date=20240520T154922, end_date=20240520T154926
[2024-05-20 15:49:26,812] {local_task_job.py:156} INFO - Task exited with return code 0
[2024-05-20 15:49:26,878] {local_task_job.py:273} INFO - 1 downstream tasks scheduled from follow-on schedule check
