[2024-05-20 15:49:27,402] {taskinstance.py:1179} INFO - Dependencies all met for <TaskInstance: 5.1-orchestration.task2_orchestator scheduled__2024-04-23T00:00:00+00:00 [queued]>
[2024-05-20 15:49:27,425] {taskinstance.py:1179} INFO - Dependencies all met for <TaskInstance: 5.1-orchestration.task2_orchestator scheduled__2024-04-23T00:00:00+00:00 [queued]>
[2024-05-20 15:49:27,425] {taskinstance.py:1376} INFO - 
--------------------------------------------------------------------------------
[2024-05-20 15:49:27,429] {taskinstance.py:1377} INFO - Starting attempt 1 of 1
[2024-05-20 15:49:27,429] {taskinstance.py:1378} INFO - 
--------------------------------------------------------------------------------
[2024-05-20 15:49:27,453] {taskinstance.py:1397} INFO - Executing <Task(BashOperator): task2_orchestator> on 2024-04-23 00:00:00+00:00
[2024-05-20 15:49:27,460] {standard_task_runner.py:52} INFO - Started process 3860 to run task
[2024-05-20 15:49:27,468] {standard_task_runner.py:79} INFO - Running: ['***', 'tasks', 'run', '5.1-orchestration', 'task2_orchestator', 'scheduled__2024-04-23T00:00:00+00:00', '--job-id', '36', '--raw', '--subdir', 'DAGS_FOLDER/5.1-orchestration.py', '--cfg-path', '/tmp/tmpyj7l0x85', '--error-file', '/tmp/tmps3urp3un']
[2024-05-20 15:49:27,469] {standard_task_runner.py:80} INFO - Job 36: Subtask task2_orchestator
[2024-05-20 15:49:27,569] {task_command.py:371} INFO - Running <TaskInstance: 5.1-orchestration.task2_orchestator scheduled__2024-04-23T00:00:00+00:00 [running]> on host c832426e9d7b
[2024-05-20 15:49:27,688] {taskinstance.py:1591} INFO - Exporting the following env vars:
AIRFLOW_CTX_DAG_OWNER=***
AIRFLOW_CTX_DAG_ID=5.1-orchestration
AIRFLOW_CTX_TASK_ID=task2_orchestator
AIRFLOW_CTX_EXECUTION_DATE=2024-04-23T00:00:00+00:00
AIRFLOW_CTX_TRY_NUMBER=1
AIRFLOW_CTX_DAG_RUN_ID=scheduled__2024-04-23T00:00:00+00:00
[2024-05-20 15:49:27,690] {subprocess.py:62} INFO - Tmp dir root location: 
 /tmp
[2024-05-20 15:49:27,694] {subprocess.py:74} INFO - Running command: ['bash', '-c', "sleep 2 && echo 'Task 2'"]
[2024-05-20 15:49:27,705] {subprocess.py:85} INFO - Output:
[2024-05-20 15:49:29,709] {subprocess.py:92} INFO - Task 2
[2024-05-20 15:49:29,710] {subprocess.py:96} INFO - Command exited with return code 0
[2024-05-20 15:49:29,769] {taskinstance.py:1420} INFO - Marking task as SUCCESS. dag_id=5.1-orchestration, task_id=task2_orchestator, execution_date=20240423T000000, start_date=20240520T154927, end_date=20240520T154929
[2024-05-20 15:49:29,858] {local_task_job.py:156} INFO - Task exited with return code 0
[2024-05-20 15:49:29,989] {local_task_job.py:273} INFO - 0 downstream tasks scheduled from follow-on schedule check
