[2024-05-15 03:26:14,037] {taskinstance.py:1179} INFO - Dependencies all met for <TaskInstance: bashoperator.hello_with_bash scheduled__2024-05-12T00:00:00+00:00 [queued]>
[2024-05-15 03:26:14,044] {taskinstance.py:1179} INFO - Dependencies all met for <TaskInstance: bashoperator.hello_with_bash scheduled__2024-05-12T00:00:00+00:00 [queued]>
[2024-05-15 03:26:14,045] {taskinstance.py:1376} INFO - 
--------------------------------------------------------------------------------
[2024-05-15 03:26:14,045] {taskinstance.py:1377} INFO - Starting attempt 1 of 1
[2024-05-15 03:26:14,045] {taskinstance.py:1378} INFO - 
--------------------------------------------------------------------------------
[2024-05-15 03:26:14,057] {taskinstance.py:1397} INFO - Executing <Task(BashOperator): hello_with_bash> on 2024-05-12 00:00:00+00:00
[2024-05-15 03:26:14,060] {standard_task_runner.py:52} INFO - Started process 787 to run task
[2024-05-15 03:26:14,063] {standard_task_runner.py:79} INFO - Running: ['***', 'tasks', 'run', 'bashoperator', 'hello_with_bash', 'scheduled__2024-05-12T00:00:00+00:00', '--job-id', '7', '--raw', '--subdir', 'DAGS_FOLDER/1-bashoperator.py', '--cfg-path', '/tmp/tmpcb2xz5ie', '--error-file', '/tmp/tmpp0qsb53j']
[2024-05-15 03:26:14,064] {standard_task_runner.py:80} INFO - Job 7: Subtask hello_with_bash
[2024-05-15 03:26:14,115] {task_command.py:371} INFO - Running <TaskInstance: bashoperator.hello_with_bash scheduled__2024-05-12T00:00:00+00:00 [running]> on host c832426e9d7b
[2024-05-15 03:26:14,169] {taskinstance.py:1591} INFO - Exporting the following env vars:
AIRFLOW_CTX_DAG_OWNER=***
AIRFLOW_CTX_DAG_ID=bashoperator
AIRFLOW_CTX_TASK_ID=hello_with_bash
AIRFLOW_CTX_EXECUTION_DATE=2024-05-12T00:00:00+00:00
AIRFLOW_CTX_TRY_NUMBER=1
AIRFLOW_CTX_DAG_RUN_ID=scheduled__2024-05-12T00:00:00+00:00
[2024-05-15 03:26:14,170] {subprocess.py:62} INFO - Tmp dir root location: 
 /tmp
[2024-05-15 03:26:14,170] {subprocess.py:74} INFO - Running command: ['bash', '-c', "echo 'Hello World from Airflow!'"]
[2024-05-15 03:26:14,178] {subprocess.py:85} INFO - Output:
[2024-05-15 03:26:14,179] {subprocess.py:92} INFO - Hello World from Airflow!
[2024-05-15 03:26:14,179] {subprocess.py:96} INFO - Command exited with return code 0
[2024-05-15 03:26:14,204] {taskinstance.py:1420} INFO - Marking task as SUCCESS. dag_id=bashoperator, task_id=hello_with_bash, execution_date=20240512T000000, start_date=20240515T032614, end_date=20240515T032614
[2024-05-15 03:26:14,241] {local_task_job.py:156} INFO - Task exited with return code 0
[2024-05-15 03:26:14,262] {local_task_job.py:273} INFO - 0 downstream tasks scheduled from follow-on schedule check
