[2024-05-20 15:49:44,888] {taskinstance.py:1179} INFO - Dependencies all met for <TaskInstance: 5.1-orchestration.task1_orchestator scheduled__2024-05-17T00:00:00+00:00 [queued]>
[2024-05-20 15:49:44,895] {taskinstance.py:1179} INFO - Dependencies all met for <TaskInstance: 5.1-orchestration.task1_orchestator scheduled__2024-05-17T00:00:00+00:00 [queued]>
[2024-05-20 15:49:44,895] {taskinstance.py:1376} INFO - 
--------------------------------------------------------------------------------
[2024-05-20 15:49:44,895] {taskinstance.py:1377} INFO - Starting attempt 1 of 1
[2024-05-20 15:49:44,895] {taskinstance.py:1378} INFO - 
--------------------------------------------------------------------------------
[2024-05-20 15:49:44,904] {taskinstance.py:1397} INFO - Executing <Task(BashOperator): task1_orchestator> on 2024-05-17 00:00:00+00:00
[2024-05-20 15:49:44,907] {standard_task_runner.py:52} INFO - Started process 4199 to run task
[2024-05-20 15:49:44,910] {standard_task_runner.py:79} INFO - Running: ['***', 'tasks', 'run', '5.1-orchestration', 'task1_orchestator', 'scheduled__2024-05-17T00:00:00+00:00', '--job-id', '117', '--raw', '--subdir', 'DAGS_FOLDER/5.1-orchestration.py', '--cfg-path', '/tmp/tmpjrugwg5p', '--error-file', '/tmp/tmphxip59vj']
[2024-05-20 15:49:44,910] {standard_task_runner.py:80} INFO - Job 117: Subtask task1_orchestator
[2024-05-20 15:49:44,952] {task_command.py:371} INFO - Running <TaskInstance: 5.1-orchestration.task1_orchestator scheduled__2024-05-17T00:00:00+00:00 [running]> on host c832426e9d7b
[2024-05-20 15:49:45,004] {taskinstance.py:1591} INFO - Exporting the following env vars:
AIRFLOW_CTX_DAG_OWNER=***
AIRFLOW_CTX_DAG_ID=5.1-orchestration
AIRFLOW_CTX_TASK_ID=task1_orchestator
AIRFLOW_CTX_EXECUTION_DATE=2024-05-17T00:00:00+00:00
AIRFLOW_CTX_TRY_NUMBER=1
AIRFLOW_CTX_DAG_RUN_ID=scheduled__2024-05-17T00:00:00+00:00
[2024-05-20 15:49:45,005] {subprocess.py:62} INFO - Tmp dir root location: 
 /tmp
[2024-05-20 15:49:45,006] {subprocess.py:74} INFO - Running command: ['bash', '-c', "sleep 2 && echo 'Task 1'"]
[2024-05-20 15:49:45,012] {subprocess.py:85} INFO - Output:
[2024-05-20 15:49:47,015] {subprocess.py:92} INFO - Task 1
[2024-05-20 15:49:47,016] {subprocess.py:96} INFO - Command exited with return code 0
[2024-05-20 15:49:47,036] {taskinstance.py:1420} INFO - Marking task as SUCCESS. dag_id=5.1-orchestration, task_id=task1_orchestator, execution_date=20240517T000000, start_date=20240520T154944, end_date=20240520T154947
[2024-05-20 15:49:47,057] {local_task_job.py:156} INFO - Task exited with return code 0
[2024-05-20 15:49:47,084] {local_task_job.py:273} INFO - 1 downstream tasks scheduled from follow-on schedule check
