[2024-05-20 15:49:36,242] {taskinstance.py:1179} INFO - Dependencies all met for <TaskInstance: 5.1-orchestration.task3_orchestator scheduled__2024-05-03T00:00:00+00:00 [queued]>
[2024-05-20 15:49:36,256] {taskinstance.py:1179} INFO - Dependencies all met for <TaskInstance: 5.1-orchestration.task3_orchestator scheduled__2024-05-03T00:00:00+00:00 [queued]>
[2024-05-20 15:49:36,256] {taskinstance.py:1376} INFO - 
--------------------------------------------------------------------------------
[2024-05-20 15:49:36,256] {taskinstance.py:1377} INFO - Starting attempt 1 of 1
[2024-05-20 15:49:36,256] {taskinstance.py:1378} INFO - 
--------------------------------------------------------------------------------
[2024-05-20 15:49:36,266] {taskinstance.py:1397} INFO - Executing <Task(BashOperator): task3_orchestator> on 2024-05-03 00:00:00+00:00
[2024-05-20 15:49:36,277] {standard_task_runner.py:52} INFO - Started process 4030 to run task
[2024-05-20 15:49:36,280] {standard_task_runner.py:79} INFO - Running: ['***', 'tasks', 'run', '5.1-orchestration', 'task3_orchestator', 'scheduled__2024-05-03T00:00:00+00:00', '--job-id', '75', '--raw', '--subdir', 'DAGS_FOLDER/5.1-orchestration.py', '--cfg-path', '/tmp/tmp1yacs2ww', '--error-file', '/tmp/tmpcoju4bdf']
[2024-05-20 15:49:36,282] {standard_task_runner.py:80} INFO - Job 75: Subtask task3_orchestator
[2024-05-20 15:49:36,358] {task_command.py:371} INFO - Running <TaskInstance: 5.1-orchestration.task3_orchestator scheduled__2024-05-03T00:00:00+00:00 [running]> on host c832426e9d7b
[2024-05-20 15:49:36,433] {taskinstance.py:1591} INFO - Exporting the following env vars:
AIRFLOW_CTX_DAG_OWNER=***
AIRFLOW_CTX_DAG_ID=5.1-orchestration
AIRFLOW_CTX_TASK_ID=task3_orchestator
AIRFLOW_CTX_EXECUTION_DATE=2024-05-03T00:00:00+00:00
AIRFLOW_CTX_TRY_NUMBER=1
AIRFLOW_CTX_DAG_RUN_ID=scheduled__2024-05-03T00:00:00+00:00
[2024-05-20 15:49:36,435] {subprocess.py:62} INFO - Tmp dir root location: 
 /tmp
[2024-05-20 15:49:36,435] {subprocess.py:74} INFO - Running command: ['bash', '-c', "sleep 2 && echo 'Task 3'"]
[2024-05-20 15:49:36,447] {subprocess.py:85} INFO - Output:
[2024-05-20 15:49:38,451] {subprocess.py:92} INFO - Task 3
[2024-05-20 15:49:38,462] {subprocess.py:96} INFO - Command exited with return code 0
[2024-05-20 15:49:38,492] {taskinstance.py:1420} INFO - Marking task as SUCCESS. dag_id=5.1-orchestration, task_id=task3_orchestator, execution_date=20240503T000000, start_date=20240520T154936, end_date=20240520T154938
[2024-05-20 15:49:38,550] {local_task_job.py:156} INFO - Task exited with return code 0
[2024-05-20 15:49:38,583] {local_task_job.py:273} INFO - 0 downstream tasks scheduled from follow-on schedule check
