[2024-05-20 15:49:30,386] {taskinstance.py:1179} INFO - Dependencies all met for <TaskInstance: 5.1-orchestration.task3_orchestator scheduled__2024-04-20T00:00:00+00:00 [queued]>
[2024-05-20 15:49:30,402] {taskinstance.py:1179} INFO - Dependencies all met for <TaskInstance: 5.1-orchestration.task3_orchestator scheduled__2024-04-20T00:00:00+00:00 [queued]>
[2024-05-20 15:49:30,403] {taskinstance.py:1376} INFO - 
--------------------------------------------------------------------------------
[2024-05-20 15:49:30,403] {taskinstance.py:1377} INFO - Starting attempt 1 of 1
[2024-05-20 15:49:30,403] {taskinstance.py:1378} INFO - 
--------------------------------------------------------------------------------
[2024-05-20 15:49:30,428] {taskinstance.py:1397} INFO - Executing <Task(BashOperator): task3_orchestator> on 2024-04-20 00:00:00+00:00
[2024-05-20 15:49:30,434] {standard_task_runner.py:52} INFO - Started process 3923 to run task
[2024-05-20 15:49:30,438] {standard_task_runner.py:79} INFO - Running: ['***', 'tasks', 'run', '5.1-orchestration', 'task3_orchestator', 'scheduled__2024-04-20T00:00:00+00:00', '--job-id', '49', '--raw', '--subdir', 'DAGS_FOLDER/5.1-orchestration.py', '--cfg-path', '/tmp/tmpd2cw_4jo', '--error-file', '/tmp/tmp7ogvj4ob']
[2024-05-20 15:49:30,439] {standard_task_runner.py:80} INFO - Job 49: Subtask task3_orchestator
[2024-05-20 15:49:30,530] {task_command.py:371} INFO - Running <TaskInstance: 5.1-orchestration.task3_orchestator scheduled__2024-04-20T00:00:00+00:00 [running]> on host c832426e9d7b
[2024-05-20 15:49:30,617] {taskinstance.py:1591} INFO - Exporting the following env vars:
AIRFLOW_CTX_DAG_OWNER=***
AIRFLOW_CTX_DAG_ID=5.1-orchestration
AIRFLOW_CTX_TASK_ID=task3_orchestator
AIRFLOW_CTX_EXECUTION_DATE=2024-04-20T00:00:00+00:00
AIRFLOW_CTX_TRY_NUMBER=1
AIRFLOW_CTX_DAG_RUN_ID=scheduled__2024-04-20T00:00:00+00:00
[2024-05-20 15:49:30,619] {subprocess.py:62} INFO - Tmp dir root location: 
 /tmp
[2024-05-20 15:49:30,623] {subprocess.py:74} INFO - Running command: ['bash', '-c', "sleep 2 && echo 'Task 3'"]
[2024-05-20 15:49:30,635] {subprocess.py:85} INFO - Output:
[2024-05-20 15:49:32,642] {subprocess.py:92} INFO - Task 3
[2024-05-20 15:49:32,643] {subprocess.py:96} INFO - Command exited with return code 0
[2024-05-20 15:49:32,675] {taskinstance.py:1420} INFO - Marking task as SUCCESS. dag_id=5.1-orchestration, task_id=task3_orchestator, execution_date=20240420T000000, start_date=20240520T154930, end_date=20240520T154932
[2024-05-20 15:49:32,711] {local_task_job.py:156} INFO - Task exited with return code 0
[2024-05-20 15:49:32,761] {local_task_job.py:273} INFO - 0 downstream tasks scheduled from follow-on schedule check
