[2024-05-20 15:49:46,564] {taskinstance.py:1179} INFO - Dependencies all met for <TaskInstance: 5.1-orchestration.task4_orchestator scheduled__2024-05-13T00:00:00+00:00 [queued]>
[2024-05-20 15:49:46,579] {taskinstance.py:1179} INFO - Dependencies all met for <TaskInstance: 5.1-orchestration.task4_orchestator scheduled__2024-05-13T00:00:00+00:00 [queued]>
[2024-05-20 15:49:46,580] {taskinstance.py:1376} INFO - 
--------------------------------------------------------------------------------
[2024-05-20 15:49:46,580] {taskinstance.py:1377} INFO - Starting attempt 1 of 1
[2024-05-20 15:49:46,580] {taskinstance.py:1378} INFO - 
--------------------------------------------------------------------------------
[2024-05-20 15:49:46,593] {taskinstance.py:1397} INFO - Executing <Task(BashOperator): task4_orchestator> on 2024-05-13 00:00:00+00:00
[2024-05-20 15:49:46,598] {standard_task_runner.py:52} INFO - Started process 4217 to run task
[2024-05-20 15:49:46,601] {standard_task_runner.py:79} INFO - Running: ['***', 'tasks', 'run', '5.1-orchestration', 'task4_orchestator', 'scheduled__2024-05-13T00:00:00+00:00', '--job-id', '126', '--raw', '--subdir', 'DAGS_FOLDER/5.1-orchestration.py', '--cfg-path', '/tmp/tmpsph0xvu7', '--error-file', '/tmp/tmpka7e78id']
[2024-05-20 15:49:46,603] {standard_task_runner.py:80} INFO - Job 126: Subtask task4_orchestator
[2024-05-20 15:49:46,679] {task_command.py:371} INFO - Running <TaskInstance: 5.1-orchestration.task4_orchestator scheduled__2024-05-13T00:00:00+00:00 [running]> on host c832426e9d7b
[2024-05-20 15:49:46,749] {taskinstance.py:1591} INFO - Exporting the following env vars:
AIRFLOW_CTX_DAG_OWNER=***
AIRFLOW_CTX_DAG_ID=5.1-orchestration
AIRFLOW_CTX_TASK_ID=task4_orchestator
AIRFLOW_CTX_EXECUTION_DATE=2024-05-13T00:00:00+00:00
AIRFLOW_CTX_TRY_NUMBER=1
AIRFLOW_CTX_DAG_RUN_ID=scheduled__2024-05-13T00:00:00+00:00
[2024-05-20 15:49:46,750] {subprocess.py:62} INFO - Tmp dir root location: 
 /tmp
[2024-05-20 15:49:46,751] {subprocess.py:74} INFO - Running command: ['bash', '-c', "sleep 2 && echo 'Task 4'"]
[2024-05-20 15:49:46,758] {subprocess.py:85} INFO - Output:
[2024-05-20 15:49:48,762] {subprocess.py:92} INFO - Task 4
[2024-05-20 15:49:48,763] {subprocess.py:96} INFO - Command exited with return code 0
[2024-05-20 15:49:48,819] {taskinstance.py:1420} INFO - Marking task as SUCCESS. dag_id=5.1-orchestration, task_id=task4_orchestator, execution_date=20240513T000000, start_date=20240520T154946, end_date=20240520T154948
[2024-05-20 15:49:48,870] {local_task_job.py:156} INFO - Task exited with return code 0
[2024-05-20 15:49:48,903] {local_task_job.py:273} INFO - 0 downstream tasks scheduled from follow-on schedule check
