[2024-05-20 15:49:38,679] {taskinstance.py:1179} INFO - Dependencies all met for <TaskInstance: 5.1-orchestration.task1_orchestator scheduled__2024-05-14T00:00:00+00:00 [queued]>
[2024-05-20 15:49:38,687] {taskinstance.py:1179} INFO - Dependencies all met for <TaskInstance: 5.1-orchestration.task1_orchestator scheduled__2024-05-14T00:00:00+00:00 [queued]>
[2024-05-20 15:49:38,687] {taskinstance.py:1376} INFO - 
--------------------------------------------------------------------------------
[2024-05-20 15:49:38,688] {taskinstance.py:1377} INFO - Starting attempt 1 of 1
[2024-05-20 15:49:38,688] {taskinstance.py:1378} INFO - 
--------------------------------------------------------------------------------
[2024-05-20 15:49:38,698] {taskinstance.py:1397} INFO - Executing <Task(BashOperator): task1_orchestator> on 2024-05-14 00:00:00+00:00
[2024-05-20 15:49:38,701] {standard_task_runner.py:52} INFO - Started process 4083 to run task
[2024-05-20 15:49:38,703] {standard_task_runner.py:79} INFO - Running: ['***', 'tasks', 'run', '5.1-orchestration', 'task1_orchestator', 'scheduled__2024-05-14T00:00:00+00:00', '--job-id', '90', '--raw', '--subdir', 'DAGS_FOLDER/5.1-orchestration.py', '--cfg-path', '/tmp/tmpre5go92_', '--error-file', '/tmp/tmpy_uxorms']
[2024-05-20 15:49:38,703] {standard_task_runner.py:80} INFO - Job 90: Subtask task1_orchestator
[2024-05-20 15:49:38,750] {task_command.py:371} INFO - Running <TaskInstance: 5.1-orchestration.task1_orchestator scheduled__2024-05-14T00:00:00+00:00 [running]> on host c832426e9d7b
[2024-05-20 15:49:38,799] {taskinstance.py:1591} INFO - Exporting the following env vars:
AIRFLOW_CTX_DAG_OWNER=***
AIRFLOW_CTX_DAG_ID=5.1-orchestration
AIRFLOW_CTX_TASK_ID=task1_orchestator
AIRFLOW_CTX_EXECUTION_DATE=2024-05-14T00:00:00+00:00
AIRFLOW_CTX_TRY_NUMBER=1
AIRFLOW_CTX_DAG_RUN_ID=scheduled__2024-05-14T00:00:00+00:00
[2024-05-20 15:49:38,801] {subprocess.py:62} INFO - Tmp dir root location: 
 /tmp
[2024-05-20 15:49:38,801] {subprocess.py:74} INFO - Running command: ['bash', '-c', "sleep 2 && echo 'Task 1'"]
[2024-05-20 15:49:38,808] {subprocess.py:85} INFO - Output:
[2024-05-20 15:49:40,811] {subprocess.py:92} INFO - Task 1
[2024-05-20 15:49:40,812] {subprocess.py:96} INFO - Command exited with return code 0
[2024-05-20 15:49:40,842] {taskinstance.py:1420} INFO - Marking task as SUCCESS. dag_id=5.1-orchestration, task_id=task1_orchestator, execution_date=20240514T000000, start_date=20240520T154938, end_date=20240520T154940
[2024-05-20 15:49:40,890] {local_task_job.py:156} INFO - Task exited with return code 0
[2024-05-20 15:49:40,975] {local_task_job.py:273} INFO - 0 downstream tasks scheduled from follow-on schedule check
