[2024-05-20 15:49:33,313] {taskinstance.py:1179} INFO - Dependencies all met for <TaskInstance: 5.1-orchestration.task3_orchestator scheduled__2024-04-26T00:00:00+00:00 [queued]>
[2024-05-20 15:49:33,331] {taskinstance.py:1179} INFO - Dependencies all met for <TaskInstance: 5.1-orchestration.task3_orchestator scheduled__2024-04-26T00:00:00+00:00 [queued]>
[2024-05-20 15:49:33,333] {taskinstance.py:1376} INFO - 
--------------------------------------------------------------------------------
[2024-05-20 15:49:33,333] {taskinstance.py:1377} INFO - Starting attempt 1 of 1
[2024-05-20 15:49:33,333] {taskinstance.py:1378} INFO - 
--------------------------------------------------------------------------------
[2024-05-20 15:49:33,361] {taskinstance.py:1397} INFO - Executing <Task(BashOperator): task3_orchestator> on 2024-04-26 00:00:00+00:00
[2024-05-20 15:49:33,372] {standard_task_runner.py:52} INFO - Started process 3982 to run task
[2024-05-20 15:49:33,380] {standard_task_runner.py:79} INFO - Running: ['***', 'tasks', 'run', '5.1-orchestration', 'task3_orchestator', 'scheduled__2024-04-26T00:00:00+00:00', '--job-id', '67', '--raw', '--subdir', 'DAGS_FOLDER/5.1-orchestration.py', '--cfg-path', '/tmp/tmpm5o6x7zj', '--error-file', '/tmp/tmper_8ao9r']
[2024-05-20 15:49:33,381] {standard_task_runner.py:80} INFO - Job 67: Subtask task3_orchestator
[2024-05-20 15:49:33,486] {task_command.py:371} INFO - Running <TaskInstance: 5.1-orchestration.task3_orchestator scheduled__2024-04-26T00:00:00+00:00 [running]> on host c832426e9d7b
[2024-05-20 15:49:33,600] {taskinstance.py:1591} INFO - Exporting the following env vars:
AIRFLOW_CTX_DAG_OWNER=***
AIRFLOW_CTX_DAG_ID=5.1-orchestration
AIRFLOW_CTX_TASK_ID=task3_orchestator
AIRFLOW_CTX_EXECUTION_DATE=2024-04-26T00:00:00+00:00
AIRFLOW_CTX_TRY_NUMBER=1
AIRFLOW_CTX_DAG_RUN_ID=scheduled__2024-04-26T00:00:00+00:00
[2024-05-20 15:49:33,602] {subprocess.py:62} INFO - Tmp dir root location: 
 /tmp
[2024-05-20 15:49:33,603] {subprocess.py:74} INFO - Running command: ['bash', '-c', "sleep 2 && echo 'Task 3'"]
[2024-05-20 15:49:33,616] {subprocess.py:85} INFO - Output:
[2024-05-20 15:49:35,619] {subprocess.py:92} INFO - Task 3
[2024-05-20 15:49:35,620] {subprocess.py:96} INFO - Command exited with return code 0
[2024-05-20 15:49:35,660] {taskinstance.py:1420} INFO - Marking task as SUCCESS. dag_id=5.1-orchestration, task_id=task3_orchestator, execution_date=20240426T000000, start_date=20240520T154933, end_date=20240520T154935
[2024-05-20 15:49:35,694] {local_task_job.py:156} INFO - Task exited with return code 0
[2024-05-20 15:49:35,733] {local_task_job.py:273} INFO - 0 downstream tasks scheduled from follow-on schedule check
