[2024-05-20 15:49:43,743] {taskinstance.py:1179} INFO - Dependencies all met for <TaskInstance: 5.1-orchestration.task1_orchestator scheduled__2024-05-16T00:00:00+00:00 [queued]>
[2024-05-20 15:49:43,753] {taskinstance.py:1179} INFO - Dependencies all met for <TaskInstance: 5.1-orchestration.task1_orchestator scheduled__2024-05-16T00:00:00+00:00 [queued]>
[2024-05-20 15:49:43,753] {taskinstance.py:1376} INFO - 
--------------------------------------------------------------------------------
[2024-05-20 15:49:43,753] {taskinstance.py:1377} INFO - Starting attempt 1 of 1
[2024-05-20 15:49:43,753] {taskinstance.py:1378} INFO - 
--------------------------------------------------------------------------------
[2024-05-20 15:49:43,765] {taskinstance.py:1397} INFO - Executing <Task(BashOperator): task1_orchestator> on 2024-05-16 00:00:00+00:00
[2024-05-20 15:49:43,768] {standard_task_runner.py:52} INFO - Started process 4183 to run task
[2024-05-20 15:49:43,772] {standard_task_runner.py:79} INFO - Running: ['***', 'tasks', 'run', '5.1-orchestration', 'task1_orchestator', 'scheduled__2024-05-16T00:00:00+00:00', '--job-id', '113', '--raw', '--subdir', 'DAGS_FOLDER/5.1-orchestration.py', '--cfg-path', '/tmp/tmpohmit4nm', '--error-file', '/tmp/tmp21xq0gkr']
[2024-05-20 15:49:43,772] {standard_task_runner.py:80} INFO - Job 113: Subtask task1_orchestator
[2024-05-20 15:49:43,849] {task_command.py:371} INFO - Running <TaskInstance: 5.1-orchestration.task1_orchestator scheduled__2024-05-16T00:00:00+00:00 [running]> on host c832426e9d7b
[2024-05-20 15:49:43,935] {taskinstance.py:1591} INFO - Exporting the following env vars:
AIRFLOW_CTX_DAG_OWNER=***
AIRFLOW_CTX_DAG_ID=5.1-orchestration
AIRFLOW_CTX_TASK_ID=task1_orchestator
AIRFLOW_CTX_EXECUTION_DATE=2024-05-16T00:00:00+00:00
AIRFLOW_CTX_TRY_NUMBER=1
AIRFLOW_CTX_DAG_RUN_ID=scheduled__2024-05-16T00:00:00+00:00
[2024-05-20 15:49:43,936] {subprocess.py:62} INFO - Tmp dir root location: 
 /tmp
[2024-05-20 15:49:43,936] {subprocess.py:74} INFO - Running command: ['bash', '-c', "sleep 2 && echo 'Task 1'"]
[2024-05-20 15:49:43,949] {subprocess.py:85} INFO - Output:
[2024-05-20 15:49:45,953] {subprocess.py:92} INFO - Task 1
[2024-05-20 15:49:45,954] {subprocess.py:96} INFO - Command exited with return code 0
[2024-05-20 15:49:45,975] {taskinstance.py:1420} INFO - Marking task as SUCCESS. dag_id=5.1-orchestration, task_id=task1_orchestator, execution_date=20240516T000000, start_date=20240520T154943, end_date=20240520T154945
[2024-05-20 15:49:45,999] {local_task_job.py:156} INFO - Task exited with return code 0
[2024-05-20 15:49:46,035] {local_task_job.py:273} INFO - 1 downstream tasks scheduled from follow-on schedule check
