[2024-05-20 15:49:27,032] {taskinstance.py:1179} INFO - Dependencies all met for <TaskInstance: 5.1-orchestration.task1_orchestator scheduled__2024-05-02T00:00:00+00:00 [queued]>
[2024-05-20 15:49:27,039] {taskinstance.py:1179} INFO - Dependencies all met for <TaskInstance: 5.1-orchestration.task1_orchestator scheduled__2024-05-02T00:00:00+00:00 [queued]>
[2024-05-20 15:49:27,039] {taskinstance.py:1376} INFO - 
--------------------------------------------------------------------------------
[2024-05-20 15:49:27,039] {taskinstance.py:1377} INFO - Starting attempt 1 of 1
[2024-05-20 15:49:27,039] {taskinstance.py:1378} INFO - 
--------------------------------------------------------------------------------
[2024-05-20 15:49:27,060] {taskinstance.py:1397} INFO - Executing <Task(BashOperator): task1_orchestator> on 2024-05-02 00:00:00+00:00
[2024-05-20 15:49:27,062] {standard_task_runner.py:52} INFO - Started process 3842 to run task
[2024-05-20 15:49:27,065] {standard_task_runner.py:79} INFO - Running: ['***', 'tasks', 'run', '5.1-orchestration', 'task1_orchestator', 'scheduled__2024-05-02T00:00:00+00:00', '--job-id', '30', '--raw', '--subdir', 'DAGS_FOLDER/5.1-orchestration.py', '--cfg-path', '/tmp/tmppb3hxe5r', '--error-file', '/tmp/tmp1_3ue6u0']
[2024-05-20 15:49:27,065] {standard_task_runner.py:80} INFO - Job 30: Subtask task1_orchestator
[2024-05-20 15:49:27,113] {task_command.py:371} INFO - Running <TaskInstance: 5.1-orchestration.task1_orchestator scheduled__2024-05-02T00:00:00+00:00 [running]> on host c832426e9d7b
[2024-05-20 15:49:27,208] {taskinstance.py:1591} INFO - Exporting the following env vars:
AIRFLOW_CTX_DAG_OWNER=***
AIRFLOW_CTX_DAG_ID=5.1-orchestration
AIRFLOW_CTX_TASK_ID=task1_orchestator
AIRFLOW_CTX_EXECUTION_DATE=2024-05-02T00:00:00+00:00
AIRFLOW_CTX_TRY_NUMBER=1
AIRFLOW_CTX_DAG_RUN_ID=scheduled__2024-05-02T00:00:00+00:00
[2024-05-20 15:49:27,210] {subprocess.py:62} INFO - Tmp dir root location: 
 /tmp
[2024-05-20 15:49:27,210] {subprocess.py:74} INFO - Running command: ['bash', '-c', "sleep 2 && echo 'Task 1'"]
[2024-05-20 15:49:27,227] {subprocess.py:85} INFO - Output:
[2024-05-20 15:49:29,232] {subprocess.py:92} INFO - Task 1
[2024-05-20 15:49:29,232] {subprocess.py:96} INFO - Command exited with return code 0
[2024-05-20 15:49:29,350] {taskinstance.py:1420} INFO - Marking task as SUCCESS. dag_id=5.1-orchestration, task_id=task1_orchestator, execution_date=20240502T000000, start_date=20240520T154927, end_date=20240520T154929
[2024-05-20 15:49:29,379] {local_task_job.py:156} INFO - Task exited with return code 0
[2024-05-20 15:49:29,418] {local_task_job.py:273} INFO - 1 downstream tasks scheduled from follow-on schedule check
