[2024-05-15 03:26:13,956] {taskinstance.py:1179} INFO - Dependencies all met for <TaskInstance: bashoperator.hello_with_bash scheduled__2024-05-11T00:00:00+00:00 [queued]>
[2024-05-15 03:26:13,963] {taskinstance.py:1179} INFO - Dependencies all met for <TaskInstance: bashoperator.hello_with_bash scheduled__2024-05-11T00:00:00+00:00 [queued]>
[2024-05-15 03:26:13,964] {taskinstance.py:1376} INFO - 
--------------------------------------------------------------------------------
[2024-05-15 03:26:13,964] {taskinstance.py:1377} INFO - Starting attempt 1 of 1
[2024-05-15 03:26:13,964] {taskinstance.py:1378} INFO - 
--------------------------------------------------------------------------------
[2024-05-15 03:26:13,974] {taskinstance.py:1397} INFO - Executing <Task(BashOperator): hello_with_bash> on 2024-05-11 00:00:00+00:00
[2024-05-15 03:26:13,977] {standard_task_runner.py:52} INFO - Started process 784 to run task
[2024-05-15 03:26:13,980] {standard_task_runner.py:79} INFO - Running: ['***', 'tasks', 'run', 'bashoperator', 'hello_with_bash', 'scheduled__2024-05-11T00:00:00+00:00', '--job-id', '6', '--raw', '--subdir', 'DAGS_FOLDER/1-bashoperator.py', '--cfg-path', '/tmp/tmp12m68uzx', '--error-file', '/tmp/tmpf2f9gnzh']
[2024-05-15 03:26:13,980] {standard_task_runner.py:80} INFO - Job 6: Subtask hello_with_bash
[2024-05-15 03:26:14,025] {task_command.py:371} INFO - Running <TaskInstance: bashoperator.hello_with_bash scheduled__2024-05-11T00:00:00+00:00 [running]> on host c832426e9d7b
[2024-05-15 03:26:14,077] {taskinstance.py:1591} INFO - Exporting the following env vars:
AIRFLOW_CTX_DAG_OWNER=***
AIRFLOW_CTX_DAG_ID=bashoperator
AIRFLOW_CTX_TASK_ID=hello_with_bash
AIRFLOW_CTX_EXECUTION_DATE=2024-05-11T00:00:00+00:00
AIRFLOW_CTX_TRY_NUMBER=1
AIRFLOW_CTX_DAG_RUN_ID=scheduled__2024-05-11T00:00:00+00:00
[2024-05-15 03:26:14,078] {subprocess.py:62} INFO - Tmp dir root location: 
 /tmp
[2024-05-15 03:26:14,078] {subprocess.py:74} INFO - Running command: ['bash', '-c', "echo 'Hello World from Airflow!'"]
[2024-05-15 03:26:14,089] {subprocess.py:85} INFO - Output:
[2024-05-15 03:26:14,090] {subprocess.py:92} INFO - Hello World from Airflow!
[2024-05-15 03:26:14,090] {subprocess.py:96} INFO - Command exited with return code 0
[2024-05-15 03:26:14,115] {taskinstance.py:1420} INFO - Marking task as SUCCESS. dag_id=bashoperator, task_id=hello_with_bash, execution_date=20240511T000000, start_date=20240515T032613, end_date=20240515T032614
[2024-05-15 03:26:14,157] {local_task_job.py:156} INFO - Task exited with return code 0
[2024-05-15 03:26:14,180] {local_task_job.py:273} INFO - 0 downstream tasks scheduled from follow-on schedule check
