[2024-05-20 15:49:43,246] {taskinstance.py:1179} INFO - Dependencies all met for <TaskInstance: 5.1-orchestration.task3_orchestator scheduled__2024-05-08T00:00:00+00:00 [queued]>
[2024-05-20 15:49:43,266] {taskinstance.py:1179} INFO - Dependencies all met for <TaskInstance: 5.1-orchestration.task3_orchestator scheduled__2024-05-08T00:00:00+00:00 [queued]>
[2024-05-20 15:49:43,266] {taskinstance.py:1376} INFO - 
--------------------------------------------------------------------------------
[2024-05-20 15:49:43,266] {taskinstance.py:1377} INFO - Starting attempt 1 of 1
[2024-05-20 15:49:43,267] {taskinstance.py:1378} INFO - 
--------------------------------------------------------------------------------
[2024-05-20 15:49:43,301] {taskinstance.py:1397} INFO - Executing <Task(BashOperator): task3_orchestator> on 2024-05-08 00:00:00+00:00
[2024-05-20 15:49:43,308] {standard_task_runner.py:52} INFO - Started process 4156 to run task
[2024-05-20 15:49:43,312] {standard_task_runner.py:79} INFO - Running: ['***', 'tasks', 'run', '5.1-orchestration', 'task3_orchestator', 'scheduled__2024-05-08T00:00:00+00:00', '--job-id', '109', '--raw', '--subdir', 'DAGS_FOLDER/5.1-orchestration.py', '--cfg-path', '/tmp/tmp9xkc1lfk', '--error-file', '/tmp/tmpqyhg27jz']
[2024-05-20 15:49:43,312] {standard_task_runner.py:80} INFO - Job 109: Subtask task3_orchestator
[2024-05-20 15:49:43,437] {task_command.py:371} INFO - Running <TaskInstance: 5.1-orchestration.task3_orchestator scheduled__2024-05-08T00:00:00+00:00 [running]> on host c832426e9d7b
[2024-05-20 15:49:43,527] {taskinstance.py:1591} INFO - Exporting the following env vars:
AIRFLOW_CTX_DAG_OWNER=***
AIRFLOW_CTX_DAG_ID=5.1-orchestration
AIRFLOW_CTX_TASK_ID=task3_orchestator
AIRFLOW_CTX_EXECUTION_DATE=2024-05-08T00:00:00+00:00
AIRFLOW_CTX_TRY_NUMBER=1
AIRFLOW_CTX_DAG_RUN_ID=scheduled__2024-05-08T00:00:00+00:00
[2024-05-20 15:49:43,530] {subprocess.py:62} INFO - Tmp dir root location: 
 /tmp
[2024-05-20 15:49:43,530] {subprocess.py:74} INFO - Running command: ['bash', '-c', "sleep 2 && echo 'Task 3'"]
[2024-05-20 15:49:43,541] {subprocess.py:85} INFO - Output:
[2024-05-20 15:49:45,544] {subprocess.py:92} INFO - Task 3
[2024-05-20 15:49:45,547] {subprocess.py:96} INFO - Command exited with return code 0
[2024-05-20 15:49:45,580] {taskinstance.py:1420} INFO - Marking task as SUCCESS. dag_id=5.1-orchestration, task_id=task3_orchestator, execution_date=20240508T000000, start_date=20240520T154943, end_date=20240520T154945
[2024-05-20 15:49:45,625] {local_task_job.py:156} INFO - Task exited with return code 0
[2024-05-20 15:49:45,666] {local_task_job.py:273} INFO - 0 downstream tasks scheduled from follow-on schedule check
