[2024-05-20 15:21:10,988] {taskinstance.py:1179} INFO - Dependencies all met for <TaskInstance: custom_operator.custom_hello scheduled__2024-05-20T00:00:00+00:00 [queued]>
[2024-05-20 15:21:10,994] {taskinstance.py:1179} INFO - Dependencies all met for <TaskInstance: custom_operator.custom_hello scheduled__2024-05-20T00:00:00+00:00 [queued]>
[2024-05-20 15:21:10,995] {taskinstance.py:1376} INFO - 
--------------------------------------------------------------------------------
[2024-05-20 15:21:10,995] {taskinstance.py:1377} INFO - Starting attempt 2 of 2
[2024-05-20 15:21:10,995] {taskinstance.py:1378} INFO - 
--------------------------------------------------------------------------------
[2024-05-20 15:21:11,006] {taskinstance.py:1397} INFO - Executing <Task(HelloOperator): custom_hello> on 2024-05-20 00:00:00+00:00
[2024-05-20 15:21:11,009] {standard_task_runner.py:52} INFO - Started process 2391 to run task
[2024-05-20 15:21:11,011] {standard_task_runner.py:79} INFO - Running: ['***', 'tasks', 'run', 'custom_operator', 'custom_hello', 'scheduled__2024-05-20T00:00:00+00:00', '--job-id', '16', '--raw', '--subdir', 'DAGS_FOLDER/4-customoperator.py', '--cfg-path', '/tmp/tmplrfz04z7', '--error-file', '/tmp/tmpkcu8r5ym']
[2024-05-20 15:21:11,012] {standard_task_runner.py:80} INFO - Job 16: Subtask custom_hello
[2024-05-20 15:21:11,048] {task_command.py:371} INFO - Running <TaskInstance: custom_operator.custom_hello scheduled__2024-05-20T00:00:00+00:00 [running]> on host c832426e9d7b
[2024-05-20 15:21:11,084] {taskinstance.py:1591} INFO - Exporting the following env vars:
AIRFLOW_CTX_DAG_OWNER=***
AIRFLOW_CTX_DAG_ID=custom_operator
AIRFLOW_CTX_TASK_ID=custom_hello
AIRFLOW_CTX_EXECUTION_DATE=2024-05-20T00:00:00+00:00
AIRFLOW_CTX_TRY_NUMBER=2
AIRFLOW_CTX_DAG_RUN_ID=scheduled__2024-05-20T00:00:00+00:00
[2024-05-20 15:21:11,085] {logging_mixin.py:115} INFO - Hello Felipe!
[2024-05-20 15:21:11,092] {taskinstance.py:1420} INFO - Marking task as SUCCESS. dag_id=custom_operator, task_id=custom_hello, execution_date=20240520T000000, start_date=20240520T152110, end_date=20240520T152111
[2024-05-20 15:21:11,107] {local_task_job.py:156} INFO - Task exited with return code 0
[2024-05-20 15:21:11,129] {local_task_job.py:273} INFO - 0 downstream tasks scheduled from follow-on schedule check
