[2024-05-15 03:31:35,370] {taskinstance.py:1179} INFO - Dependencies all met for <TaskInstance: python_operator.hello_with_python scheduled__2024-05-10T00:00:00+00:00 [queued]>
[2024-05-15 03:31:35,376] {taskinstance.py:1179} INFO - Dependencies all met for <TaskInstance: python_operator.hello_with_python scheduled__2024-05-10T00:00:00+00:00 [queued]>
[2024-05-15 03:31:35,376] {taskinstance.py:1376} INFO - 
--------------------------------------------------------------------------------
[2024-05-15 03:31:35,376] {taskinstance.py:1377} INFO - Starting attempt 1 of 1
[2024-05-15 03:31:35,376] {taskinstance.py:1378} INFO - 
--------------------------------------------------------------------------------
[2024-05-15 03:31:35,384] {taskinstance.py:1397} INFO - Executing <Task(PythonOperator): hello_with_python> on 2024-05-10 00:00:00+00:00
[2024-05-15 03:31:35,387] {standard_task_runner.py:52} INFO - Started process 1067 to run task
[2024-05-15 03:31:35,389] {standard_task_runner.py:79} INFO - Running: ['***', 'tasks', 'run', 'python_operator', 'hello_with_python', 'scheduled__2024-05-10T00:00:00+00:00', '--job-id', '10', '--raw', '--subdir', 'DAGS_FOLDER/2-pythonoperator.py', '--cfg-path', '/tmp/tmptwe4eqqk', '--error-file', '/tmp/tmpu_t6hiji']
[2024-05-15 03:31:35,389] {standard_task_runner.py:80} INFO - Job 10: Subtask hello_with_python
[2024-05-15 03:31:35,428] {task_command.py:371} INFO - Running <TaskInstance: python_operator.hello_with_python scheduled__2024-05-10T00:00:00+00:00 [running]> on host c832426e9d7b
[2024-05-15 03:31:35,469] {taskinstance.py:1591} INFO - Exporting the following env vars:
AIRFLOW_CTX_DAG_OWNER=***
AIRFLOW_CTX_DAG_ID=python_operator
AIRFLOW_CTX_TASK_ID=hello_with_python
AIRFLOW_CTX_EXECUTION_DATE=2024-05-10T00:00:00+00:00
AIRFLOW_CTX_TRY_NUMBER=1
AIRFLOW_CTX_DAG_RUN_ID=scheduled__2024-05-10T00:00:00+00:00
[2024-05-15 03:31:35,470] {logging_mixin.py:115} INFO - Hello World from Airflow!
[2024-05-15 03:31:35,470] {python.py:173} INFO - Done. Returned value was: None
[2024-05-15 03:31:35,478] {taskinstance.py:1420} INFO - Marking task as SUCCESS. dag_id=python_operator, task_id=hello_with_python, execution_date=20240510T000000, start_date=20240515T033135, end_date=20240515T033135
[2024-05-15 03:31:35,526] {local_task_job.py:156} INFO - Task exited with return code 0
[2024-05-15 03:31:35,546] {local_task_job.py:273} INFO - 0 downstream tasks scheduled from follow-on schedule check
