[2024-05-15 03:15:04,543] {processor.py:153} INFO - Started process (PID=212) to work on /opt/airflow/dags/0-firstdag.py
[2024-05-15 03:15:04,544] {processor.py:641} INFO - Processing file /opt/airflow/dags/0-firstdag.py for tasks to queue
[2024-05-15 03:15:04,544] {logging_mixin.py:115} INFO - [2024-05-15 03:15:04,544] {dagbag.py:508} INFO - Filling up the DagBag from /opt/airflow/dags/0-firstdag.py
[2024-05-15 03:15:04,548] {processor.py:653} WARNING - No viable dags retrieved from /opt/airflow/dags/0-firstdag.py
[2024-05-15 03:15:04,556] {processor.py:161} INFO - Processing /opt/airflow/dags/0-firstdag.py took 0.016 seconds
[2024-05-15 03:15:34,654] {processor.py:153} INFO - Started process (PID=240) to work on /opt/airflow/dags/0-firstdag.py
[2024-05-15 03:15:34,654] {processor.py:641} INFO - Processing file /opt/airflow/dags/0-firstdag.py for tasks to queue
[2024-05-15 03:15:34,654] {logging_mixin.py:115} INFO - [2024-05-15 03:15:34,654] {dagbag.py:508} INFO - Filling up the DagBag from /opt/airflow/dags/0-firstdag.py
[2024-05-15 03:15:34,658] {logging_mixin.py:115} INFO - [2024-05-15 03:15:34,656] {dagbag.py:321} ERROR - Failed to import: /opt/airflow/dags/0-firstdag.py
Traceback (most recent call last):
  File "/home/airflow/.local/lib/python3.7/site-packages/airflow/models/dagbag.py", line 318, in parse
    loader.exec_module(new_module)
  File "<frozen importlib._bootstrap_external>", line 728, in exec_module
  File "<frozen importlib._bootstrap>", line 219, in _call_with_frames_removed
  File "/opt/airflow/dags/0-firstdag.py", line 3, in <module>
    with DAG() as dag:
TypeError: __init__() missing 1 required positional argument: 'dag_id'
[2024-05-15 03:15:34,659] {processor.py:653} WARNING - No viable dags retrieved from /opt/airflow/dags/0-firstdag.py
[2024-05-15 03:15:34,675] {processor.py:161} INFO - Processing /opt/airflow/dags/0-firstdag.py took 0.023 seconds
[2024-05-15 03:16:04,765] {processor.py:153} INFO - Started process (PID=268) to work on /opt/airflow/dags/0-firstdag.py
[2024-05-15 03:16:04,765] {processor.py:641} INFO - Processing file /opt/airflow/dags/0-firstdag.py for tasks to queue
[2024-05-15 03:16:04,765] {logging_mixin.py:115} INFO - [2024-05-15 03:16:04,765] {dagbag.py:508} INFO - Filling up the DagBag from /opt/airflow/dags/0-firstdag.py
[2024-05-15 03:16:04,767] {logging_mixin.py:115} INFO - [2024-05-15 03:16:04,767] {dagbag.py:321} ERROR - Failed to import: /opt/airflow/dags/0-firstdag.py
Traceback (most recent call last):
  File "/home/airflow/.local/lib/python3.7/site-packages/airflow/models/dagbag.py", line 318, in parse
    loader.exec_module(new_module)
  File "<frozen importlib._bootstrap_external>", line 728, in exec_module
  File "<frozen importlib._bootstrap>", line 219, in _call_with_frames_removed
  File "/opt/airflow/dags/0-firstdag.py", line 3, in <module>
    with DAG() as dag:
TypeError: __init__() missing 1 required positional argument: 'dag_id'
[2024-05-15 03:16:04,767] {processor.py:653} WARNING - No viable dags retrieved from /opt/airflow/dags/0-firstdag.py
[2024-05-15 03:16:04,781] {processor.py:161} INFO - Processing /opt/airflow/dags/0-firstdag.py took 0.018 seconds
[2024-05-15 03:16:34,864] {processor.py:153} INFO - Started process (PID=296) to work on /opt/airflow/dags/0-firstdag.py
[2024-05-15 03:16:34,864] {processor.py:641} INFO - Processing file /opt/airflow/dags/0-firstdag.py for tasks to queue
[2024-05-15 03:16:34,865] {logging_mixin.py:115} INFO - [2024-05-15 03:16:34,865] {dagbag.py:508} INFO - Filling up the DagBag from /opt/airflow/dags/0-firstdag.py
[2024-05-15 03:16:34,867] {logging_mixin.py:115} INFO - [2024-05-15 03:16:34,866] {dagbag.py:321} ERROR - Failed to import: /opt/airflow/dags/0-firstdag.py
Traceback (most recent call last):
  File "/home/airflow/.local/lib/python3.7/site-packages/airflow/models/dagbag.py", line 318, in parse
    loader.exec_module(new_module)
  File "<frozen importlib._bootstrap_external>", line 728, in exec_module
  File "<frozen importlib._bootstrap>", line 219, in _call_with_frames_removed
  File "/opt/airflow/dags/0-firstdag.py", line 3, in <module>
    with DAG() as dag:
TypeError: __init__() missing 1 required positional argument: 'dag_id'
[2024-05-15 03:16:34,868] {processor.py:653} WARNING - No viable dags retrieved from /opt/airflow/dags/0-firstdag.py
[2024-05-15 03:16:34,886] {processor.py:161} INFO - Processing /opt/airflow/dags/0-firstdag.py took 0.024 seconds
[2024-05-15 03:16:45,910] {processor.py:153} INFO - Started process (PID=306) to work on /opt/airflow/dags/0-firstdag.py
[2024-05-15 03:16:45,910] {processor.py:641} INFO - Processing file /opt/airflow/dags/0-firstdag.py for tasks to queue
[2024-05-15 03:16:45,911] {logging_mixin.py:115} INFO - [2024-05-15 03:16:45,911] {dagbag.py:508} INFO - Filling up the DagBag from /opt/airflow/dags/0-firstdag.py
[2024-05-15 03:16:45,913] {processor.py:651} INFO - DAG(s) dict_keys(['first_dag']) retrieved from /opt/airflow/dags/0-firstdag.py
[2024-05-15 03:16:45,983] {logging_mixin.py:115} INFO - [2024-05-15 03:16:45,983] {manager.py:508} INFO - Created Permission View: can edit on DAG:first_dag
[2024-05-15 03:16:45,989] {logging_mixin.py:115} INFO - [2024-05-15 03:16:45,989] {manager.py:508} INFO - Created Permission View: can delete on DAG:first_dag
[2024-05-15 03:16:45,994] {logging_mixin.py:115} INFO - [2024-05-15 03:16:45,994] {manager.py:508} INFO - Created Permission View: can read on DAG:first_dag
[2024-05-15 03:16:45,995] {logging_mixin.py:115} INFO - [2024-05-15 03:16:45,995] {dag.py:2420} INFO - Sync 1 DAGs
[2024-05-15 03:16:46,002] {logging_mixin.py:115} INFO - [2024-05-15 03:16:46,001] {dag.py:2439} INFO - Creating ORM DAG for first_dag
[2024-05-15 03:16:46,009] {logging_mixin.py:115} INFO - [2024-05-15 03:16:46,009] {dag.py:2972} INFO - Setting next_dagrun for first_dag to None, run_after=None
[2024-05-15 03:16:46,019] {processor.py:161} INFO - Processing /opt/airflow/dags/0-firstdag.py took 0.112 seconds
[2024-05-15 03:17:07,993] {processor.py:153} INFO - Started process (PID=325) to work on /opt/airflow/dags/0-firstdag.py
[2024-05-15 03:17:07,994] {processor.py:641} INFO - Processing file /opt/airflow/dags/0-firstdag.py for tasks to queue
[2024-05-15 03:17:07,995] {logging_mixin.py:115} INFO - [2024-05-15 03:17:07,994] {dagbag.py:508} INFO - Filling up the DagBag from /opt/airflow/dags/0-firstdag.py
[2024-05-15 03:17:07,998] {logging_mixin.py:115} INFO - [2024-05-15 03:17:07,997] {dagbag.py:321} ERROR - Failed to import: /opt/airflow/dags/0-firstdag.py
Traceback (most recent call last):
  File "/home/airflow/.local/lib/python3.7/site-packages/airflow/models/dagbag.py", line 318, in parse
    loader.exec_module(new_module)
  File "<frozen importlib._bootstrap_external>", line 724, in exec_module
  File "<frozen importlib._bootstrap_external>", line 860, in get_code
  File "<frozen importlib._bootstrap_external>", line 791, in source_to_code
  File "<frozen importlib._bootstrap>", line 219, in _call_with_frames_removed
  File "/opt/airflow/dags/0-firstdag.py", line 6
    start_date=) as dag:
               ^
SyntaxError: invalid syntax
[2024-05-15 03:17:07,998] {processor.py:653} WARNING - No viable dags retrieved from /opt/airflow/dags/0-firstdag.py
[2024-05-15 03:17:08,014] {processor.py:161} INFO - Processing /opt/airflow/dags/0-firstdag.py took 0.023 seconds
[2024-05-15 03:17:38,095] {processor.py:153} INFO - Started process (PID=344) to work on /opt/airflow/dags/0-firstdag.py
[2024-05-15 03:17:38,095] {processor.py:641} INFO - Processing file /opt/airflow/dags/0-firstdag.py for tasks to queue
[2024-05-15 03:17:38,096] {logging_mixin.py:115} INFO - [2024-05-15 03:17:38,095] {dagbag.py:508} INFO - Filling up the DagBag from /opt/airflow/dags/0-firstdag.py
[2024-05-15 03:17:38,097] {logging_mixin.py:115} INFO - [2024-05-15 03:17:38,097] {dagbag.py:321} ERROR - Failed to import: /opt/airflow/dags/0-firstdag.py
Traceback (most recent call last):
  File "/home/airflow/.local/lib/python3.7/site-packages/airflow/models/dagbag.py", line 318, in parse
    loader.exec_module(new_module)
  File "<frozen importlib._bootstrap_external>", line 724, in exec_module
  File "<frozen importlib._bootstrap_external>", line 860, in get_code
  File "<frozen importlib._bootstrap_external>", line 791, in source_to_code
  File "<frozen importlib._bootstrap>", line 219, in _call_with_frames_removed
  File "/opt/airflow/dags/0-firstdag.py", line 6
    start_date=) as dag:
               ^
SyntaxError: invalid syntax
[2024-05-15 03:17:38,098] {processor.py:653} WARNING - No viable dags retrieved from /opt/airflow/dags/0-firstdag.py
[2024-05-15 03:17:38,114] {processor.py:161} INFO - Processing /opt/airflow/dags/0-firstdag.py took 0.021 seconds
[2024-05-15 03:17:43,123] {processor.py:153} INFO - Started process (PID=354) to work on /opt/airflow/dags/0-firstdag.py
[2024-05-15 03:17:43,124] {processor.py:641} INFO - Processing file /opt/airflow/dags/0-firstdag.py for tasks to queue
[2024-05-15 03:17:43,125] {logging_mixin.py:115} INFO - [2024-05-15 03:17:43,125] {dagbag.py:508} INFO - Filling up the DagBag from /opt/airflow/dags/0-firstdag.py
[2024-05-15 03:17:43,128] {processor.py:651} INFO - DAG(s) dict_keys(['first_dag']) retrieved from /opt/airflow/dags/0-firstdag.py
[2024-05-15 03:17:43,170] {logging_mixin.py:115} INFO - [2024-05-15 03:17:43,170] {dag.py:2420} INFO - Sync 1 DAGs
[2024-05-15 03:17:43,182] {logging_mixin.py:115} INFO - [2024-05-15 03:17:43,182] {dag.py:2972} INFO - Setting next_dagrun for first_dag to 2023-05-15T00:00:00+00:00, run_after=2023-05-16T00:00:00+00:00
[2024-05-15 03:17:43,194] {processor.py:161} INFO - Processing /opt/airflow/dags/0-firstdag.py took 0.073 seconds
[2024-05-15 03:17:54,173] {processor.py:153} INFO - Started process (PID=364) to work on /opt/airflow/dags/0-firstdag.py
[2024-05-15 03:17:54,174] {processor.py:641} INFO - Processing file /opt/airflow/dags/0-firstdag.py for tasks to queue
[2024-05-15 03:17:54,174] {logging_mixin.py:115} INFO - [2024-05-15 03:17:54,174] {dagbag.py:508} INFO - Filling up the DagBag from /opt/airflow/dags/0-firstdag.py
[2024-05-15 03:17:54,176] {processor.py:651} INFO - DAG(s) dict_keys(['first_dag']) retrieved from /opt/airflow/dags/0-firstdag.py
[2024-05-15 03:17:54,187] {logging_mixin.py:115} INFO - [2024-05-15 03:17:54,187] {dag.py:2420} INFO - Sync 1 DAGs
[2024-05-15 03:17:54,203] {logging_mixin.py:115} INFO - [2024-05-15 03:17:54,203] {dag.py:2972} INFO - Setting next_dagrun for first_dag to 2023-05-15T00:00:00+00:00, run_after=2023-05-15T00:00:00+00:00
[2024-05-15 03:17:54,212] {processor.py:161} INFO - Processing /opt/airflow/dags/0-firstdag.py took 0.041 seconds
[2024-05-15 03:18:13,279] {processor.py:153} INFO - Started process (PID=383) to work on /opt/airflow/dags/0-firstdag.py
[2024-05-15 03:18:13,280] {processor.py:641} INFO - Processing file /opt/airflow/dags/0-firstdag.py for tasks to queue
[2024-05-15 03:18:13,280] {logging_mixin.py:115} INFO - [2024-05-15 03:18:13,280] {dagbag.py:508} INFO - Filling up the DagBag from /opt/airflow/dags/0-firstdag.py
[2024-05-15 03:18:13,283] {processor.py:651} INFO - DAG(s) dict_keys(['first_dag']) retrieved from /opt/airflow/dags/0-firstdag.py
[2024-05-15 03:18:13,320] {logging_mixin.py:115} INFO - [2024-05-15 03:18:13,320] {dag.py:2420} INFO - Sync 1 DAGs
[2024-05-15 03:18:13,332] {logging_mixin.py:115} INFO - [2024-05-15 03:18:13,331] {dag.py:2972} INFO - Setting next_dagrun for first_dag to 2023-05-15T00:00:00+00:00, run_after=2023-05-15T00:00:00+00:00
[2024-05-15 03:18:13,342] {processor.py:161} INFO - Processing /opt/airflow/dags/0-firstdag.py took 0.064 seconds
[2024-05-15 03:18:43,395] {processor.py:153} INFO - Started process (PID=402) to work on /opt/airflow/dags/0-firstdag.py
[2024-05-15 03:18:43,396] {processor.py:641} INFO - Processing file /opt/airflow/dags/0-firstdag.py for tasks to queue
[2024-05-15 03:18:43,396] {logging_mixin.py:115} INFO - [2024-05-15 03:18:43,396] {dagbag.py:508} INFO - Filling up the DagBag from /opt/airflow/dags/0-firstdag.py
[2024-05-15 03:18:43,398] {processor.py:651} INFO - DAG(s) dict_keys(['first_dag']) retrieved from /opt/airflow/dags/0-firstdag.py
[2024-05-15 03:18:43,414] {logging_mixin.py:115} INFO - [2024-05-15 03:18:43,413] {dag.py:2420} INFO - Sync 1 DAGs
[2024-05-15 03:18:43,427] {logging_mixin.py:115} INFO - [2024-05-15 03:18:43,427] {dag.py:2972} INFO - Setting next_dagrun for first_dag to 2023-05-15T00:00:00+00:00, run_after=2023-05-15T00:00:00+00:00
[2024-05-15 03:18:43,435] {processor.py:161} INFO - Processing /opt/airflow/dags/0-firstdag.py took 0.042 seconds
[2024-05-15 03:19:13,504] {processor.py:153} INFO - Started process (PID=430) to work on /opt/airflow/dags/0-firstdag.py
[2024-05-15 03:19:13,504] {processor.py:641} INFO - Processing file /opt/airflow/dags/0-firstdag.py for tasks to queue
[2024-05-15 03:19:13,504] {logging_mixin.py:115} INFO - [2024-05-15 03:19:13,504] {dagbag.py:508} INFO - Filling up the DagBag from /opt/airflow/dags/0-firstdag.py
[2024-05-15 03:19:13,506] {processor.py:651} INFO - DAG(s) dict_keys(['first_dag']) retrieved from /opt/airflow/dags/0-firstdag.py
[2024-05-15 03:19:13,521] {logging_mixin.py:115} INFO - [2024-05-15 03:19:13,521] {dag.py:2420} INFO - Sync 1 DAGs
[2024-05-15 03:19:13,534] {logging_mixin.py:115} INFO - [2024-05-15 03:19:13,534] {dag.py:2972} INFO - Setting next_dagrun for first_dag to 2023-05-15T00:00:00+00:00, run_after=2023-05-15T00:00:00+00:00
[2024-05-15 03:19:13,556] {processor.py:161} INFO - Processing /opt/airflow/dags/0-firstdag.py took 0.054 seconds
[2024-05-15 03:19:43,614] {processor.py:153} INFO - Started process (PID=458) to work on /opt/airflow/dags/0-firstdag.py
[2024-05-15 03:19:43,615] {processor.py:641} INFO - Processing file /opt/airflow/dags/0-firstdag.py for tasks to queue
[2024-05-15 03:19:43,615] {logging_mixin.py:115} INFO - [2024-05-15 03:19:43,615] {dagbag.py:508} INFO - Filling up the DagBag from /opt/airflow/dags/0-firstdag.py
[2024-05-15 03:19:43,617] {processor.py:651} INFO - DAG(s) dict_keys(['first_dag']) retrieved from /opt/airflow/dags/0-firstdag.py
[2024-05-15 03:19:43,632] {logging_mixin.py:115} INFO - [2024-05-15 03:19:43,632] {dag.py:2420} INFO - Sync 1 DAGs
[2024-05-15 03:19:43,644] {logging_mixin.py:115} INFO - [2024-05-15 03:19:43,644] {dag.py:2972} INFO - Setting next_dagrun for first_dag to 2023-05-15T00:00:00+00:00, run_after=2023-05-15T00:00:00+00:00
[2024-05-15 03:19:43,657] {processor.py:161} INFO - Processing /opt/airflow/dags/0-firstdag.py took 0.044 seconds
[2024-05-15 03:20:13,728] {processor.py:153} INFO - Started process (PID=486) to work on /opt/airflow/dags/0-firstdag.py
[2024-05-15 03:20:13,728] {processor.py:641} INFO - Processing file /opt/airflow/dags/0-firstdag.py for tasks to queue
[2024-05-15 03:20:13,729] {logging_mixin.py:115} INFO - [2024-05-15 03:20:13,729] {dagbag.py:508} INFO - Filling up the DagBag from /opt/airflow/dags/0-firstdag.py
[2024-05-15 03:20:13,732] {processor.py:651} INFO - DAG(s) dict_keys(['first_dag']) retrieved from /opt/airflow/dags/0-firstdag.py
[2024-05-15 03:20:13,771] {logging_mixin.py:115} INFO - [2024-05-15 03:20:13,770] {dag.py:2420} INFO - Sync 1 DAGs
[2024-05-15 03:20:13,782] {logging_mixin.py:115} INFO - [2024-05-15 03:20:13,782] {dag.py:2972} INFO - Setting next_dagrun for first_dag to 2023-05-15T00:00:00+00:00, run_after=2023-05-15T00:00:00+00:00
[2024-05-15 03:20:13,793] {processor.py:161} INFO - Processing /opt/airflow/dags/0-firstdag.py took 0.067 seconds
[2024-05-15 03:20:43,848] {processor.py:153} INFO - Started process (PID=514) to work on /opt/airflow/dags/0-firstdag.py
[2024-05-15 03:20:43,848] {processor.py:641} INFO - Processing file /opt/airflow/dags/0-firstdag.py for tasks to queue
[2024-05-15 03:20:43,849] {logging_mixin.py:115} INFO - [2024-05-15 03:20:43,849] {dagbag.py:508} INFO - Filling up the DagBag from /opt/airflow/dags/0-firstdag.py
[2024-05-15 03:20:43,851] {processor.py:651} INFO - DAG(s) dict_keys(['first_dag']) retrieved from /opt/airflow/dags/0-firstdag.py
[2024-05-15 03:20:43,868] {logging_mixin.py:115} INFO - [2024-05-15 03:20:43,868] {dag.py:2420} INFO - Sync 1 DAGs
[2024-05-15 03:20:43,882] {logging_mixin.py:115} INFO - [2024-05-15 03:20:43,881] {dag.py:2972} INFO - Setting next_dagrun for first_dag to None, run_after=None
[2024-05-15 03:20:43,889] {processor.py:161} INFO - Processing /opt/airflow/dags/0-firstdag.py took 0.044 seconds
[2024-05-15 03:21:13,955] {processor.py:153} INFO - Started process (PID=533) to work on /opt/airflow/dags/0-firstdag.py
[2024-05-15 03:21:13,955] {processor.py:641} INFO - Processing file /opt/airflow/dags/0-firstdag.py for tasks to queue
[2024-05-15 03:21:13,955] {logging_mixin.py:115} INFO - [2024-05-15 03:21:13,955] {dagbag.py:508} INFO - Filling up the DagBag from /opt/airflow/dags/0-firstdag.py
[2024-05-15 03:21:13,957] {processor.py:651} INFO - DAG(s) dict_keys(['first_dag']) retrieved from /opt/airflow/dags/0-firstdag.py
[2024-05-15 03:21:13,971] {logging_mixin.py:115} INFO - [2024-05-15 03:21:13,971] {dag.py:2420} INFO - Sync 1 DAGs
[2024-05-15 03:21:13,986] {logging_mixin.py:115} INFO - [2024-05-15 03:21:13,985] {dag.py:2972} INFO - Setting next_dagrun for first_dag to None, run_after=None
[2024-05-15 03:21:13,996] {processor.py:161} INFO - Processing /opt/airflow/dags/0-firstdag.py took 0.043 seconds
[2024-05-15 03:21:44,063] {processor.py:153} INFO - Started process (PID=561) to work on /opt/airflow/dags/0-firstdag.py
[2024-05-15 03:21:44,063] {processor.py:641} INFO - Processing file /opt/airflow/dags/0-firstdag.py for tasks to queue
[2024-05-15 03:21:44,063] {logging_mixin.py:115} INFO - [2024-05-15 03:21:44,063] {dagbag.py:508} INFO - Filling up the DagBag from /opt/airflow/dags/0-firstdag.py
[2024-05-15 03:21:44,065] {processor.py:651} INFO - DAG(s) dict_keys(['first_dag']) retrieved from /opt/airflow/dags/0-firstdag.py
[2024-05-15 03:21:44,080] {logging_mixin.py:115} INFO - [2024-05-15 03:21:44,080] {dag.py:2420} INFO - Sync 1 DAGs
[2024-05-15 03:21:44,092] {logging_mixin.py:115} INFO - [2024-05-15 03:21:44,092] {dag.py:2972} INFO - Setting next_dagrun for first_dag to None, run_after=None
[2024-05-15 03:21:44,099] {processor.py:161} INFO - Processing /opt/airflow/dags/0-firstdag.py took 0.038 seconds
[2024-05-15 03:22:14,174] {processor.py:153} INFO - Started process (PID=589) to work on /opt/airflow/dags/0-firstdag.py
[2024-05-15 03:22:14,174] {processor.py:641} INFO - Processing file /opt/airflow/dags/0-firstdag.py for tasks to queue
[2024-05-15 03:22:14,175] {logging_mixin.py:115} INFO - [2024-05-15 03:22:14,175] {dagbag.py:508} INFO - Filling up the DagBag from /opt/airflow/dags/0-firstdag.py
[2024-05-15 03:22:14,177] {processor.py:651} INFO - DAG(s) dict_keys(['first_dag']) retrieved from /opt/airflow/dags/0-firstdag.py
[2024-05-15 03:22:14,194] {logging_mixin.py:115} INFO - [2024-05-15 03:22:14,194] {dag.py:2420} INFO - Sync 1 DAGs
[2024-05-15 03:22:14,208] {logging_mixin.py:115} INFO - [2024-05-15 03:22:14,208] {dag.py:2972} INFO - Setting next_dagrun for first_dag to None, run_after=None
[2024-05-15 03:22:14,216] {processor.py:161} INFO - Processing /opt/airflow/dags/0-firstdag.py took 0.044 seconds
[2024-05-15 03:22:44,288] {processor.py:153} INFO - Started process (PID=617) to work on /opt/airflow/dags/0-firstdag.py
[2024-05-15 03:22:44,289] {processor.py:641} INFO - Processing file /opt/airflow/dags/0-firstdag.py for tasks to queue
[2024-05-15 03:22:44,289] {logging_mixin.py:115} INFO - [2024-05-15 03:22:44,289] {dagbag.py:508} INFO - Filling up the DagBag from /opt/airflow/dags/0-firstdag.py
[2024-05-15 03:22:44,291] {processor.py:651} INFO - DAG(s) dict_keys(['first_dag']) retrieved from /opt/airflow/dags/0-firstdag.py
[2024-05-15 03:22:44,308] {logging_mixin.py:115} INFO - [2024-05-15 03:22:44,307] {dag.py:2420} INFO - Sync 1 DAGs
[2024-05-15 03:22:44,321] {logging_mixin.py:115} INFO - [2024-05-15 03:22:44,321] {dag.py:2972} INFO - Setting next_dagrun for first_dag to None, run_after=None
[2024-05-15 03:22:44,329] {processor.py:161} INFO - Processing /opt/airflow/dags/0-firstdag.py took 0.042 seconds
[2024-05-15 03:23:14,396] {processor.py:153} INFO - Started process (PID=635) to work on /opt/airflow/dags/0-firstdag.py
[2024-05-15 03:23:14,396] {processor.py:641} INFO - Processing file /opt/airflow/dags/0-firstdag.py for tasks to queue
[2024-05-15 03:23:14,397] {logging_mixin.py:115} INFO - [2024-05-15 03:23:14,397] {dagbag.py:508} INFO - Filling up the DagBag from /opt/airflow/dags/0-firstdag.py
[2024-05-15 03:23:14,399] {processor.py:651} INFO - DAG(s) dict_keys(['first_dag']) retrieved from /opt/airflow/dags/0-firstdag.py
[2024-05-15 03:23:14,416] {logging_mixin.py:115} INFO - [2024-05-15 03:23:14,416] {dag.py:2420} INFO - Sync 1 DAGs
[2024-05-15 03:23:14,429] {logging_mixin.py:115} INFO - [2024-05-15 03:23:14,429] {dag.py:2972} INFO - Setting next_dagrun for first_dag to None, run_after=None
[2024-05-15 03:23:14,437] {processor.py:161} INFO - Processing /opt/airflow/dags/0-firstdag.py took 0.043 seconds
[2024-05-15 03:23:44,515] {processor.py:153} INFO - Started process (PID=663) to work on /opt/airflow/dags/0-firstdag.py
[2024-05-15 03:23:44,516] {processor.py:641} INFO - Processing file /opt/airflow/dags/0-firstdag.py for tasks to queue
[2024-05-15 03:23:44,516] {logging_mixin.py:115} INFO - [2024-05-15 03:23:44,516] {dagbag.py:508} INFO - Filling up the DagBag from /opt/airflow/dags/0-firstdag.py
[2024-05-15 03:23:44,518] {processor.py:651} INFO - DAG(s) dict_keys(['first_dag']) retrieved from /opt/airflow/dags/0-firstdag.py
[2024-05-15 03:23:44,535] {logging_mixin.py:115} INFO - [2024-05-15 03:23:44,535] {dag.py:2420} INFO - Sync 1 DAGs
[2024-05-15 03:23:44,551] {logging_mixin.py:115} INFO - [2024-05-15 03:23:44,551] {dag.py:2972} INFO - Setting next_dagrun for first_dag to None, run_after=None
[2024-05-15 03:23:44,559] {processor.py:161} INFO - Processing /opt/airflow/dags/0-firstdag.py took 0.046 seconds
[2024-05-15 03:24:14,626] {processor.py:153} INFO - Started process (PID=691) to work on /opt/airflow/dags/0-firstdag.py
[2024-05-15 03:24:14,626] {processor.py:641} INFO - Processing file /opt/airflow/dags/0-firstdag.py for tasks to queue
[2024-05-15 03:24:14,626] {logging_mixin.py:115} INFO - [2024-05-15 03:24:14,626] {dagbag.py:508} INFO - Filling up the DagBag from /opt/airflow/dags/0-firstdag.py
[2024-05-15 03:24:14,629] {processor.py:651} INFO - DAG(s) dict_keys(['first_dag']) retrieved from /opt/airflow/dags/0-firstdag.py
[2024-05-15 03:24:14,645] {logging_mixin.py:115} INFO - [2024-05-15 03:24:14,645] {dag.py:2420} INFO - Sync 1 DAGs
[2024-05-15 03:24:14,663] {logging_mixin.py:115} INFO - [2024-05-15 03:24:14,663] {dag.py:2972} INFO - Setting next_dagrun for first_dag to None, run_after=None
[2024-05-15 03:24:14,671] {processor.py:161} INFO - Processing /opt/airflow/dags/0-firstdag.py took 0.048 seconds
[2024-05-15 03:24:44,741] {processor.py:153} INFO - Started process (PID=720) to work on /opt/airflow/dags/0-firstdag.py
[2024-05-15 03:24:44,742] {processor.py:641} INFO - Processing file /opt/airflow/dags/0-firstdag.py for tasks to queue
[2024-05-15 03:24:44,743] {logging_mixin.py:115} INFO - [2024-05-15 03:24:44,742] {dagbag.py:508} INFO - Filling up the DagBag from /opt/airflow/dags/0-firstdag.py
[2024-05-15 03:24:44,746] {processor.py:651} INFO - DAG(s) dict_keys(['first_dag']) retrieved from /opt/airflow/dags/0-firstdag.py
[2024-05-15 03:24:44,763] {logging_mixin.py:115} INFO - [2024-05-15 03:24:44,763] {dag.py:2420} INFO - Sync 1 DAGs
[2024-05-15 03:24:44,778] {logging_mixin.py:115} INFO - [2024-05-15 03:24:44,778] {dag.py:2972} INFO - Setting next_dagrun for first_dag to None, run_after=None
[2024-05-15 03:24:44,786] {processor.py:161} INFO - Processing /opt/airflow/dags/0-firstdag.py took 0.047 seconds
[2024-05-15 03:25:14,877] {processor.py:153} INFO - Started process (PID=751) to work on /opt/airflow/dags/0-firstdag.py
[2024-05-15 03:25:14,878] {processor.py:641} INFO - Processing file /opt/airflow/dags/0-firstdag.py for tasks to queue
[2024-05-15 03:25:14,878] {logging_mixin.py:115} INFO - [2024-05-15 03:25:14,878] {dagbag.py:508} INFO - Filling up the DagBag from /opt/airflow/dags/0-firstdag.py
[2024-05-15 03:25:14,880] {processor.py:651} INFO - DAG(s) dict_keys(['first_dag']) retrieved from /opt/airflow/dags/0-firstdag.py
[2024-05-15 03:25:14,899] {logging_mixin.py:115} INFO - [2024-05-15 03:25:14,899] {dag.py:2420} INFO - Sync 1 DAGs
[2024-05-15 03:25:14,913] {logging_mixin.py:115} INFO - [2024-05-15 03:25:14,913] {dag.py:2972} INFO - Setting next_dagrun for first_dag to None, run_after=None
[2024-05-15 03:25:14,920] {processor.py:161} INFO - Processing /opt/airflow/dags/0-firstdag.py took 0.045 seconds
[2024-05-15 03:25:45,018] {processor.py:153} INFO - Started process (PID=770) to work on /opt/airflow/dags/0-firstdag.py
[2024-05-15 03:25:45,019] {processor.py:641} INFO - Processing file /opt/airflow/dags/0-firstdag.py for tasks to queue
[2024-05-15 03:25:45,019] {logging_mixin.py:115} INFO - [2024-05-15 03:25:45,019] {dagbag.py:508} INFO - Filling up the DagBag from /opt/airflow/dags/0-firstdag.py
[2024-05-15 03:25:45,021] {processor.py:651} INFO - DAG(s) dict_keys(['first_dag']) retrieved from /opt/airflow/dags/0-firstdag.py
[2024-05-15 03:25:45,038] {logging_mixin.py:115} INFO - [2024-05-15 03:25:45,037] {dag.py:2420} INFO - Sync 1 DAGs
[2024-05-15 03:25:45,050] {logging_mixin.py:115} INFO - [2024-05-15 03:25:45,050] {dag.py:2972} INFO - Setting next_dagrun for first_dag to None, run_after=None
[2024-05-15 03:25:45,058] {processor.py:161} INFO - Processing /opt/airflow/dags/0-firstdag.py took 0.041 seconds
[2024-05-15 03:26:15,148] {processor.py:153} INFO - Started process (PID=799) to work on /opt/airflow/dags/0-firstdag.py
[2024-05-15 03:26:15,148] {processor.py:641} INFO - Processing file /opt/airflow/dags/0-firstdag.py for tasks to queue
[2024-05-15 03:26:15,149] {logging_mixin.py:115} INFO - [2024-05-15 03:26:15,149] {dagbag.py:508} INFO - Filling up the DagBag from /opt/airflow/dags/0-firstdag.py
[2024-05-15 03:26:15,152] {processor.py:651} INFO - DAG(s) dict_keys(['first_dag']) retrieved from /opt/airflow/dags/0-firstdag.py
[2024-05-15 03:26:15,169] {logging_mixin.py:115} INFO - [2024-05-15 03:26:15,169] {dag.py:2420} INFO - Sync 1 DAGs
[2024-05-15 03:26:15,183] {logging_mixin.py:115} INFO - [2024-05-15 03:26:15,183] {dag.py:2972} INFO - Setting next_dagrun for first_dag to None, run_after=None
[2024-05-15 03:26:15,191] {processor.py:161} INFO - Processing /opt/airflow/dags/0-firstdag.py took 0.046 seconds
[2024-05-15 03:26:45,303] {processor.py:153} INFO - Started process (PID=828) to work on /opt/airflow/dags/0-firstdag.py
[2024-05-15 03:26:45,303] {processor.py:641} INFO - Processing file /opt/airflow/dags/0-firstdag.py for tasks to queue
[2024-05-15 03:26:45,304] {logging_mixin.py:115} INFO - [2024-05-15 03:26:45,304] {dagbag.py:508} INFO - Filling up the DagBag from /opt/airflow/dags/0-firstdag.py
[2024-05-15 03:26:45,306] {processor.py:651} INFO - DAG(s) dict_keys(['first_dag']) retrieved from /opt/airflow/dags/0-firstdag.py
[2024-05-15 03:26:45,327] {logging_mixin.py:115} INFO - [2024-05-15 03:26:45,327] {dag.py:2420} INFO - Sync 1 DAGs
[2024-05-15 03:26:45,341] {logging_mixin.py:115} INFO - [2024-05-15 03:26:45,341] {dag.py:2972} INFO - Setting next_dagrun for first_dag to None, run_after=None
[2024-05-15 03:26:45,348] {processor.py:161} INFO - Processing /opt/airflow/dags/0-firstdag.py took 0.048 seconds
[2024-05-15 03:27:15,450] {processor.py:153} INFO - Started process (PID=857) to work on /opt/airflow/dags/0-firstdag.py
[2024-05-15 03:27:15,450] {processor.py:641} INFO - Processing file /opt/airflow/dags/0-firstdag.py for tasks to queue
[2024-05-15 03:27:15,451] {logging_mixin.py:115} INFO - [2024-05-15 03:27:15,451] {dagbag.py:508} INFO - Filling up the DagBag from /opt/airflow/dags/0-firstdag.py
[2024-05-15 03:27:15,453] {processor.py:651} INFO - DAG(s) dict_keys(['first_dag']) retrieved from /opt/airflow/dags/0-firstdag.py
[2024-05-15 03:27:15,467] {logging_mixin.py:115} INFO - [2024-05-15 03:27:15,467] {dag.py:2420} INFO - Sync 1 DAGs
[2024-05-15 03:27:15,479] {logging_mixin.py:115} INFO - [2024-05-15 03:27:15,479] {dag.py:2972} INFO - Setting next_dagrun for first_dag to None, run_after=None
[2024-05-15 03:27:15,487] {processor.py:161} INFO - Processing /opt/airflow/dags/0-firstdag.py took 0.039 seconds
[2024-05-15 03:27:45,585] {processor.py:153} INFO - Started process (PID=886) to work on /opt/airflow/dags/0-firstdag.py
[2024-05-15 03:27:45,586] {processor.py:641} INFO - Processing file /opt/airflow/dags/0-firstdag.py for tasks to queue
[2024-05-15 03:27:45,586] {logging_mixin.py:115} INFO - [2024-05-15 03:27:45,586] {dagbag.py:508} INFO - Filling up the DagBag from /opt/airflow/dags/0-firstdag.py
[2024-05-15 03:27:45,588] {processor.py:651} INFO - DAG(s) dict_keys(['first_dag']) retrieved from /opt/airflow/dags/0-firstdag.py
[2024-05-15 03:27:45,604] {logging_mixin.py:115} INFO - [2024-05-15 03:27:45,604] {dag.py:2420} INFO - Sync 1 DAGs
[2024-05-15 03:27:45,617] {logging_mixin.py:115} INFO - [2024-05-15 03:27:45,617] {dag.py:2972} INFO - Setting next_dagrun for first_dag to None, run_after=None
[2024-05-15 03:27:45,624] {processor.py:161} INFO - Processing /opt/airflow/dags/0-firstdag.py took 0.041 seconds
[2024-05-15 03:28:15,724] {processor.py:153} INFO - Started process (PID=906) to work on /opt/airflow/dags/0-firstdag.py
[2024-05-15 03:28:15,724] {processor.py:641} INFO - Processing file /opt/airflow/dags/0-firstdag.py for tasks to queue
[2024-05-15 03:28:15,725] {logging_mixin.py:115} INFO - [2024-05-15 03:28:15,724] {dagbag.py:508} INFO - Filling up the DagBag from /opt/airflow/dags/0-firstdag.py
[2024-05-15 03:28:15,727] {processor.py:651} INFO - DAG(s) dict_keys(['first_dag']) retrieved from /opt/airflow/dags/0-firstdag.py
[2024-05-15 03:28:15,742] {logging_mixin.py:115} INFO - [2024-05-15 03:28:15,742] {dag.py:2420} INFO - Sync 1 DAGs
[2024-05-15 03:28:15,755] {logging_mixin.py:115} INFO - [2024-05-15 03:28:15,755] {dag.py:2972} INFO - Setting next_dagrun for first_dag to None, run_after=None
[2024-05-15 03:28:15,764] {processor.py:161} INFO - Processing /opt/airflow/dags/0-firstdag.py took 0.042 seconds
[2024-05-15 03:28:45,880] {processor.py:153} INFO - Started process (PID=935) to work on /opt/airflow/dags/0-firstdag.py
[2024-05-15 03:28:45,880] {processor.py:641} INFO - Processing file /opt/airflow/dags/0-firstdag.py for tasks to queue
[2024-05-15 03:28:45,880] {logging_mixin.py:115} INFO - [2024-05-15 03:28:45,880] {dagbag.py:508} INFO - Filling up the DagBag from /opt/airflow/dags/0-firstdag.py
[2024-05-15 03:28:45,883] {processor.py:651} INFO - DAG(s) dict_keys(['first_dag']) retrieved from /opt/airflow/dags/0-firstdag.py
[2024-05-15 03:28:45,901] {logging_mixin.py:115} INFO - [2024-05-15 03:28:45,901] {dag.py:2420} INFO - Sync 1 DAGs
[2024-05-15 03:28:45,914] {logging_mixin.py:115} INFO - [2024-05-15 03:28:45,914] {dag.py:2972} INFO - Setting next_dagrun for first_dag to None, run_after=None
[2024-05-15 03:28:45,922] {processor.py:161} INFO - Processing /opt/airflow/dags/0-firstdag.py took 0.045 seconds
[2024-05-15 03:29:16,021] {processor.py:153} INFO - Started process (PID=964) to work on /opt/airflow/dags/0-firstdag.py
[2024-05-15 03:29:16,022] {processor.py:641} INFO - Processing file /opt/airflow/dags/0-firstdag.py for tasks to queue
[2024-05-15 03:29:16,022] {logging_mixin.py:115} INFO - [2024-05-15 03:29:16,022] {dagbag.py:508} INFO - Filling up the DagBag from /opt/airflow/dags/0-firstdag.py
[2024-05-15 03:29:16,025] {processor.py:651} INFO - DAG(s) dict_keys(['first_dag']) retrieved from /opt/airflow/dags/0-firstdag.py
[2024-05-15 03:29:16,041] {logging_mixin.py:115} INFO - [2024-05-15 03:29:16,041] {dag.py:2420} INFO - Sync 1 DAGs
[2024-05-15 03:29:16,056] {logging_mixin.py:115} INFO - [2024-05-15 03:29:16,056] {dag.py:2972} INFO - Setting next_dagrun for first_dag to None, run_after=None
[2024-05-15 03:29:16,066] {processor.py:161} INFO - Processing /opt/airflow/dags/0-firstdag.py took 0.047 seconds
[2024-05-15 03:29:46,188] {processor.py:153} INFO - Started process (PID=994) to work on /opt/airflow/dags/0-firstdag.py
[2024-05-15 03:29:46,189] {processor.py:641} INFO - Processing file /opt/airflow/dags/0-firstdag.py for tasks to queue
[2024-05-15 03:29:46,189] {logging_mixin.py:115} INFO - [2024-05-15 03:29:46,189] {dagbag.py:508} INFO - Filling up the DagBag from /opt/airflow/dags/0-firstdag.py
[2024-05-15 03:29:46,191] {processor.py:651} INFO - DAG(s) dict_keys(['first_dag']) retrieved from /opt/airflow/dags/0-firstdag.py
[2024-05-15 03:29:46,208] {logging_mixin.py:115} INFO - [2024-05-15 03:29:46,208] {dag.py:2420} INFO - Sync 1 DAGs
[2024-05-15 03:29:46,223] {logging_mixin.py:115} INFO - [2024-05-15 03:29:46,223] {dag.py:2972} INFO - Setting next_dagrun for first_dag to None, run_after=None
[2024-05-15 03:29:46,231] {processor.py:161} INFO - Processing /opt/airflow/dags/0-firstdag.py took 0.045 seconds
[2024-05-15 03:30:16,367] {processor.py:153} INFO - Started process (PID=1016) to work on /opt/airflow/dags/0-firstdag.py
[2024-05-15 03:30:16,368] {processor.py:641} INFO - Processing file /opt/airflow/dags/0-firstdag.py for tasks to queue
[2024-05-15 03:30:16,369] {logging_mixin.py:115} INFO - [2024-05-15 03:30:16,369] {dagbag.py:508} INFO - Filling up the DagBag from /opt/airflow/dags/0-firstdag.py
[2024-05-15 03:30:16,372] {processor.py:651} INFO - DAG(s) dict_keys(['first_dag']) retrieved from /opt/airflow/dags/0-firstdag.py
[2024-05-15 03:30:16,388] {logging_mixin.py:115} INFO - [2024-05-15 03:30:16,388] {dag.py:2420} INFO - Sync 1 DAGs
[2024-05-15 03:30:16,400] {logging_mixin.py:115} INFO - [2024-05-15 03:30:16,400] {dag.py:2972} INFO - Setting next_dagrun for first_dag to None, run_after=None
[2024-05-15 03:30:16,412] {processor.py:161} INFO - Processing /opt/airflow/dags/0-firstdag.py took 0.048 seconds
[2024-05-15 03:30:46,539] {processor.py:153} INFO - Started process (PID=1046) to work on /opt/airflow/dags/0-firstdag.py
[2024-05-15 03:30:46,539] {processor.py:641} INFO - Processing file /opt/airflow/dags/0-firstdag.py for tasks to queue
[2024-05-15 03:30:46,540] {logging_mixin.py:115} INFO - [2024-05-15 03:30:46,540] {dagbag.py:508} INFO - Filling up the DagBag from /opt/airflow/dags/0-firstdag.py
[2024-05-15 03:30:46,543] {processor.py:651} INFO - DAG(s) dict_keys(['first_dag']) retrieved from /opt/airflow/dags/0-firstdag.py
[2024-05-15 03:30:46,560] {logging_mixin.py:115} INFO - [2024-05-15 03:30:46,560] {dag.py:2420} INFO - Sync 1 DAGs
[2024-05-15 03:30:46,573] {logging_mixin.py:115} INFO - [2024-05-15 03:30:46,573] {dag.py:2972} INFO - Setting next_dagrun for first_dag to None, run_after=None
[2024-05-15 03:30:46,581] {processor.py:161} INFO - Processing /opt/airflow/dags/0-firstdag.py took 0.045 seconds
[2024-05-15 03:31:16,700] {processor.py:153} INFO - Started process (PID=1076) to work on /opt/airflow/dags/0-firstdag.py
[2024-05-15 03:31:16,700] {processor.py:641} INFO - Processing file /opt/airflow/dags/0-firstdag.py for tasks to queue
[2024-05-15 03:31:16,701] {logging_mixin.py:115} INFO - [2024-05-15 03:31:16,701] {dagbag.py:508} INFO - Filling up the DagBag from /opt/airflow/dags/0-firstdag.py
[2024-05-15 03:31:16,704] {processor.py:651} INFO - DAG(s) dict_keys(['first_dag']) retrieved from /opt/airflow/dags/0-firstdag.py
[2024-05-15 03:31:16,721] {logging_mixin.py:115} INFO - [2024-05-15 03:31:16,721] {dag.py:2420} INFO - Sync 1 DAGs
[2024-05-15 03:31:16,735] {logging_mixin.py:115} INFO - [2024-05-15 03:31:16,734] {dag.py:2972} INFO - Setting next_dagrun for first_dag to None, run_after=None
[2024-05-15 03:31:16,742] {processor.py:161} INFO - Processing /opt/airflow/dags/0-firstdag.py took 0.044 seconds
[2024-05-15 03:31:46,862] {processor.py:153} INFO - Started process (PID=1106) to work on /opt/airflow/dags/0-firstdag.py
[2024-05-15 03:31:46,862] {processor.py:641} INFO - Processing file /opt/airflow/dags/0-firstdag.py for tasks to queue
[2024-05-15 03:31:46,863] {logging_mixin.py:115} INFO - [2024-05-15 03:31:46,863] {dagbag.py:508} INFO - Filling up the DagBag from /opt/airflow/dags/0-firstdag.py
[2024-05-15 03:31:46,865] {processor.py:651} INFO - DAG(s) dict_keys(['first_dag']) retrieved from /opt/airflow/dags/0-firstdag.py
[2024-05-15 03:31:46,883] {logging_mixin.py:115} INFO - [2024-05-15 03:31:46,882] {dag.py:2420} INFO - Sync 1 DAGs
[2024-05-15 03:31:46,896] {logging_mixin.py:115} INFO - [2024-05-15 03:31:46,896] {dag.py:2972} INFO - Setting next_dagrun for first_dag to None, run_after=None
[2024-05-15 03:31:46,905] {processor.py:161} INFO - Processing /opt/airflow/dags/0-firstdag.py took 0.046 seconds
[2024-05-15 03:32:17,031] {processor.py:153} INFO - Started process (PID=1136) to work on /opt/airflow/dags/0-firstdag.py
[2024-05-15 03:32:17,031] {processor.py:641} INFO - Processing file /opt/airflow/dags/0-firstdag.py for tasks to queue
[2024-05-15 03:32:17,032] {logging_mixin.py:115} INFO - [2024-05-15 03:32:17,032] {dagbag.py:508} INFO - Filling up the DagBag from /opt/airflow/dags/0-firstdag.py
[2024-05-15 03:32:17,034] {processor.py:651} INFO - DAG(s) dict_keys(['first_dag']) retrieved from /opt/airflow/dags/0-firstdag.py
[2024-05-15 03:32:17,051] {logging_mixin.py:115} INFO - [2024-05-15 03:32:17,051] {dag.py:2420} INFO - Sync 1 DAGs
[2024-05-15 03:32:17,066] {logging_mixin.py:115} INFO - [2024-05-15 03:32:17,065] {dag.py:2972} INFO - Setting next_dagrun for first_dag to None, run_after=None
[2024-05-15 03:32:17,074] {processor.py:161} INFO - Processing /opt/airflow/dags/0-firstdag.py took 0.046 seconds
[2024-05-15 03:32:47,198] {processor.py:153} INFO - Started process (PID=1157) to work on /opt/airflow/dags/0-firstdag.py
[2024-05-15 03:32:47,198] {processor.py:641} INFO - Processing file /opt/airflow/dags/0-firstdag.py for tasks to queue
[2024-05-15 03:32:47,199] {logging_mixin.py:115} INFO - [2024-05-15 03:32:47,199] {dagbag.py:508} INFO - Filling up the DagBag from /opt/airflow/dags/0-firstdag.py
[2024-05-15 03:32:47,201] {processor.py:651} INFO - DAG(s) dict_keys(['first_dag']) retrieved from /opt/airflow/dags/0-firstdag.py
[2024-05-15 03:32:47,219] {logging_mixin.py:115} INFO - [2024-05-15 03:32:47,219] {dag.py:2420} INFO - Sync 1 DAGs
[2024-05-15 03:32:47,234] {logging_mixin.py:115} INFO - [2024-05-15 03:32:47,234] {dag.py:2972} INFO - Setting next_dagrun for first_dag to None, run_after=None
[2024-05-15 03:32:47,246] {processor.py:161} INFO - Processing /opt/airflow/dags/0-firstdag.py took 0.050 seconds
[2024-05-15 03:33:17,366] {processor.py:153} INFO - Started process (PID=1187) to work on /opt/airflow/dags/0-firstdag.py
[2024-05-15 03:33:17,366] {processor.py:641} INFO - Processing file /opt/airflow/dags/0-firstdag.py for tasks to queue
[2024-05-15 03:33:17,366] {logging_mixin.py:115} INFO - [2024-05-15 03:33:17,366] {dagbag.py:508} INFO - Filling up the DagBag from /opt/airflow/dags/0-firstdag.py
[2024-05-15 03:33:17,369] {processor.py:651} INFO - DAG(s) dict_keys(['first_dag']) retrieved from /opt/airflow/dags/0-firstdag.py
[2024-05-15 03:33:17,385] {logging_mixin.py:115} INFO - [2024-05-15 03:33:17,385] {dag.py:2420} INFO - Sync 1 DAGs
[2024-05-15 03:33:17,398] {logging_mixin.py:115} INFO - [2024-05-15 03:33:17,398] {dag.py:2972} INFO - Setting next_dagrun for first_dag to None, run_after=None
[2024-05-15 03:33:17,405] {processor.py:161} INFO - Processing /opt/airflow/dags/0-firstdag.py took 0.042 seconds
[2024-05-15 03:33:47,529] {processor.py:153} INFO - Started process (PID=1217) to work on /opt/airflow/dags/0-firstdag.py
[2024-05-15 03:33:47,530] {processor.py:641} INFO - Processing file /opt/airflow/dags/0-firstdag.py for tasks to queue
[2024-05-15 03:33:47,530] {logging_mixin.py:115} INFO - [2024-05-15 03:33:47,530] {dagbag.py:508} INFO - Filling up the DagBag from /opt/airflow/dags/0-firstdag.py
[2024-05-15 03:33:47,532] {processor.py:651} INFO - DAG(s) dict_keys(['first_dag']) retrieved from /opt/airflow/dags/0-firstdag.py
[2024-05-15 03:33:47,550] {logging_mixin.py:115} INFO - [2024-05-15 03:33:47,550] {dag.py:2420} INFO - Sync 1 DAGs
[2024-05-15 03:33:47,564] {logging_mixin.py:115} INFO - [2024-05-15 03:33:47,564] {dag.py:2972} INFO - Setting next_dagrun for first_dag to None, run_after=None
[2024-05-15 03:33:47,571] {processor.py:161} INFO - Processing /opt/airflow/dags/0-firstdag.py took 0.044 seconds
[2024-05-15 03:34:17,687] {processor.py:153} INFO - Started process (PID=1247) to work on /opt/airflow/dags/0-firstdag.py
[2024-05-15 03:34:17,687] {processor.py:641} INFO - Processing file /opt/airflow/dags/0-firstdag.py for tasks to queue
[2024-05-15 03:34:17,688] {logging_mixin.py:115} INFO - [2024-05-15 03:34:17,688] {dagbag.py:508} INFO - Filling up the DagBag from /opt/airflow/dags/0-firstdag.py
[2024-05-15 03:34:17,690] {processor.py:651} INFO - DAG(s) dict_keys(['first_dag']) retrieved from /opt/airflow/dags/0-firstdag.py
[2024-05-15 03:34:17,705] {logging_mixin.py:115} INFO - [2024-05-15 03:34:17,705] {dag.py:2420} INFO - Sync 1 DAGs
[2024-05-15 03:34:17,718] {logging_mixin.py:115} INFO - [2024-05-15 03:34:17,718] {dag.py:2972} INFO - Setting next_dagrun for first_dag to None, run_after=None
[2024-05-15 03:34:17,725] {processor.py:161} INFO - Processing /opt/airflow/dags/0-firstdag.py took 0.041 seconds
